[32m[DEBUG] [1620761869.813760175]: Done Initializing start point: 
----------
Node: 
	ID: (0,0)
	Cost: 
		G: 0.000000
		H:0.000000
		F:0.000000
	Parent:(0,0)
----------[0m
[32m[DEBUG] [1620761869.824988802]: Tracing back path[0m
[32m[DEBUG] [1620761869.825066065]: Adding node: 
----------
Node: 
	ID: (71,58)
	Cost: 
		G: 0.000000
		H:0.000000
		F:0.000000
	Parent:(32654,-691707896)
----------[0m
[32m[DEBUG] [1620761869.825108197]: Adding node: 
----------
Node: 
	ID: (32654,-691707896)
	Cost: 
		G: -108508255092736.000000
		H:0.000000
		F:-108508255092736.000000
	Parent:(32654,-691707912)
----------[0m
[32m[DEBUG] [1620761869.825140219]: Adding node: 
----------
Node: 
	ID: (32654,-691707912)
	Cost: 
		G: -108508120875008.000000
		H:0.000000
		F:-108508120875008.000000
	Parent:(32654,-691707928)
----------[0m
[32m[DEBUG] [1620761869.825169845]: Adding node: 
----------
Node: 
	ID: (32654,-691707928)
	Cost: 
		G: -108507986657280.000000
		H:0.000000
		F:-108507986657280.000000
	Parent:(32654,-691707944)
----------[0m
[32m[DEBUG] [1620761869.825437316]: Adding node: 
----------
Node: 
	ID: (32654,-691707944)
	Cost: 
		G: -108507852439552.000000
		H:0.000000
		F:-108507852439552.000000
	Parent:(32654,-691707960)
----------[0m
[32m[DEBUG] [1620761869.825489330]: Adding node: 
----------
Node: 
	ID: (32654,-691707960)
	Cost: 
		G: -108507718221824.000000
		H:0.000000
		F:-108507718221824.000000
	Parent:(32654,-691707976)
----------[0m
[32m[DEBUG] [1620761869.825522821]: Adding node: 
----------
Node: 
	ID: (32654,-691707976)
	Cost: 
		G: -108507584004096.000000
		H:0.000000
		F:-108507584004096.000000
	Parent:(32654,-691707992)
----------[0m
[32m[DEBUG] [1620761869.825552447]: Adding node: 
----------
Node: 
	ID: (32654,-691707992)
	Cost: 
		G: -108507449786368.000000
		H:0.000000
		F:-108507449786368.000000
	Parent:(32654,-691708008)
----------[0m
[32m[DEBUG] [1620761869.825580699]: Adding node: 
----------
Node: 
	ID: (32654,-691708008)
	Cost: 
		G: -108507315568640.000000
		H:0.000000
		F:-108507315568640.000000
	Parent:(32654,-691708024)
----------[0m
[32m[DEBUG] [1620761869.825668032]: Adding node: 
----------
Node: 
	ID: (32654,-691708024)
	Cost: 
		G: -108507181350912.000000
		H:0.000000
		F:-108507181350912.000000
	Parent:(32654,-691708040)
----------[0m
[32m[DEBUG] [1620761869.825698709]: Adding node: 
----------
Node: 
	ID: (32654,-691708040)
	Cost: 
		G: -108507047133184.000000
		H:0.000000
		F:-108507047133184.000000
	Parent:(32654,-691708056)
----------[0m
[32m[DEBUG] [1620761869.825726515]: Adding node: 
----------
Node: 
	ID: (32654,-691708056)
	Cost: 
		G: -108506912915456.000000
		H:0.000000
		F:-108506912915456.000000
	Parent:(32654,-691708072)
----------[0m
[32m[DEBUG] [1620761869.825753960]: Adding node: 
----------
Node: 
	ID: (32654,-691708072)
	Cost: 
		G: -108506778697728.000000
		H:0.000000
		F:-108506778697728.000000
	Parent:(32654,-691708088)
----------[0m
[32m[DEBUG] [1620761869.825781019]: Adding node: 
----------
Node: 
	ID: (32654,-691708088)
	Cost: 
		G: -108506644480000.000000
		H:0.000000
		F:-108506644480000.000000
	Parent:(32654,-691708104)
----------[0m
[32m[DEBUG] [1620761869.825808076]: Adding node: 
----------
Node: 
	ID: (32654,-691708104)
	Cost: 
		G: -108506510262272.000000
		H:0.000000
		F:-108506510262272.000000
	Parent:(32654,-691708120)
----------[0m
[32m[DEBUG] [1620761869.825835172]: Adding node: 
----------
Node: 
	ID: (32654,-691708120)
	Cost: 
		G: -108506376044544.000000
		H:0.000000
		F:-108506376044544.000000
	Parent:(32654,-691708136)
----------[0m
[32m[DEBUG] [1620761869.825862141]: Adding node: 
----------
Node: 
	ID: (32654,-691708136)
	Cost: 
		G: -108506241826816.000000
		H:0.000000
		F:-108506241826816.000000
	Parent:(32654,-691708152)
----------[0m
[32m[DEBUG] [1620761869.825890285]: Adding node: 
----------
Node: 
	ID: (32654,-691708152)
	Cost: 
		G: -108506107609088.000000
		H:0.000000
		F:-108506107609088.000000
	Parent:(32654,-691708168)
----------[0m
[32m[DEBUG] [1620761869.825917547]: Adding node: 
----------
Node: 
	ID: (32654,-691708168)
	Cost: 
		G: -108505973391360.000000
		H:0.000000
		F:-108505973391360.000000
	Parent:(32654,-691708184)
----------[0m
[32m[DEBUG] [1620761869.825975125]: Adding node: 
----------
Node: 
	ID: (32654,-691708184)
	Cost: 
		G: -108505839173632.000000
		H:0.000000
		F:-108505839173632.000000
	Parent:(32654,-691708200)
----------[0m
[32m[DEBUG] [1620761869.826004145]: Adding node: 
----------
Node: 
	ID: (32654,-691708200)
	Cost: 
		G: -108505704955904.000000
		H:0.000000
		F:-108505704955904.000000
	Parent:(32654,-691708216)
----------[0m
[32m[DEBUG] [1620761869.826031862]: Adding node: 
----------
Node: 
	ID: (32654,-691708216)
	Cost: 
		G: -108505570738176.000000
		H:0.000000
		F:-108505570738176.000000
	Parent:(32654,-691708232)
----------[0m
[32m[DEBUG] [1620761869.826059064]: Adding node: 
----------
Node: 
	ID: (32654,-691708232)
	Cost: 
		G: -108505436520448.000000
		H:0.000000
		F:-108505436520448.000000
	Parent:(32654,-691708248)
----------[0m
[32m[DEBUG] [1620761869.826086078]: Adding node: 
----------
Node: 
	ID: (32654,-691708248)
	Cost: 
		G: -108505302302720.000000
		H:0.000000
		F:-108505302302720.000000
	Parent:(32654,-691708264)
----------[0m
[32m[DEBUG] [1620761869.826113185]: Adding node: 
----------
Node: 
	ID: (32654,-691708264)
	Cost: 
		G: -108505168084992.000000
		H:0.000000
		F:-108505168084992.000000
	Parent:(32654,-691708280)
----------[0m
[32m[DEBUG] [1620761869.826140088]: Adding node: 
----------
Node: 
	ID: (32654,-691708280)
	Cost: 
		G: -108505033867264.000000
		H:0.000000
		F:-108505033867264.000000
	Parent:(32654,-691708296)
----------[0m
[32m[DEBUG] [1620761869.826167091]: Adding node: 
----------
Node: 
	ID: (32654,-691708296)
	Cost: 
		G: -108504899649536.000000
		H:0.000000
		F:-108504899649536.000000
	Parent:(32654,-691708312)
----------[0m
[32m[DEBUG] [1620761869.826194222]: Adding node: 
----------
Node: 
	ID: (32654,-691708312)
	Cost: 
		G: -108504765431808.000000
		H:0.000000
		F:-108504765431808.000000
	Parent:(32654,-691708328)
----------[0m
[32m[DEBUG] [1620761869.826221177]: Adding node: 
----------
Node: 
	ID: (32654,-691708328)
	Cost: 
		G: -108504631214080.000000
		H:0.000000
		F:-108504631214080.000000
	Parent:(32654,-691708344)
----------[0m
[32m[DEBUG] [1620761869.826248164]: Adding node: 
----------
Node: 
	ID: (32654,-691708344)
	Cost: 
		G: -108504496996352.000000
		H:0.000000
		F:-108504496996352.000000
	Parent:(32654,-691708360)
----------[0m
[32m[DEBUG] [1620761869.826275168]: Adding node: 
----------
Node: 
	ID: (32654,-691708360)
	Cost: 
		G: -108504362778624.000000
		H:0.000000
		F:-108504362778624.000000
	Parent:(32654,-691708376)
----------[0m
[32m[DEBUG] [1620761869.826302079]: Adding node: 
----------
Node: 
	ID: (32654,-691708376)
	Cost: 
		G: -108504228560896.000000
		H:0.000000
		F:-108504228560896.000000
	Parent:(32654,-691708392)
----------[0m
[32m[DEBUG] [1620761869.826329082]: Adding node: 
----------
Node: 
	ID: (32654,-691708392)
	Cost: 
		G: -108504094343168.000000
		H:0.000000
		F:-108504094343168.000000
	Parent:(32654,-691708408)
----------[0m
[32m[DEBUG] [1620761869.826357586]: Adding node: 
----------
Node: 
	ID: (32654,-691708408)
	Cost: 
		G: -108503960125440.000000
		H:0.000000
		F:-108503960125440.000000
	Parent:(32654,-691708424)
----------[0m
[32m[DEBUG] [1620761869.826385257]: Adding node: 
----------
Node: 
	ID: (32654,-691708424)
	Cost: 
		G: -108503825907712.000000
		H:0.000000
		F:-108503825907712.000000
	Parent:(32654,-691708440)
----------[0m
[32m[DEBUG] [1620761869.826412455]: Adding node: 
----------
Node: 
	ID: (32654,-691708440)
	Cost: 
		G: -108503691689984.000000
		H:0.000000
		F:-108503691689984.000000
	Parent:(32654,-691708456)
----------[0m
[32m[DEBUG] [1620761869.826439773]: Adding node: 
----------
Node: 
	ID: (32654,-691708456)
	Cost: 
		G: -108503557472256.000000
		H:0.000000
		F:-108503557472256.000000
	Parent:(32654,-691708472)
----------[0m
[32m[DEBUG] [1620761869.826466879]: Adding node: 
----------
Node: 
	ID: (32654,-691708472)
	Cost: 
		G: -108503423254528.000000
		H:0.000000
		F:-108503423254528.000000
	Parent:(32654,-691708488)
----------[0m
[32m[DEBUG] [1620761869.826504245]: Adding node: 
----------
Node: 
	ID: (32654,-691708488)
	Cost: 
		G: -108503289036800.000000
		H:0.000000
		F:-108503289036800.000000
	Parent:(32654,-691708504)
----------[0m
[32m[DEBUG] [1620761869.835414949]: Adding node: 
----------
Node: 
	ID: (32654,-691708504)
	Cost: 
		G: -108503154819072.000000
		H:0.000000
		F:-108503154819072.000000
	Parent:(32654,-691708520)
----------[0m
[32m[DEBUG] [1620761869.835453264]: Adding node: 
----------
Node: 
	ID: (32654,-691708520)
	Cost: 
		G: -108503020601344.000000
		H:0.000000
		F:-108503020601344.000000
	Parent:(32654,-691708536)
----------[0m
[32m[DEBUG] [1620761869.835483196]: Adding node: 
----------
Node: 
	ID: (32654,-691708536)
	Cost: 
		G: -108502886383616.000000
		H:0.000000
		F:-108502886383616.000000
	Parent:(32654,-691708552)
----------[0m
[32m[DEBUG] [1620761869.835511503]: Adding node: 
----------
Node: 
	ID: (32654,-691708552)
	Cost: 
		G: -108502752165888.000000
		H:0.000000
		F:-108502752165888.000000
	Parent:(32654,-691708568)
----------[0m
[32m[DEBUG] [1620761869.835539113]: Adding node: 
----------
Node: 
	ID: (32654,-691708568)
	Cost: 
		G: -108502617948160.000000
		H:0.000000
		F:-108502617948160.000000
	Parent:(32654,-691708584)
----------[0m
[32m[DEBUG] [1620761869.835566472]: Adding node: 
----------
Node: 
	ID: (32654,-691708584)
	Cost: 
		G: -108502483730432.000000
		H:0.000000
		F:-108502483730432.000000
	Parent:(32654,-691708600)
----------[0m
[32m[DEBUG] [1620761869.835593735]: Adding node: 
----------
Node: 
	ID: (32654,-691708600)
	Cost: 
		G: -108502349512704.000000
		H:0.000000
		F:-108502349512704.000000
	Parent:(32654,-691708616)
----------[0m
[32m[DEBUG] [1620761869.835621075]: Adding node: 
----------
Node: 
	ID: (32654,-691708616)
	Cost: 
		G: -108502215294976.000000
		H:0.000000
		F:-108502215294976.000000
	Parent:(32654,-691708632)
----------[0m
[32m[DEBUG] [1620761869.835648116]: Adding node: 
----------
Node: 
	ID: (32654,-691708632)
	Cost: 
		G: -108502081077248.000000
		H:0.000000
		F:-108502081077248.000000
	Parent:(32654,-691708648)
----------[0m
[32m[DEBUG] [1620761869.835675393]: Adding node: 
----------
Node: 
	ID: (32654,-691708648)
	Cost: 
		G: -108501946859520.000000
		H:0.000000
		F:-108501946859520.000000
	Parent:(32654,-691708664)
----------[0m
[32m[DEBUG] [1620761869.835702425]: Adding node: 
----------
Node: 
	ID: (32654,-691708664)
	Cost: 
		G: -108501812641792.000000
		H:0.000000
		F:-108501812641792.000000
	Parent:(32654,-691708680)
----------[0m
[32m[DEBUG] [1620761869.844601153]: Adding node: 
----------
Node: 
	ID: (32654,-691708680)
	Cost: 
		G: -108501678424064.000000
		H:0.000000
		F:-108501678424064.000000
	Parent:(32654,-691708696)
----------[0m
[32m[DEBUG] [1620761869.844639335]: Adding node: 
----------
Node: 
	ID: (32654,-691708696)
	Cost: 
		G: -108501544206336.000000
		H:0.000000
		F:-108501544206336.000000
	Parent:(32654,-691708712)
----------[0m
[32m[DEBUG] [1620761869.844669433]: Adding node: 
----------
Node: 
	ID: (32654,-691708712)
	Cost: 
		G: -108501409988608.000000
		H:0.000000
		F:-108501409988608.000000
	Parent:(32654,-691708728)
----------[0m
[32m[DEBUG] [1620761869.844697401]: Adding node: 
----------
Node: 
	ID: (32654,-691708728)
	Cost: 
		G: -108501275770880.000000
		H:0.000000
		F:-108501275770880.000000
	Parent:(32654,-691708744)
----------[0m
[32m[DEBUG] [1620761869.844725041]: Adding node: 
----------
Node: 
	ID: (32654,-691708744)
	Cost: 
		G: -108501141553152.000000
		H:0.000000
		F:-108501141553152.000000
	Parent:(32654,-691708760)
----------[0m
[32m[DEBUG] [1620761869.844752245]: Adding node: 
----------
Node: 
	ID: (32654,-691708760)
	Cost: 
		G: -108501007335424.000000
		H:0.000000
		F:-108501007335424.000000
	Parent:(32654,-691708776)
----------[0m
[32m[DEBUG] [1620761869.844779487]: Adding node: 
----------
Node: 
	ID: (32654,-691708776)
	Cost: 
		G: -108500873117696.000000
		H:0.000000
		F:-108500873117696.000