[32m[DEBUG] [1620764151.585943211]: Done Initializing start point: 
----------
Node: 
	ID: (0,0)
	Cost: 
		G: 0.000000
		H:0.000000
		F:0.000000
	Parent:(0,0)
----------[0m
[32m[DEBUG] [1620764151.588382722]: Tracing back path[0m
[32m[DEBUG] [1620764151.603393559]: Adding node: 
----------
Node: 
	ID: (71,58)
	Cost: 
		G: 0.000000
		H:0.000000
		F:0.000000
	Parent:(32747,-145907704)
---------- with parent 
----------
Node: 
	ID: (32747,-145907704)
	Cost: 
		G: -4170577902391110443205802940432384.000000
		H:0.000000
		F:-4170577902391110443205802940432384.000000
	Parent:(32747,-145907720)
----------[0m
[32m[DEBUG] [1620764151.603450742]: Adding node: 
----------
Node: 
	ID: (32747,-145907704)
	Cost: 
		G: -4170577902391110443205802940432384.000000
		H:0.000000
		F:-4170577902391110443205802940432384.000000
	Parent:(32747,-145907720)
---------- with parent 
----------
Node: 
	ID: (32747,-145907720)
	Cost: 
		G: -4170572950630953301684703343935488.000000
		H:0.000000
		F:-4170572950630953301684703343935488.000000
	Parent:(32747,-145907736)
----------[0m
[32m[DEBUG] [1620764151.603496857]: Adding node: 
----------
Node: 
	ID: (32747,-145907720)
	Cost: 
		G: -4170572950630953301684703343935488.000000
		H:0.000000
		F:-4170572950630953301684703343935488.000000
	Parent:(32747,-145907736)
---------- with parent 
----------
Node: 
	ID: (32747,-145907736)
	Cost: 
		G: -4170567998870796160163603747438592.000000
		H:0.000000
		F:-4170567998870796160163603747438592.000000
	Parent:(32747,-145907752)
----------[0m
[32m[DEBUG] [1620764151.603537254]: Adding node: 
----------
Node: 
	ID: (32747,-145907736)
	Cost: 
		G: -4170567998870796160163603747438592.000000
		H:0.000000
		F:-4170567998870796160163603747438592.000000
	Parent:(32747,-145907752)
---------- with parent 
----------
Node: 
	ID: (32747,-145907752)
	Cost: 
		G: -4170563047110639018642504150941696.000000
		H:0.000000
		F:-4170563047110639018642504150941696.000000
	Parent:(32747,-145907768)
----------[0m
[32m[DEBUG] [1620764151.603574749]: Adding node: 
----------
Node: 
	ID: (32747,-145907752)
	Cost: 
		G: -4170563047110639018642504150941696.000000
		H:0.000000
		F:-4170563047110639018642504150941696.000000
	Parent:(32747,-145907768)
---------- with parent 
----------
Node: 
	ID: (32747,-145907768)
	Cost: 
		G: -4170558095350481877121404554444800.000000
		H:0.000000
		F:-4170558095350481877121404554444800.000000
	Parent:(32747,-145907784)
----------[0m
[32m[DEBUG] [1620764151.603612715]: Adding node: 
----------
Node: 
	ID: (32747,-145907768)
	Cost: 
		G: -4170558095350481877121404554444800.000000
		H:0.000000
		F:-4170558095350481877121404554444800.000000
	Parent:(32747,-145907784)
---------- with parent 
----------
Node: 
	ID: (32747,-145907784)
	Cost: 
		G: -4170553143590324735600304957947904.000000
		H:0.000000
		F:-4170553143590324735600304957947904.000000
	Parent:(32747,-145907800)
----------[0m
[32m[DEBUG] [1620764151.603649598]: Adding node: 
----------
Node: 
	ID: (32747,-145907784)
	Cost: 
		G: -4170553143590324735600304957947904.000000
		H:0.000000
		F:-4170553143590324735600304957947904.000000
	Parent:(32747,-145907800)
---------- with parent 
----------
Node: 
	ID: (32747,-145907800)
	Cost: 
		G: -4170548191830167594079205361451008.000000
		H:0.000000
		F:-4170548191830167594079205361451008.000000
	Parent:(32747,-145907816)
----------[0m
[32m[DEBUG] [1620764151.603697250]: Adding node: 
----------
Node: 
	ID: (32747,-145907800)
	Cost: 
		G: -4170548191830167594079205361451008.000000
		H:0.000000
		F:-4170548191830167594079205361451008.000000
	Parent:(32747,-145907816)
---------- with parent 
----------
Node: 
	ID: (32747,-145907816)
	Cost: 
		G: -4170543240070010452558105764954112.000000
		H:0.000000
		F:-4170543240070010452558105764954112.000000
	Parent:(32747,-145907832)
----------[0m
[32m[DEBUG] [1620764151.603743303]: Adding node: 
----------
Node: 
	ID: (32747,-145907816)
	Cost: 
		G: -4170543240070010452558105764954112.000000
		H:0.000000
		F:-4170543240070010452558105764954112.000000
	Parent:(32747,-145907832)
---------- with parent 
----------
Node: 
	ID: (32747,-145907832)
	Cost: 
		G: -4170538288309853311037006168457216.000000
		H:0.000000
		F:-4170538288309853311037006168457216.000000
	Parent:(32747,-145907848)
----------[0m
[32m[DEBUG] [1620764151.603810491]: Adding node: 
----------
Node: 
	ID: (32747,-145907832)
	Cost: 
		G: -4170538288309853311037006168457216.000000
		H:0.000000
		F:-4170538288309853311037006168457216.000000
	Parent:(32747,-145907848)
---------- with parent 
----------
Node: 
	ID: (32747,-145907848)
	Cost: 
		G: -4170533336549696169515906571960320.000000
		H:0.000000
		F:-4170533336549696169515906571960320.000000
	Parent:(32747,-145907864)
----------[0m
[32m[DEBUG] [1620764151.603848262]: Adding node: 
----------
Node: 
	ID: (32747,-145907848)
	Cost: 
		G: -4170533336549696169515906571960320.000000
		H:0.000000
		F:-4170533336549696169515906571960320.000000
	Parent:(32747,-145907864)
---------- with parent 
----------
Node: 
	ID: (32747,-145907864)
	Cost: 
		G: -4170528384789539027994806975463424.000000
		H:0.000000
		F:-4170528384789539027994806975463424.000000
	Parent:(32747,-145907880)
----------[0m
[32m[DEBUG] [1620764151.603884997]: Adding node: 
----------
Node: 
	ID: (32747,-145907864)
	Cost: 
		G: -4170528384789539027994806975463424.000000
		H:0.000000
		F:-4170528384789539027994806975463424.000000
	Parent:(32747,-145907880)
---------- with parent 
----------
Node: 
	ID: (32747,-145907880)
	Cost: 
		G: -4170523433029381886473707378966528.000000
		H:0.000000
		F:-4170523433029381886473707378966528.000000
	Parent:(32747,-145907896)
----------[0m
[32m[DEBUG] [1620764151.603921491]: Adding node: 
----------
Node: 
	ID: (32747,-145907880)
	Cost: 
		G: -4170523433029381886473707378966528.000000
		H:0.000000
		F:-4170523433029381886473707378966528.000000
	Parent:(32747,-145907896)
---------- with parent 
----------
Node: 
	ID: (32747,-145907896)
	Cost: 
		G: -4170518481269224744952607782469632.000000
		H:0.000000
		F:-4170518481269224744952607782469632.000000
	Parent:(32747,-145907912)
----------[0m
[32m[DEBUG] [1620764151.603957959]: Adding node: 
----------
Node: 
	ID: (32747,-145907896)
	Cost: 
		G: -4170518481269224744952607782469632.000000
		H:0.000000
		F:-4170518481269224744952607782469632.000000
	Parent:(32747,-145907912)
---------- with parent 
----------
Node: 
	ID: (32747,-145907912)
	Cost: 
		G: -4170513529509067603431508185972736.000000
		H:0.000000
		F:-4170513529509067603431508185972736.000000
	Parent:(32747,-145907928)
----------[0m
[32m[DEBUG] [1620764151.603993930]: Adding node: 
----------
Node: 
	ID: (32747,-145907912)
	Cost: 
		G: -4170513529509067603431508185972736.000000
		H:0.000000
		F:-4170513529509067603431508185972736.000000
	Parent:(32747,-145907928)
---------- with parent 
----------
Node: 
	ID: (32747,-145907928)
	Cost: 
		G: -4170508577748910461910408589475840.000000
		H:0.000000
		F:-4170508577748910461910408589475840.000000
	Parent:(32747,-145907944)
----------[0m
[32m[DEBUG] [1620764151.604030014]: Adding node: 
----------
Node: 
	ID: (32747,-145907928)
	Cost: 
		G: -4170508577748910461910408589475840.000000
		H:0.000000
		F:-4170508577748910461910408589475840.000000
	Parent:(32747,-145907944)
---------- with parent 
----------
Node: 
	ID: (32747,-145907944)
	Cost: 
		G: -4170503625988753320389308992978944.000000
		H:0.000000
		F:-4170503625988753320389308992978944.000000
	Parent:(32747,-145907960)
----------[0m
[32m[DEBUG] [1620764151.604066232]: Adding node: 
----------
Node: 
	ID: (32747,-145907944)
	Cost: 
		G: -4170503625988753320389308992978944.000000
		H:0.000000
		F:-4170503625988753320389308992978944.000000
	Parent:(32747,-145907960)
---------- with parent 
----------
Node: 
	ID: (32747,-145907960)
	Cost: 
		G: -4170498674228596178868209396482048.000000
		H:0.000000
		F:-4170498674228596178868209396482048.000000
	Parent:(32747,-145907976)
----------[0m
[32m[DEBUG] [1620764151.604104996]: Adding node: 
----------
Node: 
	ID: (32747,-145907960)
	Cost: 
		G: -4170498674228596178868209396482048.000000
		H:0.000000
		F:-4170498674228596178868209396482048.000000
	Parent:(32747,-145907976)
---------- with parent 
----------
Node: 
	ID: (32747,-145907976)
	Cost: 
		G: -4170493722468439037347109799985152.000000
		H:0.000000
		F:-4170493722468439037347109799985152.000000
	Parent:(32747,-145907992)
----------[0m
[32m[DEBUG] [1620764151.604153537]: Adding node: 
----------
Node: 
	ID: (32747,-145907976)
	Cost: 
		G: -4170493722468439037347109799985152.000000
		H:0.000000
		F:-4170493722468439037347109799985152.000000
	Parent:(32747,-145907992)
---------- with parent 
----------
Node: 
	ID: (32747,-145907992)
	Cost: 
		G: -4170488770708281895826010203488256.000000
		H:0.000000
		F:-4170488770708281895826010203488256.000000
	Parent:(32747,-145908008)
----------[0m
[32m[DEBUG] [1620764151.604190344]: Adding node: 
----------
Node: 
	ID: (32747,-145907992)
	Cost: 
		G: -4170488770708281895826010203488256.000000
		H:0.000000
		F:-4170488770708281895826010203488256.000000
	Parent:(32747,-145908008)
---------- with parent 
----------
Node: 
	ID: (32747,-145908008)
	Cost: 
		G: -4170483818948124754304910606991360.000000
		H:0.000000
		F:-4170483818948124754304910606991360.000000
	Parent:(32747,-145908024)
----------[0m
[32m[DEBUG] [1620764151.604226539]: Adding node: 
----------
Node: 
	ID: (32747,-145908008)
	Cost: 
		G: -4170483818948124754304910606991360.000000
		H:0.000000
		F:-4170483818948124754304910606991360.000000
	Parent:(32747,-145908024)
---------- with parent 
----------
Node: 
	ID: (32747,-145908024)
	Cost: 
		G: -4170478867187967612783811010494464.000000
		H:0.000000
		F:-4170478867187967612783811010494464.000000
	Parent:(32747,-145908040)
----------[0m
[32m[DEBUG] [1620764151.604262651]: Adding node: 
----------
Node: 
	ID: (32747,-145908024)
	Cost: 
		G: -4170478867187967612783811010494464.000000
		H:0.000000
		F:-4170478867187967612783811010494464.000000
	Parent:(32747,-145908040)
---------- with parent 
----------
Node: 
	ID: (32747,-145908040)
	Cost: 
		G: -4170473915427810471262711413997568.000000
		H:0.000000
		F:-4170473915427810471262711413997568.000000
	Parent:(32747,-145908056)
----------[0m
[32m[DEBUG] [1620764151.604298862]: Adding node: 
----------
Node: 
	ID: (32747,-145908040)
	Cost: 
		G: -4170473915427810471262711413997568.000000
		H:0.000000
		F:-4170473915427810471262711413997568.000000
	Parent:(32747,-145908056)
---------- with parent 
----------
Node: 
	ID: (32747,-145908056)
	Cost: 
		G: -4170468963667653329741611817500672.000000
		H:0.000000
		F:-4170468963667653329741611817500672.000000
	Parent:(32747,-145908072)
----------[0m
[32m[DEBUG] [1620764151.604335081]: Adding node: 
----------
Node: 
	ID: (32747,-145908056)
	Cost: 
		G: -4170468963667653329741611817500672.000000
		H:0.000000
		F:-4170468963667653329741611817500672.000000
	Parent:(32747,-145908072)
---------- with parent 
----------
Node: 
	ID: (32747,-145908072)
	Cost: 
		G: -4170464011907496188220512221003776.000000
		H:0.000000
		F:-4170464011907496188220512221003776.000000
	Parent:(32747,-145908088)
----------[0m
[32m[DEBUG] [1620764151.604371080]: Adding node: 
----------
Node: 
	ID: (32747,-145908072)
	Cost: 
		G: -4170464011907496188220512221003776.000000
		H:0.000000
		F:-4170464011907496188220512221003776.000000
	Parent:(32747,-145908088)
---------- with parent 
----------
Node: 
	ID: (32747,-145908088)
	Cost: 
		G: -4170459060147339046699412624506880.000000
		H:0.000000
		F:-4170459060147339046699412624506880.000000
	Parent:(32747,-145908104)
----------[0m
[32m[DEBUG] [1620764151.604407074]: Adding node: 
----------
Node: 
	ID: (32747,-145908088)
	Cost: 
		G: -4170459060147339046699412624506880.000000
		H:0.000000
		F:-4170459060147339046699412624506880.000000
	Parent:(32747,-145908104)
---------- with parent 
----------
Node: 
	ID: (32747,-145908104)
	Cost: 
		G: -4170454108387181905178313028009984.000000
		H:0.000000
		F:-4170454108387181905178313028009984.000000
	Parent:(32747,-145908120)
----------[0m
[32m[DEBUG] [1620764151.604443179]: Adding node: 
----------
Node: 
	ID: (32747,-145908104)
	Cost: 
		G: -4170454108387181905178313028009984.000000
		H:0.000000
		F:-4170454108387181905178313028009984.000000
	Parent:(32747,-145908120)
---------- with parent 
----------
Node: 
	ID: (32747,-145908120)
	Cost: 
		G: -4170449156627024763657213431513088.000000
		H:0.000000
		F:-4170449156627024763657213431513088.000000
	Parent:(32747,-145908136)
----------[0m
[32m[DEBUG] [1620764151.604487505]: Adding node: 
----------
Node: 
	ID: (32747,-145908120)
	Cost: 
		G: -4170449156627024763657213431513088.000000
		H:0.000000
		F:-4170449156627024763657213431513088.000000
	Parent:(32747,-145908136)
---------- with parent 
----------
Node: 
	ID: (32747,-145908136)
	Cost: 
		G: -4170444204866867622136113835016192.000000
		H:0.000000
		F:-4170444204866867622136113835016192.000000
	Parent:(32747,-145908152)
----------[0m
[32m[DEBUG] [1620764151.604524295]: Adding node: 
----------
Node: 
	ID: (32747,-145908136)
	Cost: 
		G: -4170444204866867622136113835016192.000000
		H:0.000000
		F:-4170444204866867622136113835016192.000000
	Parent:(32747,-145908152)
---------- with parent 
----------
Node: 
	ID: (32747,-145908152)
	Cost: 
		G: -4170439253106710480615014238519296.000000
		H:0.000000
		F:-4170439253106710480615014238519296.000000
	Parent:(32747,-145908168)
----------[0m
[32m[DEBUG] [1620764151.604560429]: Adding node: 
----------
Node: 
	ID: (32747,-145908152)
	Cost: 
		G: -4170439253106710480615014238519296.000000
		H:0.000000
		F:-4170439253106710480615014238519296.000000
	Parent:(32747,-145908168)
---------- with parent 
----------
Node: 
	ID: (32747,-145908168)
	Cost: 
		G: -4170434301346553339093914642022400.000000
		H:0.000000
		F:-4170434301346553339093914642022400.000000
	Parent:(32747,-145908184)
----------[0m
[32m[DEBUG] [1620764151.604596631]: Adding node: 
----------
Node: 
	ID: (32747,-145908168)
	Cost: 
		G: -4170434301346553339093914642022400.000000
		H:0.000000
		F:-4170434301346553339093914642022400.000000
	Parent:(32747,-145908184)
---------- with parent 
----------
Node: 
	ID: (32747,-145908184)
	Cost: 
		G: -4170429349586396197572815045525504.000000
		H:0.000000
		F:-4170429349586396197572815045525504.000000
	Parent:(32747,-145908200)
----------[0m
[32m[DEBUG] [1620764151.604632973]: Adding node: 
----------
Node: 
	ID: (32747,-145908184)
	Cost: 
		G: -4170429349586396197572815045525504.000000
		H:0.000000
		F:-4170429349586396197572815045525504.000000
	Parent:(32747,-145908200)
---------- with parent 
----------
Node: 
	ID: (32747,-145908200)
	Cost: 
		G: -4170424397826239056051715449028608.000000
		H:0.000000
		F:-4170424397826239056051715449028608.000000
	Parent:(32747,-145908216)
----------[0m
[32m[DEBUG] [1620764151.604669017]: Adding node: 
----------
Node: 
	ID: (32747,-145908200)
	Cost: 
		G: -4170424397826239056051715449028608.000000
		H:0.000000
		F:-4170424397826239056051715449028608.000000
	Parent:(32747,-145908216)
---------- with parent 
----------
Node: 
	ID: (32747,-145908216)
	Cost: 
		G: -4170419446066081914530615852531712.000000
		H:0.000000
		F:-4170419446066081914530615852531712.000000
	Parent:(32747,-145908232)
----------[0m
[32m[DEBUG] [1620764151.604706592]: Adding node: 
----------
Node: 
	ID: (32747,-145908216)
	Cost: 
		G: -4170419446066081914530615852531712.000000
		H:0.000000
		F:-4170419446066081914530615852531712.000000
	Parent:(32747,-145908232)
---------- with parent 
----------
Node: 
	ID: (32747,-145908232)
	Cost: 
		G: -4170414494305924773009516256034816.000000
		H:0.000000
		F:-4170414494305924773009516256034816.000000
	Parent:(32747,-145908248)
----------[0m
[32m[DEBUG] [1620764151.604745545]: Adding node: 
----------
Node: 
	ID: (32747,-145908232)
	Cost: 
		G: -4170414494305924773009516256034816.000000
		H:0.000000
		F:-4170414494305924773009516256034816.000000
	Parent:(32747,-145908248)
---------- with parent 
----------
Node: 
	ID: (32747,-145908248)
	Cost: 
		G: -4170409542545767631488416659537920.000000
		H:0.000000
		F:-4170409542545767631488416659537920.000000
	Parent:(32747,-145908264)
----------[0m
[32m[DEBUG] [1620764151.604782301]: Adding node: 
----------
Node: 
	ID: (32747,-145908248)
	Cost: 
		G: -4170409542545767631488416659537920.000000
		H:0.000000
		F:-4170409542545767631488416659537920.000000
	Parent:(32747,-145908264)
---------- with parent 
----------
Node: 
	ID: (32747,-145908264)
	Cost: 
		G: -4170404590785610489967317063041024.000000
		H:0.000000
		F:-4170404590785610489967317063041024.000000
	Parent:(32747,-145908280)
----------[0m
[32m[DEBUG] [1620764151.604837523]: Adding node: 
----------
Node: 
	ID: (32747,-145908264)
	Cost: 
		G: -4170404590785610489967317063041024.000000
		H:0.000000
		F:-4170404590785610489967317063041024.000000
	Parent:(32747,-145908280)
---------- with parent 
----------
Node: 
	ID: (32747,-145908280)
	Cost: 
		G: -4170399639025453348446217466544128.000000
		H:0.000000
		F:-4170399639025453348446217466544128.000000
	Parent:(32747,-145908296)
----------[0m
[32m[DEBUG] [1620764151.604884433]: Adding node: 
----------
Node: 
	ID: (32747,-145908280)
	Cost: 
		G: -4170399639025453348446217466544128.000000
		H:0.000000
		F:-4170399639025453348446217466544128.000000
	Parent:(32747,-145908296)
---------- with parent 
----------
Node: 
	ID: (32747,-145908296)
	Cost: 
		G: -4170394687265296206925117870047232.000000
		H:0.000000
		F:-4170394687265296206925117870047232.000000
	Parent:(32747,-145908312)
----------[0m
[32m[DEBUG] [1620764151.604920640]: Adding node: 
----------
Node: 
	ID: (32747,-145908296)
	Cost: 
		G: -4170394687265296206925117870047232.000000
		H:0.000000
		F:-4170394687265296206925117870047232.000000
	Parent:(32747,-145908312)
---------- with parent 
----------
Node: 
	ID: (32747,-145908312)
	Cost: 
		G: -4170389735505139065404018273550336.000000
		H:0.000000
		F:-4170389735505139065404018273550336.000000
	Parent:(32747,-145908328)
----------[0m
[32m[DEBUG] [1620764151.604957124]: Adding node: 
----------
Node: 
	ID: (32747,-145908312)
	Cost: 
		G: -4170389735505139065404018273550336.000000
		H:0.000000
		F:-4170389735505139065404018273550336.000000
	Parent:(32747,-145908328)
---------- with parent 
----------
Node: 
	ID: (32747,-145908328)
	Cost: 
		G: -4170384783744981923882918677053440.000000
		H:0.000000
		F:-4170384783744981923882918677053440.000000
	Parent:(32747,-145908344)
----------[0m
[32m[DEBUG] [1620764151.604993784]: Adding node: 
----------
Node: 
	ID: (32747,-145908328)
	Cost: 
		G: -4170384783744981923882918677053440.000000
		H:0.000000
		F:-4170384783744981923882918677053440.000000
	Parent:(32747,-145908344)
---------- with parent 
----------
Node: 
	ID: (32747,-145908344)
	Cost: 
		G: -4170379831984824782361819080556544.000000
		H:0.000000
		F:-4170379831984824782361819080556544.000000
	Parent:(32747,-145908360)
----------[0m
[32m[DEBUG] [1620764151.605030339]: Adding node: 
----------
Node: 
	ID: (32747,-145908344)
	Cost: 
		G: -4170379831984824782361819080556544.000000
		H:0.000000
		F:-4170379831984824782361819080556544.000000
	Parent:(32747,-145908360)
---------- with parent 
----------
Node: 
	ID: (32747,-145908360)
	Cost: 
		G: -4170374880224667640840719484059648.000000
		H:0.000000
		F:-4170374880224667640840719484059648.000000
	Parent:(32747,-145908376)
----------[0m
[32m[DEBUG] [1620764151.605066626]: Adding node: 
----------
Node: 
	ID: (32747,-145908360)
	Cost: 
		G: -4170374880224667640840719484059648.000000
		H:0.000000
		F:-4170374880224667640840719484059648.000000
	Parent:(32747,-145908376)
---------- with parent 
----------
Node: 
	ID: (32747,-145908376)
	Cost: 
		G: -4170369928464510499319619887562752.000000
		H:0.000000
		F:-4170369928464510499319619887562752.000000
	Parent:(32747,-145908392)
----------[0m
[32m[DEBUG] [1620764151.605103059]: Adding node: 
----------
Node: 
	ID: (32747,-145908376)
	Cost: 
		G: -4170369928464510499319619887562752.000000
		H:0.000000
		F:-4170369928464510499319619887562752.000000
	Parent:(32747,-145908392)
---------- with parent 
----------
Node: 
	ID: (32747,-145908392)
	Cost: 
		G: -4170364976704353357798520291065856.000000
		H:0.000000
		F:-4170364976704353357798520291065856.000000
	Parent:(32747,-145908408)
----------[0m
[32m[DEBUG] [1620764151.605140060]: Adding node: 
----------
Node: 
	ID: (32747,-145908392)
	Cost: 
		G: -4170364976704353357798520291065856.000000
		H:0.000000
		F:-4170364976704353357798520291065856.000000
	Parent:(32747,-145908408)
---------- with parent 
----------
Node: 
	ID: (32747,-145908408)
	Cost: 
		G: -4170360024944196216277420694568960.000000
		H:0.000000
		F:-4170360024944196216277420694568960.000000
	Parent:(32747,-145908424)
----------[0m
[32m[DEBUG] [1620764151.605184300]: Adding node: 
----------
Node: 
	ID: (32747,-145908408)
	Cost: 
		G: -4170360024944196216277420694568960.000000
		H:0.000000
		F:-4170360024944196216277420694568960.000000
	Parent:(32747,-145908424)
---------- with parent 
----------
Node: 
	ID: (32747,-145908424)
	Cost: 
		G: -4170355073184039074756321098072064.000000
		H:0.000000
		F:-4170355073184039074756321098072064.000000
	Parent:(32747,-145908440)
----------[0m
[32m[DEBUG] [1620764151.605221289]: Adding node: 
----------
Node: 
	ID: (32747,-145908424)
	Cost: 
		G: -4170355073184039074756321098072064.000000
		H:0.000000
		F:-4170355073184039074756321098072064.000000
	Parent:(32747,-145908440)
---------- with parent 
----------
Node: 
	ID: (32747,-145908440)
	Cost: 
		G: -4170350121423881933235221501575168.000000
		H:0.000000
		F:-4170350121423881933235221501575168.000000
	Parent:(32747,-145908456)
----------[0m
[32m[DEBUG] [1620764151.605258027]: Adding node: 
----------
Node: 
	ID: (32747,-145908440)
	Cost: 
		G: -4170350121423881933235221501575168.000000
		H:0.000000
		F:-4170350121423881933235221501575168.000000
	Parent:(32747,-145908456)
---------- with parent 
----------
Node: 
	ID: (32747,-145908456)
	Cost: 
		G: -4170345169663724791714121905078272.000000
		H:0.000000
		F:-4170345169663724791714121905078272.000000
	Parent:(32747,-145908472)
----------[0m
[32m[DEBUG] [1620764151.605294375]: Adding node: 
----------
Node: 
	ID: (32747,-145908456)
	Cost: 
		G: -4170345169663724791714121905078272.000000
		H:0.000000
		F:-4170345169663724791714121905078272.000000
	Parent:(32747,-145908472)
---------- with parent 
----------
Node: 
	ID: (32747,-145908472)
	Cost: 
		G: -4170340217903567650193022308581376.000000
		H:0.000000
		F:-4170340217903567650193022308581376.000000
	Parent:(32747,-145908488)
----------[0m
[32m[DEBUG] [1620764151.605330597]: Adding node: 
----------
Node: 
	ID: (32747,-145908472)
	Cost: 
		G: -4170340217903567650193022308581376.000000
		H:0.000000
		F:-4170340217903567650193022308581376.000000
	Parent:(32747,-145908488)
---------- with parent 
----------
Node: 
	ID: (32747,-145908488)
	Cost: 
		G: -4170335266143410508671922712084480.000000
		H:0.000000
		F:-4170335266143410508671922712084480.000000
	Parent:(32747,-145908504)
----------[0m
[32m[DEBUG] [1620764151.605366855]: Adding node: 
----------
Node: 
	ID: (32747,-145908488)
	Cost: 
		G: -4170335266143410508671922712084480.000000
		H:0.000000
		F:-4170335266143410508671922712084480.000000
	Parent:(32747,-145908504)
---------- with parent 
----------
Node: 
	ID: (32747,-145908504)
	Cost: 
		G: -4170330314383253367150823115587584.000000
		H:0.000000
		F:-4170330314383253367150823115587584.000000
	Parent:(32747,-145908520)
----------[0m
[32m[DEBUG] [1620764151.605403483]: Adding node: 
----------
Node: 
	ID: (32747,-145908504)
	Cost: 
		G: -4170330314383253367150823115587584.000000
		H:0.000000
		F:-4170330314383253367150823115587584.000000
	Parent:(32747,-145908520)
---------- with parent 
----------
Node: 
	ID: (32747,-145908520)
	Cost: 
		G: -4170325362623096225629723519090688.000000
		H:0.000000
		F:-4170325362623096225629723519090688.000000
	Parent:(32747,-145908536)
----------[0m
[32m[DEBUG] [1620764151.605439781]: Adding node: 
----------
Node: 
	ID: (32747,-145908520)
	Cost: 
		G: -4170325362623096225629723519090688.000000
		H:0.000000
		F:-4170325362623096225629723519090688.000000
	Parent:(32747,-145908536)
---------- with parent 
----------
Node: 
	ID: (32747,-145908536)
	Cost: 
		G: -4170320410862939084108623922593792.000000
		H:0.000000
		F:-4170320410862939084108623922593792.000000
	Parent:(32747,-145908552)
----------[0m
[32m[DEBUG] [1620764151.605476206]: Adding node: 
----------
Node: 
	ID: (32747,-145908536)
	Cost: 
		G: -4170320410862939084108623922593792.000000
		H:0.000000
		F:-4170320410862939084108623922593792.000000
	Parent:(32747,-145908552)
---------- with parent 
----------
Node: 
	ID: (32747,-145908552)
	Cost: 
		G: -4170315459102781942587524326096896.000000
		H:0.000000
		F:-4170315459102781942587524326096896.000000
	Parent:(32747,-145908568)
----------[0m
[32m[DEBUG] [1620764151.605519726]: Adding node: 
----------
Node: 
	ID: (32747,-145908552)
	Cost: 
		G: -4170315459102781942587524326096896.000000
		H:0.000000
		F:-4170315459102781942587524326096896.000000
	Parent:(32747,-145908568)
---------- with parent 
----------
Node: 
	ID: (32747,-145908568)
	Cost: 
		G: -4170310507342624801066424729600000.000000
		H:0.000000
		F:-4170310507342624801066424729600000.000000
	Parent:(32747,-145908584)
----------[0m
[32m[DEBUG] [1620764151.605556239]: Adding node: 
----------
Node: 
	ID: (32747,-145908568)
	Cost: 
		G: -4170310507342624801066424729600000.000000
		H:0.000000
		F:-4170310507342624801066424729600000.000000
	Parent:(32747,-145908584)
---------- with parent 
----------
Node: 
	ID: (32747,-145908584)
	Cost: 
		G: -4170305555582467659545325133103104.000000
		H:0.000000
		F:-4170305555582467659545325133103104.000000
	Parent:(32747,-145908600)
----------[0m
[32m[DEBUG] [1620764151.605592518]: Adding node: 
----------
Node: 
	ID: (32747,-145908584)
	Cost: 
		G: -4170305555582467659545325133103104.000000
		H:0.000000
		F:-4170305555582467659545325133103104.000000
	Parent:(32747,-145908600)
---------- with parent 
----------
Node: 
	ID: (32747,-145908600)
	Cost: 
		G: -4170300603822310518024225536606208.000000
		H:0.000000
		F:-4170300603822310518024225536606208.000000
	Parent:(32747,-145908616)
----------[0m
[32m[DEBUG] [1620764151.605628790]: Adding node: 
----------
Node: 
	ID: (32747,-145908600)
	Cost: 
		G: -4170300603822310518024225536606208.000000
		H:0.000000
		F:-4170300603822310518024225536606208.000000
	Parent:(32747,-145908616)
---------- with parent 
----------
Node: 
	ID: (32747,-145908616)
	Cost: 
		G: -4170295652062153376503125940109312.000000
		H:0.000000
		F:-4170295652062153376503125940109312.000000
	Parent:(32747,-145908632)
----------[0m
[32m[DEBUG] [1620764151.605664971]: Adding node: 
----------
Node: 
	ID: (32747,-145908616)
	Cost: 
		G: -4170295652062153376503125940109312.000000
		H:0.000000
		F:-4170295652062153376503125940109312.000000
	Parent:(32747,-145908632)
---------- with parent 
----------
Node: 
	ID: (32747,-145908632)
	Cost: 
		G: -4170290700301996234982026343612416.000000
		H:0.000000
		F:-4170290700301996234982026343612416.000000
	Parent:(32747,-145908648)
----------[0m
[32m[DEBUG] [1620764151.605701423]: Adding node: 
----------
Node: 
	ID: (32747,-145908632)
	Cost: 
		G: -4170290700301996234982026343612416.000000
		H:0.000000
		F:-4170290700301996234982026343612416.000000
	Parent:(32747,-145908648)
---------- with parent 
----------
Node: 
	ID: (32747,-145908648)
	Cost: 
		G: -4170285748541839093460926747115520.000000
		H:0.000000
		F:-4170285748541839093460926747115520.000000
	Parent:(32747,-145908664)
----------[0m
[32m[DEBUG] [1620764151.605737710]: Adding node: 
----------
Node: 
	ID: (32747,-145908648)
	Cost: 
		G: -4170285748541839093460926747115520.000000
		H:0.000000
		F:-4170285748541839093460926747115520.000000
	Parent:(32747,-145908664)
---------- with parent 
----------
Node: 
	ID: (32747,-145908664)
	Cost: 
		G: -4170280796781681951939827150618624.000000
		H:0.000000
		F:-4170280796781681951939827150618624.000000
	Parent:(32747,-145908680)
----------[0m
[32m[DEBUG] [1620764151.605774244]: Adding node: 
----------
Node: 
	ID: (32747,-145908664)
	Cost: 
		G: -4170280796781681951939827150618624.000000
		H:0.000000
		F:-4170280796781681951939827150618624.000000
	Parent:(32747,-145908680)
---------- with parent 
----------
Node: 
	ID: (32747,-145908680)
	Cost: 
		G: -4170275845021524810418727554121728.000000
		H:0.000000
		F:-4170275845021524810418727554121728.000000
	Parent:(32747,-145908696)
----------[0m
[32m[DEBUG] [1620764151.605817893]: Adding node: 
----------
Node: 
	ID: (32747,-145908680)
	Cost: 
		G: -4170275845021524810418727554121728.000000
		H:0.000000
		F:-4170275845021524810418727554121728.000000
	Parent:(32747,-145908696)
---------- with parent 
----------
Node: 
	ID: (32747,-145908696)
	Cost: 
		G: -4170270893261367668897627957624832.000000
		H:0.000000
		F:-4170270893261367668897627957624832.000000
	Parent:(32747,-145908712)
----------[0m
[32m[DEBUG] [1620764151.605854806]: Adding node: 
----------
Node: 
	ID: (32747,-145908696)
	Cost: 
		G: -4170270893261367668897627957624832.000000
		H:0.000000
		F:-4170270893261367668897627957624832.000000
	Parent:(32747,-145908712)
---------- with parent 
----------
Node: 
	ID: (32747,-145908712)
	Cost: 
		G: -4170265941501210527376528361127936.000000
		H:0.000000
		F:-4170265941501210527376528361127936.000000
	Parent:(32747,-145908728)
----------[0m
[32m[DEBUG] [1620764151.605890840]: Adding node: 
----------
Node: 
	ID: (32747,-145908712)
	Cost: 
		G: -4170265941501210527376528361127936.000000
		H:0.000000
		F:-4170265941501210527376528361127936.000000
	Parent:(32747,-145908728)
---------- with parent 
----------
Node: 
	ID: (32747,-145908728)
	Cost: 
		G: -4170260989741053385855428764631040.000000
		H:0.000000
		F:-4170260989741053385855428764631040.000000
	Parent:(32747,-145908744)
----------[0m
[32m[DEBUG] [1620764151.605929096]: Adding node: 
----------
Node: 
	ID: (32747,-145908728)
	Cost: 
		G: -4170260989741053385855428764631040.000000
		H:0.000000
		F:-4170260989741053385855428764631040.000000
	Parent:(32747,-145908744)
---------- with parent 
----------
Node: 
	ID: (32747,-145908744)
	Cost: 
		G: -4170256037980896244334329168134144.000000
		H:0.000000
		F:-4170256037980896244334329168134144.000000
	Parent:(32747,-145908760)
----------[0m
[32m[DEBUG] [1620764151.605994445]: Adding node: 
----------
Node: 
	ID: (32747,-145908744)
	Cost: 
		G: -4170256037980896244334329168134144.000000
		H:0.000000
		F:-4170256037980896244334329168134144.000000
	Parent:(32747,-145908760)
---------- with parent 
----------
Node: 
	ID: (32747,-145908760)
	Cost: 
		G: -4170251086220739102813229571637248.000000
		H:0.000000
		F:-4170251086220739102813229571637248.000000
	Parent:(32747,-145908776)
----------[0m
[32m[DEBUG] [1620764151.606042722]: Adding node: 
----------
Node: 
	ID: (32747,-145908760)
	Cost: 
		G: -4170251086220739102813229571637248.000000
		H:0.000000
		F:-4170251086220739102813229571637248.000000
	Parent:(32747,-145908776)
---------- with parent 
----------
Node: 
	ID: (32747,-145908776)
	Cost: 
		G: -4170246134460581961292129975140352.000000
		H:0.000000
		F:-4170246134460581961292129975140352.000000
	Parent:(32747,-145908792)
----------[0m
[32m[DEBUG] [1620764151.606080184]: Adding node: 
----------
Node: 
	ID: (32747,-145908776)
	Cost: 
		G: -4170246134460581961292129975140352.000000
		H:0.000000
		F:-4170246134460581961292129975140352.000000
	Parent:(32747,-145908792)
---------- with parent 
----------
Node: 
	ID: (32747,-145908792)
	Cost: 
		G: -4170241182700424819771030378643456.000000
		H:0.000000
		F:-4170241182700424819771030378643456.000000
	Parent:(32747,-145908808)
----------[0m
[32m[DEBUG] [1620764151.606117167]: Adding node: 
----------
Node: 
	ID: (32747,-145908792)
	Cost: 
		G: -4170241182700424819771030378643456.000000
		H:0.000000
		F:-4170241182700424819771030378643456.000000
	Parent:(32747,-145908808)
---------- with parent 
----------
Node: 
	ID: (32747,-145908808)
	Cost: 
		G: -4170236230940267678249930782146560.000000
		H:0.000000
		F:-4170236230940267678249930782146560.000000
	Parent:(32747,-145908824)
----------[0m
[32m[DEBUG] [1620764151.606154064]: Adding node: 
----------
Node: 
	ID: (32747,-145908808)
	Cost: 
		G: -4170236230940267678249930782146560.000000
		H:0.000000
		F:-4170236230940267678249930782146560.000000
	Parent:(32747,-145908824)
---------- with parent 
----------
Node: 
	ID: (32747,-145908824)
	Cost: 
		G: -4170231279180110536728831185649664.000000
		H:0.000000
		F:-4170231279180110536728831185649664.00