[32m[DEBUG] [1620761672.044531171]: Tracing back path[0m
[32m[DEBUG] [1620761672.064396263]: Adding node: 
----------
Node: 
	ID: (71,58)
	Cost: 
		G: 0.000000
		H:0.000000
		F:0.000000
	Parent:(32614,-1845891080)
----------[0m
[32m[DEBUG] [1620761672.064453143]: Adding node: 
----------
Node: 
	ID: (32614,-1845891080)
	Cost: 
		G: -0.000000
		H:0.000000
		F:-0.000000
	Parent:(32614,-1845891096)
----------[0m
[32m[DEBUG] [1620761672.064487831]: Adding node: 
----------
Node: 
	ID: (32614,-1845891096)
	Cost: 
		G: -0.000000
		H:0.000000
		F:-0.000000
	Parent:(32614,-1845891112)
----------[0m
[32m[DEBUG] [1620761672.064519219]: Adding node: 
----------
Node: 
	ID: (32614,-1845891112)
	Cost: 
		G: -0.000000
		H:0.000000
		F:-0.000000
	Parent:(32614,-1845891128)
----------[0m
[32m[DEBUG] [1620761672.064549488]: Adding node: 
----------
Node: 
	ID: (32614,-1845891128)
	Cost: 
		G: -0.000000
		H:0.000000
		F:-0.000000
	Parent:(32614,-1845891144)
----------[0m
[32m[DEBUG] [1620761672.064580364]: Adding node: 
----------
Node: 
	ID: (32614,-1845891144)
	Cost: 
		G: -0.000000
		H:0.000000
		F:-0.000000
	Parent:(32614,-1845891160)
----------[0m
[32m[DEBUG] [1620761672.064609808]: Adding node: 
----------
Node: 
	ID: (32614,-1845891160)
	Cost: 
		G: -0.000000
		H:0.000000
		F:-0.000000
	Parent:(32614,-1845891176)
----------[0m
[32m[DEBUG] [1620761672.064638646]: Adding node: 
----------
Node: 
	ID: (32614,-1845891176)
	Cost: 
		G: -0.000000
		H:0.000000
		F:-0.000000
	Parent:(32614,-1845891192)
----------[0m
[32m[DEBUG] [1620761672.064667492]: Adding node: 
----------
Node: 
	ID: (32614,-1845891192)
	Cost: 
		G: -0.000000
		H:0.000000
		F:-0.000000
	Parent:(32614,-1845891208)
----------[0m
[32m[DEBUG] [1620761672.064697592]: Adding node: 
----------
Node: 
	ID: (32614,-1845891208)
	Cost: 
		G: -0.000000
		H:0.000000
		F:-0.000000
	Parent:(32614,-1845891224)
----------[0m
[32m[DEBUG] [1620761672.064727417]: Adding node: 
----------
Node: 
	ID: (32614,-1845891224)
	Cost: 
		G: -0.000000
		H:0.000000
		F:-0.000000
	Parent:(32614,-1845891240)
----------[0m
[32m[DEBUG] [1620761672.064756417]: Adding node: 
----------
Node: 
	ID: (32614,-1845891240)
	Cost: 
		G: -0.000000
		H:0.000000
		F:-0.000000
	Parent:(32614,-1845891256)
----------[0m
[32m[DEBUG] [1620761672.064785441]: Adding node: 
----------
Node: 
	ID: (32614,-1845891256)
	Cost: 
		G: -0.000000
		H:0.000000
		F:-0.000000
	Parent:(32614,-1845891272)
----------[0m
[32m[DEBUG] [1620761672.064814399]: Adding node: 
----------
Node: 
	ID: (32614,-1845891272)
	Cost: 
		G: -0.000000
		H:0.000000
		F:-0.000000
	Parent:(32614,-1845891288)
----------[0m
[32m[DEBUG] [1620761672.064843375]: Adding node: 
----------
Node: 
	ID: (32614,-1845891288)
	Cost: 
		G: -0.000000
		H:0.000000
		F:-0.000000
	Parent:(32614,-1845891304)
----------[0m
[32m[DEBUG] [1620761672.064872223]: Adding node: 
----------
Node: 
	ID: (32614,-1845891304)
	Cost: 
		G: -0.000000
		H:0.000000
		F:-0.000000
	Parent:(32614,-1845891320)
----------[0m
[32m[DEBUG] [1620761672.064901214]: Adding node: 
----------
Node: 
	ID: (32614,-1845891320)
	Cost: 
		G: -0.000000
		H:0.000000
		F:-0.000000
	Parent:(32614,-1845891336)
----------[0m
[32m[DEBUG] [1620761672.064931745]: Adding node: 
----------
Node: 
	ID: (32614,-1845891336)
	Cost: 
		G: -0.000000
		H:0.000000
		F:-0.000000
	Parent:(32614,-1845891352)
----------[0m
[32m[DEBUG] [1620761672.064961391]: Adding node: 
----------
Node: 
	ID: (32614,-1845891352)
	Cost: 
		G: -0.000000
		H:0.000000
		F:-0.000000
	Parent:(32614,-1845891368)
----------[0m
[32m[DEBUG] [1620761672.064990319]: Adding node: 
----------
Node: 
	ID: (32614,-1845891368)
	Cost: 
		G: -0.000000
		H:0.000000
		F:-0.000000
	Parent:(32614,-1845891384)
----------[0m
[32m[DEBUG] [1620761672.065019061]: Adding node: 
----------
Node: 
	ID: (32614,-1845891384)
	Cost: 
		G: -0.000000
		H:0.000000
		F:-0.000000
	Parent:(32614,-1845891400)
----------[0m
[32m[DEBUG] [1620761672.065047985]: Adding node: 
----------
Node: 
	ID: (32614,-1845891400)
	Cost: 
		G: -0.000000
		H:0.000000
		F:-0.000000
	Parent:(32614,-1845891416)
----------[0m
[32m[DEBUG] [1620761672.065113975]: Adding node: 
----------
Node: 
	ID: (32614,-1845891416)
	Cost: 
		G: -0.000000
		H:0.000000
		F:-0.000000
	Parent:(32614,-1845891432)
----------[0m
[32m[DEBUG] [1620761672.065140980]: Adding node: 
----------
Node: 
	ID: (32614,-1845891432)
	Cost: 
		G: -0.000000
		H:0.000000
		F:-0.000000
	Parent:(32614,-1845891448)
----------[0m
[32m[DEBUG] [1620761672.065166513]: Adding node: 
----------
Node: 
	ID: (32614,-1845891448)
	Cost: 
		G: -0.000000
		H:0.000000
		F:-0.000000
	Parent:(32614,-1845891464)
----------[0m
[32m[DEBUG] [1620761672.065191886]: Adding node: 
----------
Node: 
	ID: (32614,-1845891464)
	Cost: 
		G: -0.000000
		H:0.000000
		F:-0.000000
	Parent:(32614,-1845891480)
----------[0m
[32m[DEBUG] [1620761672.065217234]: Adding node: 
----------
Node: 
	ID: (32614,-1845891480)
	Cost: 
		G: -0.000000
		H:0.000000
		F:-0.000000
	Parent:(32614,-1845891496)
----------[0m
[32m[DEBUG] [1620761672.065242454]: Adding node: 
----------
Node: 
	ID: (32614,-1845891496)
	Cost: 
		G: -0.000000
		H:0.000000
		F:-0.000000
	Parent:(32614,-1845891512)
----------[0m
[32m[DEBUG] [1620761672.065267971]: Adding node: 
----------
Node: 
	ID: (32614,-1845891512)
	Cost: 
		G: -0.000000
		H:0.000000
		F:-0.000000
	Parent:(32614,-1845891528)
----------[0m
[32m[DEBUG] [1620761672.065293208]: Adding node: 
----------
Node: 
	ID: (32614,-1845891528)
	Cost: 
		G: -0.000000
		H:0.000000
		F:-0.000000
	Parent:(32614,-1845891544)
----------[0m
[32m[DEBUG] [1620761672.065318477]: Adding node: 
----------
Node: 
	ID: (32614,-1845891544)
	Cost: 
		G: -0.000000
		H:0.000000
		F:-0.000000
	Parent:(32614,-1845891560)
----------[0m
[32m[DEBUG] [1620761672.065343781]: Adding node: 
----------
Node: 
	ID: (32614,-1845891560)
	Cost: 
		G: -0.000000
		H:0.000000
		F:-0.000000
	Parent:(32614,-1845891576)
----------[0m
[32m[DEBUG] [1620761672.065369197]: Adding node: 
----------
Node: 
	ID: (32614,-1845891576)
	Cost: 
		G: -0.000000
		H:0.000000
		F:-0.000000
	Parent:(32614,-1845891592)
----------[0m
[32m[DEBUG] [1620761672.065395933]: Adding node: 
----------
Node: 
	ID: (32614,-1845891592)
	Cost: 
		G: -0.000000
		H:0.000000
		F:-0.000000
	Parent:(32614,-1845891608)
----------[0m
[32m[DEBUG] [1620761672.065422024]: Adding node: 
----------
Node: 
	ID: (32614,-1845891608)
	Cost: 
		G: -0.000000
		H:0.000000
		F:-0.000000
	Parent:(32614,-1845891624)
----------[0m
[32m[DEBUG] [1620761672.065447448]: Adding node: 
----------
Node: 
	ID: (32614,-1845891624)
	Cost: 
		G: -0.000000
		H:0.000000
		F:-0.000000
	Parent:(32614,-1845891640)
----------[0m
[32m[DEBUG] [1620761672.065472909]: Adding node: 
----------
Node: 
	ID: (32614,-1845891640)
	Cost: 
		G: -0.000000
		H:0.000000
		F:-0.000000
	Parent:(32614,-1845891656)
----------[0m
[32m[DEBUG] [1620761672.065498243]: Adding node: 
----------
Node: 
	ID: (32614,-1845891656)
	Cost: 
		G: -0.000000
		H:0.000000
		F:-0.000000
	Parent:(32614,-1845891672)
----------[0m
[32m[DEBUG] [1620761672.065523443]: Adding node: 
----------
Node: 
	ID: (32614,-1845891672)
	Cost: 
		G: -0.000000
		H:0.000000
		F:-0.000000
	Parent:(32614,-1845891688)
----------[0m
[32m[DEBUG] [1620761672.065548683]: Adding node: 
----------
Node: 
	ID: (32614,-1845891688)
	Cost: 
		G: -0.000000
		H:0.000000
		F:-0.000000
	Parent:(32614,-1845891704)
----------[0m
[32m[DEBUG] [1620761672.065573941]: Adding node: 
----------
Node: 
	ID: (32614,-1845891704)
	Cost: 
		G: -0.000000
		H:0.000000
		F:-0.000000
	Parent:(32614,-1845891720)
----------[0m
[32m[DEBUG] [1620761672.065610065]: Adding node: 
----------
Node: 
	ID: (32614,-1845891720)
	Cost: 
		G: -0.000000
		H:0.000000
		F:-0.000000
	Parent:(32614,-1845891736)
----------[0m
[32m[DEBUG] [1620761672.065645285]: Adding node: 
----------
Node: 
	ID: (32614,-1845891736)
	Cost: 
		G: -0.000000
		H:0.000000
		F:-0.000000
	Parent:(32614,-1845891752)
----------[0m
[32m[DEBUG] [1620761672.065670504]: Adding node: 
----------
Node: 
	ID: (32614,-1845891752)
	Cost: 
		G: -0.000000
		H:0.000000
		F:-0.000000
	Parent:(32614,-1845891768)
----------[0m
[32m[DEBUG] [1620761672.065706501]: Adding node: 
----------
Node: 
	ID: (32614,-1845891768)
	Cost: 
		G: -0.000000
		H:0.000000
		F:-0.000000
	Parent:(32614,-1845891784)
----------[0m
[32m[DEBUG] [1620761672.065732861]: Adding node: 
----------
Node: 
	ID: (32614,-1845891784)
	Cost: 
		G: -0.000000
		H:0.000000
		F:-0.000000
	Parent:(32614,-1845891800)
----------[0m
[32m[DEBUG] [1620761672.065758321]: Adding node: 
----------
Node: 
	ID: (32614,-1845891800)
	Cost: 
		G: -0.000000
		H:0.000000
		F:-0.000000
	Parent:(32614,-1845891816)
----------[0m
[32m[DEBUG] [1620761672.065783667]: Adding node: 
----------
Node: 
	ID: (32614,-1845891816)
	Cost: 
		G: -0.000000
		H:0.000000
		F:-0.000000
	Parent:(32614,-1845891832)
----------[0m
[32m[DEBUG] [1620761672.065809042]: Adding node: 
----------
Node: 
	ID: (32614,-1845891832)
	Cost: 
		G: -0.000000
		H:0.000000
		F:-0.000000
	Parent:(32614,-1845891848)
----------[0m
[32m[DEBUG] [1620761672.065834363]: Adding node: 
----------
Node: 
	ID: (32614,-1845891848)
	Cost: 
		G: -0.000000
		H:0.000000
		F:-0.000000
	Parent:(32614,-1845891864)
----------[0m
[32m[DEBUG] [1620761672.065859735]: Adding node: 
----------
Node: 
	ID: (32614,-1845891864)
	Cost: 
		G: -0.000000
		H:0.000000
		F:-0.000000
	Parent:(32614,-1845891880)
----------[0m
[32m[DEBUG] [1620761672.065885094]: Adding node: 
----------
Node: 
	ID: (32614,-1845891880)
	Cost: 
		G: -0.000000
		H:0.000000
		F:-0.000000
	Parent:(32614,-1845891896)
----------[0m
[32m[DEBUG] [1620761672.065910424]: Adding node: 
----------
Node: 
	ID: (32614,-1845891896)
	Cost: 
		G: -0.000000
		H:0.000000
		F:-0.000000
	Parent:(32614,-1845891912)
----------[0m
[32m[DEBUG] [1620761672.065935794]: Adding node: 
----------
Node: 
	ID: (32614,-1845891912)
	Cost: 
		G: -0.000000
		H:0.000000
		F:-0.000000
	Parent:(32614,-1845891928)
----------[0m
[32m[DEBUG] [1620761672.065961093]: Adding node: 
----------
Node: 
	ID: (32614,-1845891928)
	Cost: 
		G: -0.000000
		H:0.000000
		F:-0.000000
	Parent:(32614,-1845891944)
----------[0m
[32m[DEBUG] [1620761672.065987037]: Adding node: 
----------
Node: 
	ID: (32614,-1845891944)
	Cost: 
		G: -0.000000
		H:0.000000
		F:-0.000000
	Parent:(32614,-1845891960)
----------[0m
[32m[DEBUG] [1620761672.066012466]: Adding node: 
----------
Node: 
	ID: (32614,-1845891960)
	Cost: 
		G: -0.000000
		H:0.000000
		F:-0.000000
	Parent:(32614,-1845891976)
----------[0m
[32m[DEBUG] [1620761672.071979667]: Adding node: 
----------
Node: 
	ID: (32614,-1845891976)
	Cost: 
		G: -0.000000
		H:0.000000
		F:-0.000000
	Parent:(32614,-1845891992)
----------[0m
[32m[DEBUG] [1620761672.072024799]: Adding node: 
----------
Node: 
	ID: (32614,-1845891992)
	Cost: 
		G: -0.000000
		H:0.000000
		F:-0.000000
	Parent:(32614,-1845892008)
----------[0m
[32m[DEBUG] [1620761672.072053409]: Adding node: 
----------
Node: 
	ID: (32614,-1845892008)
	Cost: 
		G: -0.000000
		H:0.000000
		F:-0.000000
	Parent:(32614,-1845892024)
----------[0m
[32m[DEBUG] [1620761672.072080070]: Adding node: 
----------
Node: 
	ID: (32614,-1845892024)
	Cost: 
		G: -0.000000
		H:0.000000
		F:-0.000000
	Parent:(32614,-1845892040)
----------[0m
[32m[DEBUG] [1620761672.072106306]: Adding node: 
----------
Node: 
	ID: (32614,-1845892040)
	Cost: 
		G: -0.000000
		H:0.000000
		F:-0.000000
	Parent:(32614,-1845892056)
----------[0m
[32m[DEBUG] [1620761672.072132208]: Adding node: 
----------
Node: 
	ID: (32614,-1845892056)
	Cost: 
		G: -0.000000
		H:0.000000
		F:-0.000000
	Parent:(32614,-1845892072)
----------[0m
[32m[DEBUG] [1620761672.072158024]: Adding node: 
----------
Node: 
	ID: (32614,-1845892072)
	Cost: 
		G: -0.000000
		H:0.000000
		F:-0.000000
	Parent:(32614,-1845892088)
----------[0m
[32m[DEBUG] [1620761672.072184092]: Adding node: 
----------
Node: 
	ID: (32614,-1845892088)
	Cost: 
		G: -0.000000
		H:0.000000
		F:-0.000000
	Parent:(0,9512640)
----------[0m
[32m[DEBUG] [1620761672.072214201]: Adding node: 
----------
Node: 
	ID: (32614,-1845892104)
	C