[32m[DEBUG] [1620760506.601949623]: Tracing back path[0m
[32m[DEBUG] [1620760506.617772919]: Adding node: 
----------
Node: 
	ID: (71,58)
	Cost: 
		G: 0.000000
		H:0.000000
		F:0.000000
----------[0m
[32m[DEBUG] [1620760506.617852937]: Adding node: 
----------
Node: 
	ID: (32636,1989939192)
	Cost: 
		G: 1582663012324983693148908851036160.000000
		H:0.000000
		F:1582663012324983693148908851036160.000000
----------[0m
[32m[DEBUG] [1620760506.617888044]: Adding node: 
----------
Node: 
	ID: (32636,1989939176)
	Cost: 
		G: 1582660536444905122388359052787712.000000
		H:0.000000
		F:1582660536444905122388359052787712.000000
----------[0m
[32m[DEBUG] [1620760506.617919922]: Adding node: 
----------
Node: 
	ID: (32636,1989939160)
	Cost: 
		G: 1582658060564826551627809254539264.000000
		H:0.000000
		F:1582658060564826551627809254539264.000000
----------[0m
[32m[DEBUG] [1620760506.617950256]: Adding node: 
----------
Node: 
	ID: (32636,1989939144)
	Cost: 
		G: 1582655584684747980867259456290816.000000
		H:0.000000
		F:1582655584684747980867259456290816.000000
----------[0m
[32m[DEBUG] [1620760506.617980345]: Adding node: 
----------
Node: 
	ID: (32636,1989939128)
	Cost: 
		G: 1582653108804669410106709658042368.000000
		H:0.000000
		F:1582653108804669410106709658042368.000000
----------[0m
[32m[DEBUG] [1620760506.618009735]: Adding node: 
----------
Node: 
	ID: (32636,1989939112)
	Cost: 
		G: 1582650632924590839346159859793920.000000
		H:0.000000
		F:1582650632924590839346159859793920.000000
----------[0m
[32m[DEBUG] [1620760506.618038493]: Adding node: 
----------
Node: 
	ID: (32636,1989939096)
	Cost: 
		G: 1582648157044512268585610061545472.000000
		H:0.000000
		F:1582648157044512268585610061545472.000000
----------[0m
[32m[DEBUG] [1620760506.618066805]: Adding node: 
----------
Node: 
	ID: (32636,1989939080)
	Cost: 
		G: 1582645681164433697825060263297024.000000
		H:0.000000
		F:1582645681164433697825060263297024.000000
----------[0m
[32m[DEBUG] [1620760506.618096372]: Adding node: 
----------
Node: 
	ID: (32636,1989939064)
	Cost: 
		G: 1582643205284355127064510465048576.000000
		H:0.000000
		F:1582643205284355127064510465048576.000000
----------[0m
[32m[DEBUG] [1620760506.618125264]: Adding node: 
----------
Node: 
	ID: (32636,1989939048)
	Cost: 
		G: 1582640729404276556303960666800128.000000
		H:0.000000
		F:1582640729404276556303960666800128.000000
----------[0m
[32m[DEBUG] [1620760506.618153686]: Adding node: 
----------
Node: 
	ID: (32636,1989939032)
	Cost: 
		G: 1582638253524197985543410868551680.000000
		H:0.000000
		F:1582638253524197985543410868551680.000000
----------[0m
[32m[DEBUG] [1620760506.618182074]: Adding node: 
----------
Node: 
	ID: (32636,1989939016)
	Cost: 
		G: 1582635777644119414782861070303232.000000
		H:0.000000
		F:1582635777644119414782861070303232.000000
----------[0m
[32m[DEBUG] [1620760506.618210093]: Adding node: 
----------
Node: 
	ID: (32636,1989939000)
	Cost: 
		G: 1582633301764040844022311272054784.000000
		H:0.000000
		F:1582633301764040844022311272054784.000000
----------[0m
[32m[DEBUG] [1620760506.618238413]: Adding node: 
----------
Node: 
	ID: (32636,1989938984)
	Cost: 
		G: 1582630825883962273261761473806336.000000
		H:0.000000
		F:1582630825883962273261761473806336.000000
----------[0m
[32m[DEBUG] [1620760506.618266556]: Adding node: 
----------
Node: 
	ID: (32636,1989938968)
	Cost: 
		G: 1582628350003883702501211675557888.000000
		H:0.000000
		F:1582628350003883702501211675557888.000000
----------[0m
[32m[DEBUG] [1620760506.618294706]: Adding node: 
----------
Node: 
	ID: (32636,1989938952)
	Cost: 
		G: 1582625874123805131740661877309440.000000
		H:0.000000
		F:1582625874123805131740661877309440.000000
----------[0m
[32m[DEBUG] [1620760506.618323647]: Adding node: 
----------
Node: 
	ID: (32636,1989938936)
	Cost: 
		G: 1582623398243726560980112079060992.000000
		H:0.000000
		F:1582623398243726560980112079060992.000000
----------[0m
[32m[DEBUG] [1620760506.618352528]: Adding node: 
----------
Node: 
	ID: (32636,1989938920)
	Cost: 
		G: 1582620922363647990219562280812544.000000
		H:0.000000
		F:1582620922363647990219562280812544.000000
----------[0m
[32m[DEBUG] [1620760506.618410745]: Adding node: 
----------
Node: 
	ID: (32636,1989938904)
	Cost: 
		G: 1582618446483569419459012482564096.000000
		H:0.000000
		F:1582618446483569419459012482564096.000000
----------[0m
[32m[DEBUG] [1620760506.618439876]: Adding node: 
----------
Node: 
	ID: (32636,1989938888)
	Cost: 
		G: 1582615970603490848698462684315648.000000
		H:0.000000
		F:1582615970603490848698462684315648.000000
----------[0m
[32m[DEBUG] [1620760506.618468282]: Adding node: 
----------
Node: 
	ID: (32636,1989938872)
	Cost: 
		G: 1582613494723412277937912886067200.000000
		H:0.000000
		F:1582613494723412277937912886067200.000000
----------[0m
[32m[DEBUG] [1620760506.618496564]: Adding node: 
----------
Node: 
	ID: (32636,1989938856)
	Cost: 
		G: 1582611018843333707177363087818752.000000
		H:0.000000
		F:1582611018843333707177363087818752.000000
----------[0m
[32m[DEBUG] [1620760506.618524845]: Adding node: 
----------
Node: 
	ID: (32636,1989938840)
	Cost: 
		G: 1582608542963255136416813289570304.000000
		H:0.000000
		F:1582608542963255136416813289570304.000000
----------[0m
[32m[DEBUG] [1620760506.618553055]: Adding node: 
----------
Node: 
	ID: (32636,1989938824)
	Cost: 
		G: 1582606067083176565656263491321856.000000
		H:0.000000
		F:1582606067083176565656263491321856.000000
----------[0m
[32m[DEBUG] [1620760506.618581924]: Adding node: 
----------
Node: 
	ID: (32636,1989938808)
	Cost: 
		G: 1582603591203097994895713693073408.000000
		H:0.000000
		F:1582603591203097994895713693073408.000000
----------[0m
[32m[DEBUG] [1620760506.618610206]: Adding node: 
----------
Node: 
	ID: (32636,1989938792)
	Cost: 
		G: 1582601115323019424135163894824960.000000
		H:0.000000
		F:1582601115323019424135163894824960.000000
----------[0m
[32m[DEBUG] [1620760506.618638453]: Adding node: 
----------
Node: 
	ID: (32636,1989938776)
	Cost: 
		G: 1582598639442940853374614096576512.000000
		H:0.000000
		F:1582598639442940853374614096576512.000000
----------[0m
[32m[DEBUG] [1620760506.627730994]: Adding node: 
----------
Node: 
	ID: (32636,1989938760)
	Cost: 
		G: 1582596163562862282614064298328064.000000
		H:0.000000
		F:1582596163562862282614064298328064.000000
----------[0m
[32m[DEBUG] [1620760506.627773909]: Adding node: 
----------
Node: 
	ID: (32636,1989938744)
	Cost: 
		G: 1582593687682783711853514500079616.000000
		H:0.000000
		F:1582593687682783711853514500079616.000000
----------[0m
[32m[DEBUG] [1620760506.627807063]: Adding node: 
----------
Node: 
	ID: (32636,1989938728)
	Cost: 
		G: 1582591211802705141092964701831168.000000
		H:0.000000
		F:1582591211802705141092964701831168.000000
----------[0m
[32m[DEBUG] [1620760506.627838110]: Adding node: 
----------
Node: 
	ID: (32636,1989938712)
	Cost: 
		G: 1582588735922626570332414903582720.000000
		H:0.000000
		F:1582588735922626570332414903582720.000000
----------[0m
[32m[DEBUG] [1620760506.627868603]: Adding node: 
----------
Node: 
	ID: (32636,1989938696)
	Cost: 
		G: 1582586260042547999571865105334272.000000
		H:0.000000
		F:1582586260042547999571865105334272.000000
----------[0m
[32m[DEBUG] [1620760506.627901673]: Adding node: 
----------
Node: 
	ID: (32636,1989938680)
	Cost: 
		G: 1582583784162469428811315307085824.000000
		H:0.000000
		F:1582583784162469428811315307085824.000000
----------[0m
[32m[DEBUG] [1620760506.627932496]: Adding node: 
----------
Node: 
	ID: (32636,1989938664)
	Cost: 
		G: 1582581308282390858050765508837376.000000
		H:0.000000
		F:1582581308282390858050765508837376.000000
----------[0m
[32m[DEBUG] [1620760506.627961999]: Adding node: 
----------
Node: 
	ID: (32636,1989938648)
	Cost: 
		G: 1582578832402312287290215710588928.000000
		H:0.000000
		F:1582578832402312287290215710588928.000000
----------[0m
[32m[DEBUG] [1620760506.627991490]: Adding node: 
----------
Node: 
	ID: (32636,1989938632)
	Cost: 
		G: 1582576356522233716529665912340480.000000
		H:0.000000
		F:1582576356522233716529665912340480.000000
----------[0m
[32m[DEBUG] [1620760506.628046438]: Adding node: 
----------
Node: 
	ID: (32636,1989938616)
	Cost: 
		G: 1582573880642155145769116114092032.000000
		H:0.000000
		F:1582573880642155145769116114092032.000000
----------[0m
[32m[DEBUG] [1620760506.628076485]: Adding node: 
----------
Node: 
	ID: (32636,1989938600)
	Cost: 
		G: 1582571404762076575008566315843584.000000
		H:0.000000
		F:1582571404762076575008566315843584.000000
----------[0m
[32m[DEBUG] [1620760506.628105452]: Adding node: 
----------
Node: 
	ID: (32636,1989938584)
	Cost: 
		G: 1582568928881998004248016517595136.000000
		H:0.000000
		F:1582568928881998004248016517595136.000000
----------[0m
[32m[DEBUG] [1620760506.628134178]: Adding node: 
----------
Node: 
	ID: (32636,1989938568)
	Cost: 
		G: 1582566453001919433487466719346688.000000
		H:0.000000
		F:1582566453001919433487466719346688.000000
----------[0m
[32m[DEBUG] [1620760506.628162682]: Adding node: 
----------
Node: 
	ID: (32636,1989938552)
	Cost: 
		G: 1582563977121840862726916921098240.000000
		H:0.000000
		F:1582563977121840862726916921098240.000000
----------[0m
[32m[DEBUG] [1620760506.628213693]: Adding node: 
----------
Node: 
	ID: (32636,1989938536)
	Cost: 
		G: 1582561501241762291966367122849792.000000
		H:0.000000
		F:1582561501241762291966367122849792.000000
----------[0m
[32m[DEBUG] [1620760506.628252193]: Adding node: 
----------
Node: 
	ID: (32636,1989938520)
	Cost: 
		G: 1582559025361683721205817324601344.000000
		H:0.000000
		F:1582559025361683721205817324601344.000000
----------[0m
[32m[DEBUG] [1620760506.628333501]: Adding node: 
----------
Node: 
	ID: (32636,1989938504)
	Cost: 
		G: 1582556549481605150445267526352896.000000
		H:0.000000
		F:1582556549481605150445267526352896.000000
----------[0m
[32m[DEBUG] [1620760506.628367485]: Adding node: 
----------
Node: 
	ID: (32636,1989938488)
	Cost: 
		G: 1582554073601526579684717728104448.000000
		H:0.000000
		F:1582554073601526579684717728104448.000000
----------[0m
[32m[DEBUG] [1620760506.628396724]: Adding node: 
----------
Node: 
	ID: (32636,1989938472)
	Cost: 
		G: 1582551597721448008924167929856000.000000
		H:0.000000
		F:1582551597721448008924167929856000.000000
----------[0m
[32m[DEBUG] [1620760506.628425710]: Adding node: 
----------
Node: 
	ID: (32636,1989938456)
	Cost: 
		G: 1582549121841369438163618131607552.000000
		H:0.000000
		F:1582549121841369438163618131607552.000000
----------[0m
[32m[DEBUG] [1620760506.628454341]: Adding node: 
----------
Node: 
	ID: (32636,1989938440)
	Cost: 
		G: 1582546645961290867403068333359104.000000
		H:0.000000
		F:1582546645961290867403068333359104.000000
----------[0m
[32m[DEBUG] [1620760506.628482792]: Adding node: 
----------
Node: 
	ID: (32636,1989938424)
	Cost: 
		G: 1582544170081212296642518535110656.000000
		H:0.000000
		F:1582544170081212296642518535110656.000000
----------[0m
[32m[DEBUG] [1620760506.628511414]: Adding node: 
----------
Node: 
	ID: (32636,1989938408)
	Cost: 
		G: 1582541694201133725881968736862208.000000
		H:0.000000
		F:1582541694201133725881968736862208.000000
----------[0m
[32m[DEBUG] [1620760506.628539833]: Adding node: 
----------
Node: 
	ID: (32636,1989938392)
	Cost: 
		G: 1582539218321055155121418938613760.000000
		H:0.000000
		F:1582539218321055155121418938613760.000000
----------[0m
[32m[DEBUG] [1620760506.628568347]: Adding node: 
----------
Node: 
	ID: (32636,1989938376)
	Cost: 
		G: 1582536742440976584360869140365312.000000
		H:0.000000
		F:1582536742440976584360869140365312.000000
----------[0m
[32m[DEBUG] [1620760506.628596851]: Adding node: 
----------
Node: 
	ID: (32636,1989938360)
	Cost: 
		G: 1582534266560898013600319342116864.000000
		H:0.000000
		F:1582534266560898013600319342116864.000000
----------[0m
[32m[DEBUG] [1620760506.628625332]: Adding node: 
----------
Node: 
	ID: (32636,1989938344)
	Cost: 
		G: 1582531790680819442839769543868416.000000
		H:0.000000
		F:1582531790680819442839769543868416.000000
----------[0m
[32m[DEBUG] [1620760506.628653728]: Adding node: 
----------
Node: 
	ID: (32636,1989938328)
	Co