[32m[DEBUG] [1620763992.619449180]: Done Initializing start point: 
----------
Node: 
	ID: (0,0)
	Cost: 
		G: 0.000000
		H:0.000000
		F:0.000000
	Parent:(0,0)
----------[0m
[32m[DEBUG] [1620763992.627140785]: Tracing back path[0m
[32m[DEBUG] [1620763992.645427357]: Adding node: 
----------
Node: 
	ID: (71,58)
	Cost: 
		G: 0.000000
		H:0.000000
		F:0.000000
	Parent:(32662,-729890808)
---------- with parent 
----------
Node: 
	ID: (32662,-729890808)
	Cost: 
		G: -4376577966080.000000
		H:0.000000
		F:-4376577966080.000000
	Parent:(32662,-729890824)
----------[0m
[32m[DEBUG] [1620763992.645497804]: Adding node: 
----------
Node: 
	ID: (32662,-729890808)
	Cost: 
		G: -4376577966080.000000
		H:0.000000
		F:-4376577966080.000000
	Parent:(32662,-729890824)
---------- with parent 
----------
Node: 
	ID: (32662,-729890824)
	Cost: 
		G: -4376573771776.000000
		H:0.000000
		F:-4376573771776.000000
	Parent:(32662,-729890840)
----------[0m
[32m[DEBUG] [1620763992.645542126]: Adding node: 
----------
Node: 
	ID: (32662,-729890824)
	Cost: 
		G: -4376573771776.000000
		H:0.000000
		F:-4376573771776.000000
	Parent:(32662,-729890840)
---------- with parent 
----------
Node: 
	ID: (32662,-729890840)
	Cost: 
		G: -4376569577472.000000
		H:0.000000
		F:-4376569577472.000000
	Parent:(32662,-729890856)
----------[0m
[32m[DEBUG] [1620763992.645585678]: Adding node: 
----------
Node: 
	ID: (32662,-729890840)
	Cost: 
		G: -4376569577472.000000
		H:0.000000
		F:-4376569577472.000000
	Parent:(32662,-729890856)
---------- with parent 
----------
Node: 
	ID: (32662,-729890856)
	Cost: 
		G: -4376565383168.000000
		H:0.000000
		F:-4376565383168.000000
	Parent:(32662,-729890872)
----------[0m
[32m[DEBUG] [1620763992.645628577]: Adding node: 
----------
Node: 
	ID: (32662,-729890856)
	Cost: 
		G: -4376565383168.000000
		H:0.000000
		F:-4376565383168.000000
	Parent:(32662,-729890872)
---------- with parent 
----------
Node: 
	ID: (32662,-729890872)
	Cost: 
		G: -4376561188864.000000
		H:0.000000
		F:-4376561188864.000000
	Parent:(32662,-729890888)
----------[0m
[32m[DEBUG] [1620763992.645670343]: Adding node: 
----------
Node: 
	ID: (32662,-729890872)
	Cost: 
		G: -4376561188864.000000
		H:0.000000
		F:-4376561188864.000000
	Parent:(32662,-729890888)
---------- with parent 
----------
Node: 
	ID: (32662,-729890888)
	Cost: 
		G: -4376556994560.000000
		H:0.000000
		F:-4376556994560.000000
	Parent:(32662,-729890904)
----------[0m
[32m[DEBUG] [1620763992.645711814]: Adding node: 
----------
Node: 
	ID: (32662,-729890888)
	Cost: 
		G: -4376556994560.000000
		H:0.000000
		F:-4376556994560.000000
	Parent:(32662,-729890904)
---------- with parent 
----------
Node: 
	ID: (32662,-729890904)
	Cost: 
		G: -4376552800256.000000
		H:0.000000
		F:-4376552800256.000000
	Parent:(32662,-729890920)
----------[0m
[32m[DEBUG] [1620763992.645752798]: Adding node: 
----------
Node: 
	ID: (32662,-729890904)
	Cost: 
		G: -4376552800256.000000
		H:0.000000
		F:-4376552800256.000000
	Parent:(32662,-729890920)
---------- with parent 
----------
Node: 
	ID: (32662,-729890920)
	Cost: 
		G: -4376548605952.000000
		H:0.000000
		F:-4376548605952.000000
	Parent:(32662,-729890936)
----------[0m
[32m[DEBUG] [1620763992.645793377]: Adding node: 
----------
Node: 
	ID: (32662,-729890920)
	Cost: 
		G: -4376548605952.000000
		H:0.000000
		F:-4376548605952.000000
	Parent:(32662,-729890936)
---------- with parent 
----------
Node: 
	ID: (32662,-729890936)
	Cost: 
		G: -4376544411648.000000
		H:0.000000
		F:-4376544411648.000000
	Parent:(32662,-729890952)
----------[0m
[32m[DEBUG] [1620763992.645834958]: Adding node: 
----------
Node: 
	ID: (32662,-729890936)
	Cost: 
		G: -4376544411648.000000
		H:0.000000
		F:-4376544411648.000000
	Parent:(32662,-729890952)
---------- with parent 
----------
Node: 
	ID: (32662,-729890952)
	Cost: 
		G: -4376540217344.000000
		H:0.000000
		F:-4376540217344.000000
	Parent:(32662,-729890968)
----------[0m
[32m[DEBUG] [1620763992.645881985]: Adding node: 
----------
Node: 
	ID: (32662,-729890952)
	Cost: 
		G: -4376540217344.000000
		H:0.000000
		F:-4376540217344.000000
	Parent:(32662,-729890968)
---------- with parent 
----------
Node: 
	ID: (32662,-729890968)
	Cost: 
		G: -4376536023040.000000
		H:0.000000
		F:-4376536023040.000000
	Parent:(32662,-729890984)
----------[0m
[32m[DEBUG] [1620763992.645957648]: Adding node: 
----------
Node: 
	ID: (32662,-729890968)
	Cost: 
		G: -4376536023040.000000
		H:0.000000
		F:-4376536023040.000000
	Parent:(32662,-729890984)
---------- with parent 
----------
Node: 
	ID: (32662,-729890984)
	Cost: 
		G: -4376531828736.000000
		H:0.000000
		F:-4376531828736.000000
	Parent:(32662,-729891000)
----------[0m
[32m[DEBUG] [1620763992.645994674]: Adding node: 
----------
Node: 
	ID: (32662,-729890984)
	Cost: 
		G: -4376531828736.000000
		H:0.000000
		F:-4376531828736.000000
	Parent:(32662,-729891000)
---------- with parent 
----------
Node: 
	ID: (32662,-729891000)
	Cost: 
		G: -4376527634432.000000
		H:0.000000
		F:-4376527634432.000000
	Parent:(32662,-729891016)
----------[0m
[32m[DEBUG] [1620763992.646030782]: Adding node: 
----------
Node: 
	ID: (32662,-729891000)
	Cost: 
		G: -4376527634432.000000
		H:0.000000
		F:-4376527634432.000000
	Parent:(32662,-729891016)
---------- with parent 
----------
Node: 
	ID: (32662,-729891016)
	Cost: 
		G: -4376523440128.000000
		H:0.000000
		F:-4376523440128.000000
	Parent:(32662,-729891032)
----------[0m
[32m[DEBUG] [1620763992.646066796]: Adding node: 
----------
Node: 
	ID: (32662,-729891016)
	Cost: 
		G: -4376523440128.000000
		H:0.000000
		F:-4376523440128.000000
	Parent:(32662,-729891032)
---------- with parent 
----------
Node: 
	ID: (32662,-729891032)
	Cost: 
		G: -4376519245824.000000
		H:0.000000
		F:-4376519245824.000000
	Parent:(32662,-729891048)
----------[0m
[32m[DEBUG] [1620763992.646102680]: Adding node: 
----------
Node: 
	ID: (32662,-729891032)
	Cost: 
		G: -4376519245824.000000
		H:0.000000
		F:-4376519245824.000000
	Parent:(32662,-729891048)
---------- with parent 
----------
Node: 
	ID: (32662,-729891048)
	Cost: 
		G: -4376515051520.000000
		H:0.000000
		F:-4376515051520.000000
	Parent:(32662,-729891064)
----------[0m
[32m[DEBUG] [1620763992.646138266]: Adding node: 
----------
Node: 
	ID: (32662,-729891048)
	Cost: 
		G: -4376515051520.000000
		H:0.000000
		F:-4376515051520.000000
	Parent:(32662,-729891064)
---------- with parent 
----------
Node: 
	ID: (32662,-729891064)
	Cost: 
		G: -4376510857216.000000
		H:0.000000
		F:-4376510857216.000000
	Parent:(32662,-729891080)
----------[0m
[32m[DEBUG] [1620763992.646183029]: Adding node: 
----------
Node: 
	ID: (32662,-729891064)
	Cost: 
		G: -4376510857216.000000
		H:0.000000
		F:-4376510857216.000000
	Parent:(32662,-729891080)
---------- with parent 
----------
Node: 
	ID: (32662,-729891080)
	Cost: 
		G: -4376506662912.000000
		H:0.000000
		F:-4376506662912.000000
	Parent:(32662,-729891096)
----------[0m
[32m[DEBUG] [1620763992.646215222]: Adding node: 
----------
Node: 
	ID: (32662,-729891080)
	Cost: 
		G: -4376506662912.000000
		H:0.000000
		F:-4376506662912.000000
	Parent:(32662,-729891096)
---------- with parent 
----------
Node: 
	ID: (32662,-729891096)
	Cost: 
		G: -4376502468608.000000
		H:0.000000
		F:-4376502468608.000000
	Parent:(32662,-729891112)
----------[0m
[32m[DEBUG] [1620763992.646247637]: Adding node: 
----------
Node: 
	ID: (32662,-729891096)
	Cost: 
		G: -4376502468608.000000
		H:0.000000
		F:-4376502468608.000000
	Parent:(32662,-729891112)
---------- with parent 
----------
Node: 
	ID: (32662,-729891112)
	Cost: 
		G: -4376498274304.000000
		H:0.000000
		F:-4376498274304.000000
	Parent:(32662,-729891128)
----------[0m
[32m[DEBUG] [1620763992.646279035]: Adding node: 
----------
Node: 
	ID: (32662,-729891112)
	Cost: 
		G: -4376498274304.000000
		H:0.000000
		F:-4376498274304.000000
	Parent:(32662,-729891128)
---------- with parent 
----------
Node: 
	ID: (32662,-729891128)
	Cost: 
		G: -4376494080000.000000
		H:0.000000
		F:-4376494080000.000000
	Parent:(32662,-729891144)
----------[0m
[32m[DEBUG] [1620763992.646310551]: Adding node: 
----------
Node: 
	ID: (32662,-729891128)
	Cost: 
		G: -4376494080000.000000
		H:0.000000
		F:-4376494080000.000000
	Parent:(32662,-729891144)
---------- with parent 
----------
Node: 
	ID: (32662,-729891144)
	Cost: 
		G: -4376489885696.000000
		H:0.000000
		F:-4376489885696.000000
	Parent:(32662,-729891160)
----------[0m
[32m[DEBUG] [1620763992.646386179]: Adding node: 
----------
Node: 
	ID: (32662,-729891144)
	Cost: 
		G: -4376489885696.000000
		H:0.000000
		F:-4376489885696.000000
	Parent:(32662,-729891160)
---------- with parent 
----------
Node: 
	ID: (32662,-729891160)
	Cost: 
		G: -4376485691392.000000
		H:0.000000
		F:-4376485691392.000000
	Parent:(32662,-729891176)
----------[0m
[32m[DEBUG] [1620763992.646427877]: Adding node: 
----------
Node: 
	ID: (32662,-729891160)
	Cost: 
		G: -4376485691392.000000
		H:0.000000
		F:-4376485691392.000000
	Parent:(32662,-729891176)
---------- with parent 
----------
Node: 
	ID: (32662,-729891176)
	Cost: 
		G: -4376481497088.000000
		H:0.000000
		F:-4376481497088.000000
	Parent:(32662,-729891192)
----------[0m
[32m[DEBUG] [1620763992.646459484]: Adding node: 
----------
Node: 
	ID: (32662,-729891176)
	Cost: 
		G: -4376481497088.000000
		H:0.000000
		F:-4376481497088.000000
	Parent:(32662,-729891192)
---------- with parent 
----------
Node: 
	ID: (32662,-729891192)
	Cost: 
		G: -4376477302784.000000
		H:0.000000
		F:-4376477302784.000000
	Parent:(32662,-729891208)
----------[0m
[32m[DEBUG] [1620763992.646490950]: Adding node: 
----------
Node: 
	ID: (32662,-729891192)
	Cost: 
		G: -4376477302784.000000
		H:0.000000
		F:-4376477302784.000000
	Parent:(32662,-729891208)
---------- with parent 
----------
Node: 
	ID: (32662,-729891208)
	Cost: 
		G: -4376473108480.000000
		H:0.000000
		F:-4376473108480.000000
	Parent:(32662,-729891224)
----------[0m
[32m[DEBUG] [1620763992.646522174]: Adding node: 
----------
Node: 
	ID: (32662,-729891208)
	Cost: 
		G: -4376473108480.000000
		H:0.000000
		F:-4376473108480.000000
	Parent:(32662,-729891224)
---------- with parent 
----------
Node: 
	ID: (32662,-729891224)
	Cost: 
		G: -4376468914176.000000
		H:0.000000
		F:-4376468914176.000000
	Parent:(32662,-729891240)
----------[0m
[32m[DEBUG] [1620763992.646553715]: Adding node: 
----------
Node: 
	ID: (32662,-729891224)
	Cost: 
		G: -4376468914176.000000
		H:0.000000
		F:-4376468914176.000000
	Parent:(32662,-729891240)
---------- with parent 
----------
Node: 
	ID: (32662,-729891240)
	Cost: 
		G: -4376464719872.000000
		H:0.000000
		F:-4376464719872.000000
	Parent:(32662,-729891256)
----------[0m
[32m[DEBUG] [1620763992.646585033]: Adding node: 
----------
Node: 
	ID: (32662,-729891240)
	Cost: 
		G: -4376464719872.000000
		H:0.000000
		F:-4376464719872.000000
	Parent:(32662,-729891256)
---------- with parent 
----------
Node: 
	ID: (32662,-729891256)
	Cost: 
		G: -4376460525568.000000
		H:0.000000
		F:-4376460525568.000000
	Parent:(32662,-729891272)
----------[0m
[32m[DEBUG] [1620763992.646616411]: Adding node: 
----------
Node: 
	ID: (32662,-729891256)
	Cost: 
		G: -4376460525568.000000
		H:0.000000
		F:-4376460525568.000000
	Parent:(32662,-729891272)
---------- with parent 
----------
Node: 
	ID: (32662,-729891272)
	Cost: 
		G: -4376456331264.000000
		H:0.000000
		F:-4376456331264.000000
	Parent:(32662,-729891288)
----------[0m
[32m[DEBUG] [1620763992.646647869]: Adding node: 
----------
Node: 
	ID: (32662,-729891272)
	Cost: 
		G: -4376456331264.000000
		H:0.000000
		F:-4376456331264.000000
	Parent:(32662,-729891288)
---------- with parent 
----------
Node: 
	ID: (32662,-729891288)
	Cost: 
		G: -4376452136960.000000
		H:0.000000
		F:-4376452136960.000000
	Parent:(32662,-729891304)
----------[0m
[32m[DEBUG] [1620763992.646679362]: Adding node: 
----------
Node: 
	ID: (32662,-729891288)
	Cost: 
		G: -4376452136960.000000
		H:0.000000
		F:-4376452136960.000000
	Parent:(32662,-729891304)
---------- with parent 
----------
Node: 
	ID: (32662,-729891304)
	Cost: 
		G: -4376447942656.000000
		H:0.000000
		F:-4376447942656.000000
	Parent:(32662,-729891320)
----------[0m
[32m[DEBUG] [1620763992.646710752]: Adding node: 
----------
Node: 
	ID: (32662,-729891304)
	Cost: 
		G: -4376447942656.000000
		H:0.000000
		F:-4376447942656.000000
	Parent:(32662,-729891320)
---------- with parent 
----------
Node: 
	ID: (32662,-729891320)
	Cost: 
		G: -4376443748352.000000
		H:0.000000
		F:-4376443748352.000000
	Parent:(32662,-729891336)
----------[0m
[32m[DEBUG] [1620763992.646754205]: Adding node: 
----------
Node: 
	ID: (32662,-729891320)
	Cost: 
		G: -4376443748352.000000
		H:0.000000
		F:-4376443748352.000000
	Parent:(32662,-729891336)
---------- with parent 
----------
Node: 
	ID: (32662,-729891336)
	Cost: 
		G: -4376439554048.000000
		H:0.000000
		F:-4376439554048.000000
	Parent:(32662,-729891352)
----------[0m
[32m[DEBUG] [1620763992.646786908]: Adding node: 
----------
Node: 
	ID: (32662,-729891336)
	Cost: 
		G: -4376439554048.000000
		H:0.000000
		F:-4376439554048.000000
	Parent:(32662,-729891352)
---------- with parent 
----------
Node: 
	ID: (32662,-729891352)
	Cost: 
		G: -4376435359744.000000
		H:0.000000
		F:-4376435359744.000000
	Parent:(32662,-729891368)
----------[0m
[32m[DEBUG] [1620763992.646818711]: Adding node: 
----------
Node: 
	ID: (32662,-729891352)
	Cost: 
		G: -4376435359744.000000
		H:0.000000
		F:-4376435359744.000000
	Parent:(32662,-729891368)
---------- with parent 
----------
Node: 
	ID: (32662,-729891368)
	Cost: 
		G: -4376431165440.000000
		H:0.000000
		F:-4376431165440.000000
	Parent:(32662,-729891384)
----------[0m
[32m[DEBUG] [1620763992.646850292]: Adding node: 
----------
Node: 
	ID: (32662,-729891368)
	Cost: 
		G: -4376431165440.000000
		H:0.000000
		F:-4376431165440.000000
	Parent:(32662,-729891384)
---------- with parent 
----------
Node: 
	ID: (32662,-729891384)
	Cost: 
		G: -4376426971136.000000
		H:0.000000
		F:-4376426971136.000000
	Parent:(32662,-729891400)
----------[0m
[32m[DEBUG] [1620763992.646881889]: Adding node: 
----------
Node: 
	ID: (32662,-729891384)
	Cost: 
		G: -4376426971136.000000
		H:0.000000
		F:-4376426971136.000000
	Parent:(32662,-729891400)
---------- with parent 
----------
Node: 
	ID: (32662,-729891400)
	Cost: 
		G: -4376422776832.000000
		H:0.000000
		F:-4376422776832.000000
	Parent:(32662,-729891416)
----------[0m
[32m[DEBUG] [1620763992.646913454]: Adding node: 
----------
Node: 
	ID: (32662,-729891400)
	Cost: 
		G: -4376422776832.000000
		H:0.000000
		F:-4376422776832.000000
	Parent:(32662,-729891416)
---------- with parent 
----------
Node: 
	ID: (32662,-729891416)
	Cost: 
		G: -4376418582528.000000
		H:0.000000
		F:-4376418582528.000000
	Parent:(32662,-729891432)
----------[0m
[32m[DEBUG] [1620763992.646945114]: Adding node: 
----------
Node: 
	ID: (32662,-729891416)
	Cost: 
		G: -4376418582528.000000
		H:0.000000
		F:-4376418582528.000000
	Parent:(32662,-729891432)
---------- with parent 
----------
Node: 
	ID: (32662,-729891432)
	Cost: 
		G: -4376414388224.000000
		H:0.000000
		F:-4376414388224.000000
	Parent:(32662,-729891448)
----------[0m
[32m[DEBUG] [1620763992.646976609]: Adding node: 
----------
Node: 
	ID: (32662,-729891432)
	Cost: 
		G: -4376414388224.000000
		H:0.000000
		F:-4376414388224.000000
	Parent:(32662,-729891448)
---------- with parent 
----------
Node: 
	ID: (32662,-729891448)
	Cost: 
		G: -4376410193920.000000
		H:0.000000
		F:-4376410193920.000000
	Parent:(32662,-729891464)
----------[0m
[32m[DEBUG] [1620763992.647008043]: Adding node: 
----------
Node: 
	ID: (32662,-729891448)
	Cost: 
		G: -4376410193920.000000
		H:0.000000
		F:-4376410193920.000000
	Parent:(32662,-729891464)
---------- with parent 
----------
Node: 
	ID: (32662,-729891464)
	Cost: 
		G: -4376405999616.000000
		H:0.000000
		F:-4376405999616.000000
	Parent:(32662,-729891480)
----------[0m
[32m[DEBUG] [1620763992.647039441]: Adding node: 
----------
Node: 
	ID: (32662,-729891464)
	Cost: 
		G: -4376405999616.000000
		H:0.000000
		F:-4376405999616.000000
	Parent:(32662,-729891480)
---------- with parent 
----------
Node: 
	ID: (32662,-729891480)
	Cost: 
		G: -4376401805312.000000
		H:0.000000
		F:-4376401805312.000000
	Parent:(32662,-729891496)
----------[0m
[32m[DEBUG] [1620763992.647082706]: Adding node: 
----------
Node: 
	ID: (32662,-729891480)
	Cost: 
		G: -4376401805312.000000
		H:0.000000
		F:-4376401805312.000000
	Parent:(32662,-729891496)
---------- with parent 
----------
Node: 
	ID: (32662,-729891496)
	Cost: 
		G: -4376397611008.000000
		H:0.000000
		F:-4376397611008.000000
	Parent:(32662,-729891512)
----------[0m
[32m[DEBUG] [1620763992.647131853]: Adding node: 
----------
Node: 
	ID: (32662,-729891496)
	Cost: 
		G: -4376397611008.000000
		H:0.000000
		F:-4376397611008.000000
	Parent:(32662,-729891512)
---------- with parent 
----------
Node: 
	ID: (32662,-729891512)
	Cost: 
		G: -4376393416704.000000
		H:0.000000
		F:-4376393416704.000000
	Parent:(32662,-729891528)
----------[0m
[32m[DEBUG] [1620763992.647163899]: Adding node: 
----------
Node: 
	ID: (32662,-729891512)
	Cost: 
		G: -4376393416704.000000
		H:0.000000
		F:-4376393416704.000000
	Parent:(32662,-729891528)
---------- with parent 
----------
Node: 
	ID: (32662,-729891528)
	Cost: 
		G: -4376389222400.000000
		H:0.000000
		F:-4376389222400.000000
	Parent:(32662,-729891544)
----------[0m
[32m[DEBUG] [1620763992.647195294]: Adding node: 
----------
Node: 
	ID: (32662,-729891528)
	Cost: 
		G: -4376389222400.000000
		H:0.000000
		F:-4376389222400.000000
	Parent:(32662,-729891544)
---------- with parent 
----------
Node: 
	ID: (32662,-729891544)
	Cost: 
		G: -4376385028096.000000
		H:0.000000
		F:-4376385028096.000000
	Parent:(32662,-729891560)
----------[0m
[32m[DEBUG] [1620763992.647226869]: Adding node: 
----------
Node: 
	ID: (32662,-729891544)
	Cost: 
		G: -4376385028096.000000
		H:0.000000
		F:-4376385028096.000000
	Parent:(32662,-729891560)
---------- with parent 
----------
Node: 
	ID: (32662,-729891560)
	Cost: 
		G: -4376380833792.000000
		H:0.000000
		F:-4376380833792.000000
	Parent:(32662,-729891576)
----------[0m
[32m[DEBUG] [1620763992.647258373]: Adding node: 
----------
Node: 
	ID: (32662,-729891560)
	Cost: 
		G: -4376380833792.000000
		H:0.000000
		F:-4376380833792.000000
	Parent:(32662,-729891576)
---------- with parent 
----------
Node: 
	ID: (32662,-729891576)
	Cost: 
		G: -4376376639488.000000
		H:0.000000
		F:-4376376639488.000000
	Parent:(32662,-729891592)
----------[0m
[32m[DEBUG] [1620763992.647290773]: Adding node: 
----------
Node: 
	ID: (32662,-729891576)
	Cost: 
		G: -4376376639488.000000
		H:0.000000
		F:-4376376639488.000000
	Parent:(32662,-729891592)
---------- with parent 
----------
Node: 
	ID: (32662,-729891592)
	Cost: 
		G: -4376372445184.000000
		H:0.000000
		F:-4376372445184.000000
	Parent:(32662,-729891608)
----------[0m
[32m[DEBUG] [1620763992.647322383]: Adding node: 
----------
Node: 
	ID: (32662,-729891592)
	Cost: 
		G: -4376372445184.000000
		H:0.000000
		F:-4376372445184.000000
	Parent:(32662,-729891608)
---------- with parent 
----------
Node: 
	ID: (32662,-729891608)
	Cost: 
		G: -4376368250880.000000
		H:0.000000
		F:-4376368250880.000000
	Parent:(32662,-729891624)
----------[0m
[32m[DEBUG] [1620763992.647353888]: Adding node: 
----------
Node: 
	ID: (32662,-729891608)
	Cost: 
		G: -4376368250880.000000
		H:0.000000
		F:-4376368250880.000000
	Parent:(32662,-729891624)
---------- with parent 
----------
Node: 
	ID: (32662,-729891624)
	Cost: 
		G: -4376364056576.000000
		H:0.000000
		F:-4376364056576.000000
	Parent:(32662,-729891640)
----------[0m
[32m[DEBUG] [1620763992.647385364]: Adding node: 
----------
Node: 
	ID: (32662,-729891624)
	Cost: 
		G: -4376364056576.000000
		H:0.000000
		F:-4376364056576.000000
	Parent:(32662,-729891640)
---------- with parent 
----------
Node: 
	ID: (32662,-729891640)
	Cost: 
		G: -4376359862272.000000
		H:0.000000
		F:-4376359862272.000000
	Parent:(32662,-729891656)
----------[0m
[32m[DEBUG] [1620763992.647416842]: Adding node: 
----------
Node: 
	ID: (32662,-729891640)
	Cost: 
		G: -4376359862272.000000
		H:0.000000
		F:-4376359862272.000000
	Parent:(32662,-729891656)
---------- with parent 
----------
Node: 
	ID: (32662,-729891656)
	Cost: 
		G: -4376355667968.000000
		H:0.000000
		F:-4376355667968.000000
	Parent:(32662,-729891672)
----------[0m
[32m[DEBUG] [1620763992.647456582]: Adding node: 
----------
Node: 
	ID: (32662,-729891656)
	Cost: 
		G: -4376355667968.000000
		H:0.000000
		F:-4376355667968.000000
	Parent:(32662,-729891672)
---------- with parent 
----------
Node: 
	ID: (32662,-729891672)
	Cost: 
		G: -4376351473664.000000
		H:0.000000
		F:-4376351473664.000000
	Parent:(32662,-729891688)
----------[0m
[32m[DEBUG] [1620763992.647488676]: Adding node: 
----------
Node: 
	ID: (32662,-729891672)
	Cost: 
		G: -4376351473664.000000
		H:0.000000
		F:-4376351473664.000000
	Parent:(32662,-729891688)
---------- with parent 
----------
Node: 
	ID: (32662,-729891688)
	Cost: 
		G: -4376347279360.000000
		H:0.000000
		F:-4376347279360.000000
	Parent:(32662,-729891704)
----------[0m
[32m[DEBUG] [1620763992.647520399]: Adding node: 
----------
Node: 
	ID: (32662,-729891688)
	Cost: 
		G: -4376347279360.000000
		H:0.000000
		F:-4376347279360.000000
	Parent:(32662,-729891704)
---------- with parent 
----------
Node: 
	ID: (32662,-729891704)
	Cost: 
		G: -4376343085056.000000
		H:0.000000
		F:-4376343085056.000000
	Parent:(32662,-729891720)
----------[0m
[32m[DEBUG] [1620763992.647552065]: Adding node: 
----------
Node: 
	ID: (32662,-729891704)
	Cost: 
		G: -4376343085056.000000
		H:0.000000
		F:-4376343085056.000000
	Parent:(32662,-729891720)
---------- with parent 
----------
Node: 
	ID: (32662,-729891720)
	Cost: 
		G: -4376338890752.000000
		H:0.000000
		F:-4376338890752.000000
	Parent:(32662,-729891736)
----------[0m
[32m[DEBUG] [1620763992.647583621]: Adding node: 
----------
Node: 
	ID: (32662,-729891720)
	Cost: 
		G: -4376338890752.000000
		H:0.000000
		F:-4376338890752.000000
	Parent:(32662,-729891736)
---------- with parent 
----------
Node: 
	ID: (32662,-729891736)
	Cost: 
		G: -4376334696448.000000
		H:0.000000
		F:-4376334696448.000000
	Parent:(32662,-729891752)
----------[0m
[32m[DEBUG] [1620763992.647615167]: Adding node: 
----------
Node: 
	ID: (32662,-729891736)
	Cost: 
		G: -4376334696448.000000
		H:0.000000
		F:-4376334696448.000000
	Parent:(32662,-729891752)
---------- with parent 
----------
Node: 
	ID: (32662,-729891752)
	Cost: 
		G: -4376330502144.000000
		H:0.000000
		F:-4376330502144.000000
	Parent:(32662,-729891768)
----------[0m
[32m[DEBUG] [1620763992.647646526]: Adding node: 
----------
Node: 
	ID: (32662,-729891752)
	Cost: 
		G: -4376330502144.000000
		H:0.000000
		F:-4376330502144.000000
	Parent:(32662,-729891768)
---------- with parent 
----------
Node: 
	ID: (32662,-729891768)
	Cost: 
		G: -4376326307840.000000
		H:0.000000
		F:-4376326307840.000000
	Parent:(32662,-729891784)
----------[0m
[32m[DEBUG] [1620763992.647677959]: Adding node: 
----------
Node: 
	ID: (32662,-729891768)
	Cost: 
		G: -4376326307840.000000
		H:0.000000
		F:-4376326307840.000000
	Parent:(32662,-729891784)
---------- with parent 
----------
Node: 
	ID: (32662,-729891784)
	Cost: 
		G: -4376322113536.000000
		H:0.000000
		F:-4376322113536.000000
	Parent:(32662,-729891800)
----------[0m
[32m[DEBUG] [1620763992.647709509]: Adding node: 
----------
Node: 
	ID: (32662,-729891784)
	Cost: 
		G: -4376322113536.000000
		H:0.000000
		F:-4376322113536.000000
	Parent:(32662,-729891800)
---------- with parent 
----------
Node: 
	ID: (32662,-729891800)
	Cost: 
		G: -4376317919232.000000
		H:0.000000
		F:-4376317919232.000000
	Parent:(32662,-729891816)
----------[0m
[32m[DEBUG] [1620763992.647741117]: Adding node: 
----------
Node: 
	ID: (32662,-729891800)
	Cost: 
		G: -4376317919232.000000
		H:0.000000
		F:-4376317919232.000000
	Parent:(32662,-729891816)
---------- with parent 
----------
Node: 
	ID: (32662,-729891816)
	Cost: 
		G: -4376313724928.000000
		H:0.000000
		F:-4376313724928.000000
	Parent:(32662,-729891832)
----------[0m
[32m[DEBUG] [1620763992.647772561]: Adding node: 
----------
Node: 
	ID: (32662,-729891816)
	Cost: 
		G: -4376313724928.000000
		H:0.000000
		F:-4376313724928.000000
	Parent:(32662,-729891832)
---------- with parent 
----------
Node: 
	ID: (32662,-729891832)
	Cost: 
		G: -4376309530624.000000
		H:0.000000
		F:-43