Determining if the pthread_create exist failed with the following output:
Change Dir: /home/charlie/projects/position_controller/build/CMakeFiles/CMakeTmp

Run Build Command:"/usr/bin/make" "cmTC_49f6c/fast"
/usr/bin/make -f CMakeFiles/cmTC_49f6c.dir/build.make CMakeFiles/cmTC_49f6c.dir/build
make[1]: Entering directory '/home/charlie/projects/position_controller/build/CMakeFiles/CMakeTmp'
Building C object CMakeFiles/cmTC_49f6c.dir/CheckSymbolExists.c.o
/usr/bin/cc     -o CMakeFiles/cmTC_49f6c.dir/CheckSymbolExists.c.o   -c /home/charlie/projects/position_controller/build/CMakeFiles/CMakeTmp/CheckSymbolExists.c
Linking C executable cmTC_49f6c
/usr/bin/cmake -E cmake_link_script CMakeFiles/cmTC_49f6c.dir/link.txt --verbose=1
/usr/bin/cc       CMakeFiles/cmTC_49f6c.dir/CheckSymbolExists.c.o  -o cmTC_49f6c -rdynamic 
CMakeFiles/cmTC_49f6c.dir/CheckSymbolExists.c.o: In function `main':
CheckSymbolExists.c:(.text+0x16): undefined reference to `pthread_create'
collect2: error: ld returned 1 exit status
CMakeFiles/cmTC_49f6c.dir/build.make:97: recipe for target 'cmTC_49f6c' failed
make[1]: *** [cmTC_49f6c] Error 1
make[1]: Leaving directory '/home/charlie/projects/position_controller/build/CMakeFiles/CMakeTmp'
Makefile:126: recipe for target 'cmTC_49f6c/fast' failed
make: *** [cmTC_49f6c/fast] Error 2

File /home/charlie/projects/position_controller/build/CMakeFiles/CMakeTmp/CheckSymbolExists.c:
/* */
#include <pthread.h>

int main(int argc, char** argv)
{
  (void)argv;
#ifndef pthread_create
  return ((int*)(&pthread_create))[argc];
#else
  (void)argc;
  return 0;
#endif
}

Determining if the function pthread_create exists in the pthreads failed with the following output:
Change Dir: /home/charlie/projects/position_controller/build/CMakeFiles/CMakeTmp

Run Build Command:"/usr/bin/make" "cmTC_b0651/fast"
/usr/bin/make -f CMakeFiles/cmTC_b0651.dir/build.make CMakeFiles/cmTC_b0651.dir/build
make[1]: Entering directory '/home/charlie/projects/position_controller/build/CMakeFiles/CMakeTmp'
Building C object CMakeFiles/cmTC_b0651.dir/CheckFunctionExists.c.o
/usr/bin/cc    -DCHECK_FUNCTION_EXISTS=pthread_create   -o CMakeFiles/cmTC_b0651.dir/CheckFunctionExists.c.o   -c /usr/share/cmake-3.5/Modules/CheckFunctionExists.c
Linking C executable cmTC_b0651
/usr/bin/cmake -E cmake_link_script CMakeFiles/cmTC_b0651.dir/link.txt --verbose=1
/usr/bin/cc   -DCHECK_FUNCTION_EXISTS=pthread_create    CMakeFiles/cmTC_b0651.dir/CheckFunctionExists.c.o  -o cmTC_b0651 -rdynamic -lpthreads 
/usr/bin/ld: cannot find -lpthreads
collect2: error: ld returned 1 exit status
CMakeFiles/cmTC_b0651.dir/build.make:97: recipe for target 'cmTC_b0651' failed
make[1]: *** [cmTC_b0651] Error 1
make[1]: Leaving directory '/home/charlie/projects/position_controller/build/CMakeFiles/CMakeTmp'
Makefile:126: recipe for target 'cmTC_b0651/fast' failed
make: *** [cmTC_b0651/fast] Error 2


