[32m[DEBUG] [1620758923.883919424]: 
----------
Node: 
	ID: (0,0)
	Cost: 
		G: 0.000000
		H:0.000000
		F:0.000000
----------[0m
[32m[DEBUG] [1620758923.884089542]: 
H_COST: (0, 91.0494[0m
[32m[DEBUG] [1620758923.884138705]: 
----------
Node: 
	ID: (0,0)
	Cost: 
		G: 0.000000
		H:0.000000
		F:0.000000
----------[0m
[32m[DEBUG] [1620758923.884167814]: 
H_COST: (1,) 90.9065[0m
[32m[DEBUG] [1620758923.884202000]: 
----------
Node: 
	ID: (0,0)
	Cost: 
		G: 0.000000
		H:0.000000
		F:0.000000
----------[0m
[32m[DEBUG] [1620758923.884227969]: 
H_COST: (1, 90.2718[0m
[32m[DEBUG] [1620758923.884267447]: 
----------
Node: 
	ID: (1,1)
	Cost: 
		G: 1.000000
		H:90.271812
		F:91.271812
----------[0m
[32m[DEBUG] [1620758923.884293358]: 
H_COST: (0, 91.0494[0m
[32m[DEBUG] [1620758923.884324554]: 
----------
Node: 
	ID: (1,1)
	Cost: 
		G: 1.000000
		H:90.271812
		F:91.271812
----------[0m
[32m[DEBUG] [1620758923.884349428]: 
H_COST: (0,90.4268[0m
[32m[DEBUG] [1620758923.884379796]: 
----------
Node: 
	ID: (1,1)
	Cost: 
		G: 1.000000
		H:90.271812
		F:91.271812
----------[0m
[32m[DEBUG] [1620758923.884404375]: 
H_COST: (1,) 90.9065[0m
[32m[DEBUG] [1620758923.884437676]: 
----------
Node: 
	ID: (1,1)
	Cost: 
		G: 1.000000
		H:90.271812
		F:91.271812
----------[0m
[32m[DEBUG] [1620758923.884461975]: 
H_COST: (1,89.6437[0m
[32m[DEBUG] [1620758923.888389438]: 
----------
Node: 
	ID: (1,1)
	Cost: 
		G: 1.000000
		H:90.271812
		F:91.271812
----------[0m
[32m[DEBUG] [1620758923.888432658]: 
H_COST: (2,) 90.1388[0m
[32m[DEBUG] [1620758923.888469820]: 
----------
Node: 
	ID: (1,1)
	Cost: 
		G: 1.000000
		H:90.271812
		F:91.271812
----------[0m
[32m[DEBUG] [1620758923.888497309]: 
H_COST: (2, 89.4986[0m
[32m[DEBUG] [1620758923.888529769]: 
----------
Node: 
	ID: (1,1)
	Cost: 
		G: 1.000000
		H:90.271812
		F:91.271812
----------[0m
[32m[DEBUG] [1620758923.888555262]: 
H_COST: (2,88.8651[0m
[32m[DEBUG] [1620758923.888593675]: 
----------
Node: 
	ID: (2,2)
	Cost: 
		G: 2.000000
		H:88.865067
		F:90.865067
----------[0m
[32m[DEBUG] [1620758923.888629969]: 
H_COST: (1,89.6437[0m
[32m[DEBUG] [1620758923.888670844]: 
----------
Node: 
	ID: (2,2)
	Cost: 
		G: 2.000000
		H:88.865067
		F:90.865067
----------[0m
[32m[DEBUG] [1620758923.888695741]: 
H_COST: (1,
H_COST: (89.0225[0m
[32m[DEBUG] [1620758923.888726830]: 
----------
Node: 
	ID: (2,2)
	Cost: 
		G: 2.000000
		H:88.865067
		F:90.865067
----------[0m
[32m[DEBUG] [1620758923.888751522]: 
H_COST: (2, 89.4986[0m
[32m[DEBUG] [1620758923.888784743]: 
----------
Node: 
	ID: (2,2)
	Cost: 
		G: 2.000000
		H:88.865067
		F:90.865067
----------[0m
[32m[DEBUG] [1620758923.888809619]: 
H_COST: (2,
H_COST: (88.2383[0m
[32m[DEBUG] [1620758923.888840145]: 
----------
Node: 
	ID: (2,2)
	Cost: 
		G: 2.000000
		H:88.865067
		F:90.865067
----------[0m
[32m[DEBUG] [1620758923.888864741]: 
H_COST: (3, 88.7299[0m
[32m[DEBUG] [1620758923.888896399]: 
----------
Node: 
	ID: (2,2)
	Cost: 
		G: 2.000000
		H:88.865067
		F:90.865067
----------[0m
[32m[DEBUG] [1620758923.888921553]: 
H_COST: (3,88.0909[0m
[32m[DEBUG] [1620758923.888951797]: 
----------
Node: 
	ID: (2,2)
	Cost: 
		G: 2.000000
		H:88.865067
		F:90.865067
----------[0m
[32m[DEBUG] [1620758923.888976516]: 
H_COST: (3,
H_COST: (87.4586[0m
[32m[DEBUG] [1620758923.889013933]: 
----------
Node: 
	ID: (3,3)
	Cost: 
		G: 3.000000
		H:87.458565
		F:90.458565
----------[0m
[32m[DEBUG] [1620758923.889039546]: 
H_COST: (2,
H_COST: (88.2383[0m
[32m[DEBUG] [1620758923.889069890]: 
----------
Node: 
	ID: (3,3)
	Cost: 
		G: 3.000000
		H:87.458565
		F:90.458565
----------[0m
[32m[DEBUG] [1620758923.889094573]: 
H_COST: (2,H_COST: (87.6185[0m
[32m[DEBUG] [1620758923.889124935]: 
----------
Node: 
	ID: (3,3)
	Cost: 
		G: 3.000000
		H:87.458565
		F:90.458565
----------[0m
[32m[DEBUG] [1620758923.889149434]: 
H_COST: (3,88.0909[0m
[32m[DEBUG] [1620758923.889182483]: 
----------
Node: 
	ID: (3,3)
	Cost: 
		G: 3.000000
		H:87.458565
		F:90.458565
----------[0m
[32m[DEBUG] [1620758923.889207070]: 
H_COST: (3,H_COST: (86.8332[0m
[32m[DEBUG] [1620758923.889266958]: 
----------
Node: 
	ID: (3,3)
	Cost: 
		G: 3.000000
		H:87.458565
		F:90.458565
----------[0m
[32m[DEBUG] [1620758923.889292955]: 
H_COST: (4,87.3212[0m
[32m[DEBUG] [1620758923.889323870]: 
----------
Node: 
	ID: (3,3)
	Cost: 
		G: 3.000000
		H:87.458565
		F:90.458565
----------[0m
[32m[DEBUG] [1620758923.889348441]: 
H_COST: (4,
H_COST: (86.6833[0m
[32m[DEBUG] [1620758923.889378839]: 
----------
Node: 
	ID: (3,3)
	Cost: 
		G: 3.000000
		H:87.458565
		F:90.458565
----------[0m
[32m[DEBUG] [1620758923.889403292]: 
H_COST: (4,H_COST: (86.0523[0m
[32m[DEBUG] [1620758923.889440563]: 
----------
Node: 
	ID: (4,4)
	Cost: 
		G: 4.000000
		H:86.052307
		F:90.052307
----------[0m
[32m[DEBUG] [1620758923.889465442]: 
H_COST: (3,H_COST: (86.8332[0m
[32m[DEBUG] [1620758923.908414994]: 
----------
Node: 
	ID: (4,4)
	Cost: 
		G: 4.000000
		H:86.052307
		F:90.052307
----------[0m
[32m[DEBUG] [1620758923.908455586]: 
H_COST: (3,_COST: (86.2149[0m
[32m[DEBUG] [1620758923.908490046]: 
----------
Node: 
	ID: (4,4)
	Cost: 
		G: 4.000000
		H:86.052307
		F:90.052307
----------[0m
[32m[DEBUG] [1620758923.908516285]: 
H_COST: (4,
H_COST: (86.6833[0m
[32m[DEBUG] [1620758923.908550831]: 
----------
Node: 
	ID: (4,4)
	Cost: 
		G: 4.000000
		H:86.052307
		F:90.052307
----------[0m
[32m[DEBUG] [1620758923.908576042]: 
H_COST: (4,_COST: (85.4283[0m
[32m[DEBUG] [1620758923.908606963]: 
----------
Node: 
	ID: (4,4)
	Cost: 
		G: 4.000000
		H:86.052307
		F:90.052307
----------[0m
[32m[DEBUG] [1620758923.908631658]: 
H_COST: (5,
H_COST: (85.9128[0m
[32m[DEBUG] [1620758923.908664732]: 
----------
Node: 
	ID: (4,4)
	Cost: 
		G: 4.000000
		H:86.052307
		F:90.052307
----------[0m
[32m[DEBUG] [1620758923.908690602]: 
H_COST: (5,H_COST: (85.276[0m
[32m[DEBUG] [1620758923.908721280]: 
----------
Node: 
	ID: (4,4)
	Cost: 
		G: 4.000000
		H:86.052307
		F:90.052307
----------[0m
[32m[DEBUG] [1620758923.908746132]: 
H_COST: (5,_COST: (84.6463[0m
[32m[DEBUG] [1620758923.908785219]: 
----------
Node: 
	ID: (5,5)
	Cost: 
		G: 5.000000
		H:84.646324
		F:89.646324
----------[0m
[32m[DEBUG] [1620758923.908810626]: 
H_COST: (4,_COST: (85.4283[0m
[32m[DEBUG] [1620758923.908841328]: 
----------
Node: 
	ID: (5,5)
	Cost: 
		G: 5.000000
		H:84.646324
		F:89.646324
----------[0m
[32m[DEBUG] [1620758923.908866304]: 
H_COST: (4,COST: (84.8116[0m
[32m[DEBUG] [1620758923.908896919]: 
----------
Node: 
	ID: (5,5)
	Cost: 
		G: 5.000000
		H:84.646324
		F:89.646324
----------[0m
[32m[DEBUG] [1620758923.908921614]: 
H_COST: (5,H_COST: (85.276[0m
[32m[DEBUG] [1620758923.908954903]: 
----------
Node: 
	ID: (5,5)
	Cost: 
		G: 5.000000
		H:84.646324
		F:89.646324
----------[0m
[32m[DEBUG] [1620758923.908980174]: 
H_COST: (5,COST: (84.0238[0m
[32m[DEBUG] [1620758923.909010876]: 
----------
Node: 
	ID: (5,5)
	Cost: 
		G: 5.000000
		H:84.646324
		F:89.646324
----------[0m
[32m[DEBUG] [1620758923.909035737]: 
H_COST: (6,H_COST: (84.5044[0m
[32m[DEBUG] [1620758923.909066589]: 
----------
Node: 
	ID: (5,5)
	Cost: 
		G: 5.000000
		H:84.646324
		F:89.646324
----------[0m
[32m[DEBUG] [1620758923.909091287]: 
H_COST: (6,_COST: (83.8689[0m
[32m[DEBUG] [1620758923.909121724]: 
----------
Node: 
	ID: (5,5)
	Cost: 
		G: 5.000000
		H:84.646324
		F:89.646324
----------[0m
[32m[DEBUG] [1620758923.909146340]: 
H_COST: (6,COST: (83.2406[0m
[32m[DEBUG] [1620758923.909183544]: 
----------
Node: 
	ID: (6,6)
	Cost: 
		G: 6.000000
		H:83.240616
		F:89.240616
----------[0m
[32m[DEBUG] [1620758923.909208343]: 
H_COST: (5,COST: (84.0238[0m
[32m[DEBUG] [1620758923.909238541]: 
----------
Node: 
	ID: (6,6)
	Cost: 
		G: 6.000000
		H:83.240616
		F:89.240616
----------[0m
[32m[DEBUG] [1620758923.909262965]: 
H_COST: (5,OST: (83.4086[0m
[32m[DEBUG] [1620758923.909293065]: 
----------
Node: 
	ID: (6,6)
	Cost: 
		G: 6.000000
		H:83.240616
		F:89.240616
----------[0m
[32m[DEBUG] [1620758923.909317550]: 
H_COST: (6,_COST: (83.8689[0m
[32m[DEBUG] [1620758923.909350409]: 
----------
Node: 
	ID: (6,6)
	Cost: 
		G: 6.000000
		H:83.240616
		F:89.240616
----------[0m
[32m[DEBUG] [1620758923.909410720]: 
H_COST: (6,OST: (82.6196[0m
[32m[DEBUG] [1620758923.909452203]: 
----------
Node: 
	ID: (6,6)
	Cost: 
		G: 6.000000
		H:83.240616
		F:89.240616
----------[0m
[32m[DEBUG] [1620758923.909476943]: 
H_COST: (7,_COST: (83.0963[0m
[32m[DEBUG] [1620758923.909507332]: 
----------
Node: 
	ID: (6,6)
	Cost: 
		G: 6.000000
		H:83.240616
		F:89.240616
----------[0m
[32m[DEBUG] [1620758923.909531707]: 
H_COST: (7,COST: (82.4621[0m
[32m[DEBUG] [1620758923.909561896]: 
----------
Node: 
	ID: (6,6)
	Cost: 
		G: 6.000000
		H:83.240616
		F:89.240616
----------[0m
[32m[DEBUG] [1620758923.909586110]: 
H_COST: (7,OST: (81.8352[0m
[32m[DEBUG] [1620758923.909623568]: 
----------
Node: 
	ID: (7,7)
	Cost: 
		G: 7.000000
		H:81.835197
		F:88.835197
----------[0m
[32m[DEBUG] [1620758923.909648206]: 
H_COST: (6,OST: (82.6196[0m
[32m[DEBUG] [1620758923.909678642]: 
----------
Node: 
	ID: (7,7)
	Cost: 
		G: 7.000000
		H:81.835197
		F:88.835197
----------[0m
[32m[DEBUG] [1620758923.909702833]: 
H_COST: (6,ST: (82.0061[0m
[32m[DEBUG] [1620758923.909732967]: 
----------
Node: 
	ID: (7,7)
	Cost: 
		G: 7.000000
		H:81.835197
		F:88.835197
----------[0m
[32m[DEBUG] [1620758923.909757179]: 
H_COST: (7,COST: (82.4621[0m
[32m[DEBUG] [1620758923.909789880]: 
----------
Node: 
	ID: (7,7)
	Cost: 
		G: 7.000000
		H:81.835197
		F:88.835197
----------[0m
[32m[DEBUG] [1620758923.909814033]: 
H_COST: (7,ST: (81.2158[0m
[32m[DEBUG] [1620758923.909844238]: 
----------
Node: 
	ID: (7,7)
	Cost: 
		G: 7.000000
		H:81.835197
		F:88.835197
----------[0m
[32m[DEBUG] [1620758923.909868368]: 
H_COST: (8,COST: (81.6884[0m
[32m[DEBUG] [1620758923.909898845]: 
----------
Node: 
	ID: (7,7)
	Cost: 
		G: 7.000000
		H:81.835197
		F:88.835197
----------[0m
[32m[DEBUG] [1620758923.909922963]: 
H_COST: (8,OST: (81.0555[0m
[32m[DEBUG] [1620758923.909952727]: 
----------
Node: 
	ID: (7,7)
	Cost: 
		G: 7.000000
		H:81.835197
		F:88.835197
----------[0m
[32m[DEBUG] [1620758923.909976842]: 
H_COST: (8,ST: (80.4301[0m
[32m[DEBUG] [1620758923.910014642]: 
----------
Node: 
	ID: (8,8)
	Cost: 
		G: 8.000000
		H:80.430092
		F:88.430092
----------[0m
[32m[DEBUG] [1620758923.910039278]: 
H_COST: (7,ST: (81.2158[0m
[32m[DEBUG] [1620758923.910069294]: 
----------
Node: 
	ID: (8,8)
	Cost: 
		G: 8.000000
		H:80.430092
		F:88.430092
----------[0m
[32m[DEBUG] [1620758923.910093510]: 
H_COST: (7,T: (80.604[0m
[32m[DEBUG] [1620758923.910123632]: 
----------
Node: 
	ID: (8,8)
	Cost: 
		G: 8.000000
		H:80.430092
		F:88.430092
----------[0m
[32m[DEBUG] [1620758923.910147733]: 
H_COST: (8,OST: (81.0555[0m
[32m[DEBUG] [1620758923.910180488]: 
----------
Node: 
	ID: (8,8)
	Cost: 
		G: 8.000000
		H:80.430092
		F:88.430092
----------[0m
[32m[DEBUG] [1620758923.910211336]: 
H_COST: (8,T: (79.8123[0m
[32m[DEBUG] [1620758923.910242018]: 
----------
Node: 
	ID: (8,8)
	Cost: 
		G: 8.000000
		H:80.430092
		F:88.430092
----------[0m
[32m[DEBUG] [1620758923.910266435]: 
H_COST: (9,OST: (80.2808[0m
[32m[DEBUG] [1620758923.910298345]: 
----------
Node: 
	ID: (8,8)
	Cost: 
		G: 8.000000
		H:80.430092
		F:88.430092
----------[0m
[32m[DEBUG] [1620758923.910323088]: 
H_COST: (9,ST: (79.6492[0m
[32m[DEBUG] [1620758923.918360810]: 
----------
Node: 
	ID: (8,8)
	Cost: 
		G: 8.000000
		H:80.430092
		F:88.430092
----------[0m
[32m[DEBUG] [1620758923.918401907]: 
H_COST: (9,T: (79.0253[0m
[32m[DEBUG] [1620758923.918445063]: 
----------
Node: 
	ID: (9,9)
	Cost: 
		G: 9.000000
		H:79.025314
		F:88.025314
----------[0m
[32m[DEBUG] [1620758923.918472617]: 
H_COST: (8,T: (79.8123[0m
[32m[DEBUG] [1620758923.918504379]: 
----------
Node: 
	ID: (9,9)
	Cost: 
		G: 9.000000
		H:79.025314
		F:88.025314
----------[0m
[32m[DEBUG] [1620758923.918529806]: 
H_COST: (8,: (79.2023[0m
[32m[DEBUG] [1620758923.918560933]: 
----------
Node: 
	ID: (9,9)
	Cost: 
		G: 9.000000
		H:79.025314
		F:88.025314
----------[0m
[32m[DEBUG] [1620758923.918585774]: 
H_COST: (9,ST: (79.6492[0m
[32m[DEBUG] [1620758923.918666213]: 
----------
Node: 
	ID: (9,9)
	Cost: 
		G: 9.000000
		H:79.025314
		F:88.025314
----------[0m
[32m[DEBUG] [1620758923.918691854]: 
H_COST: (9,: (78.4092[0m
[32m[DEBUG] [1620758923.918722801]: 
----------
Node: 
	ID: (9,9)
	Cost: 
		G: 9.000000
		H:79.025314
		F:88.025314
----------[0m
[32m[DEBUG] [1620758923.918747379]: 
H_COST: (10,ST: (78.8733[0m
[32m[DEBUG] [1620758923.918778782]: 
----------
Node: 
	ID: (9,9)
	Cost: 
		G: 9.000000
		H:79.025314
		F:88.025314
----------[0m
[32m[DEBUG] [1620758923.918803225]: 
H_COST: (10,T: (78.2432[0m
[32m[DEBUG] [1620758923.918833795]: 
----------
Node: 
	ID: (9,9)
	Cost: 
		G: 9.000000
		H:79.025314
		F:88.025314
----------[0m
[32m[DEBUG] [1620758923.918858432]: 
H_COST: (10,: (77.6209[0m
[32m[DEBUG] [1620758923.918896574]: 
----------
Node: 
	ID: (10,10)
	Cost: 
		G: 10.000000
		H:77.620872
		F:87.620872
----------[0m
[32m[DEBUG] [1620758923.918921573]: 
H_COST: (9,: (78.4092[0m
[32m[DEBUG] [1620758923.918951895]: 
----------
Node: 
	ID: (10,10)
	Cost: 
		G: 10.000000
		H:77.620872
		F:87.620872
----------[0m
[32m[DEBUG] [1620758923.918976078]: 
H_COST: (9, (77.801[0m
[32m[DEBUG] [1620758923.919006451]: 
----------
Node: 
	ID: (10,10)
	Cost: 
		G: 10.000000
		H:77.620872
		F:87.620872
----------[0m
[32m[DEBUG] [1620758923.919030779]: 
H_COST: (10,T: (78.2432[0m
[32m[DEBUG] [1620758923.919064473]: 
----------
Node: 
	ID: (10,10)
	Cost: 
		G: 10.000000
		H:77.620872
		F:87.620872
----------[0m
[32m[DEBUG] [1620758923.919088968]: 
H_COST: (10, (77.0065[0m
[32m[DEBUG] [1620758923.919119599]: 
----------
Node: 
	ID: (10,10)
	Cost: 
		G: 10.000000
		H:77.620872
		F:87.620872
----------[0m
[32m[DEBUG] [1620758923.919143593]: 
H_COST: (11,T: (77.4661[0m
[32m[DEBUG] [1620758923.919174011]: 
----------
Node: 
	ID: (10,10)
	Cost: 
		G: 10.000000
		H:77.620872
		F:87.620872
----------[0m
[32m[DEBUG] [1620758923.919198262]: 
H_COST: (11,: (76.8375[0m
[32m[DEBUG] [1620758923.919228312]: 
----------
Node: 
	ID: (10,10)
	Cost: 
		G: 10.000000
		H:77.620872
		F:87.620872
----------[0m
[32m[DEBUG] [1620758923.919252322]: 
H_COST: (11, (76.2168[0m
[32m[DEBUG] [1620758923.919289517]: 
----------
Node: 
	ID: (11,11)
	Cost: 
		G: 11.000000
		H:76.216797
		F:87.216797
----------[0m
[32m[DEBUG] [1620758923.919314066]: 
H_COST: (10, (77.0065[0m
[32m[DEBUG] [1620758923.919344401]: 
----------
Node: 
	ID: (11,11)
	Cost: 
		G: 11.000000
		H:76.216797
		F:87.216797
----------[0m
[32m[DEBUG] [1620758923.919368736]: 
H_COST: (10,(76.4003[0m
[32m[DEBUG] [1620758923.919398763]: 
----------
Node: 
	ID: (11,11)
	Cost: 
		G: 11.000000
		H:76.216797
		F:87.216797
----------[0m
[32m[DEBUG] [1620758923.919422657]: 
H_COST: (11,: (76.8375[0m
[32m[DEBUG] [1620758923.919456114]: 
----------
Node: 
	ID: (11,11)
	Cost: 
		G: 11.000000
		H:76.216797
		F:87.216797
----------[0m
[32m[DEBUG] [1620758923.919480251]: 
H_COST: (11,(75.6042[0m
[32m[DEBUG] [1620758923.919510396]: 
----------
Node: 
	ID: (11,11)
	Cost: 
		G: 11.000000
		H:76.216797
		F:87.216797
----------[0m
[32m[DEBUG] [1620758923.919534627]: 
H_COST: (12,: (76.0592[0m
[32m[DEBUG] [1620758923.919565302]: 
----------
Node: 
	ID: (11,11)
	Cost: 
		G: 11.000000
		H:76.216797
		F:87.216797
----------[0m
[32m[DEBUG] [1620758923.919589221]: 
H_COST: (12, (75.4321[0m
[32m[DEBUG] [1620758923.919619320]: 
----------
Node: 
	ID: (11,11)
	Cost: 
		G: 11.000000
		H:76.216797
		F:87.216797
----------[0m
[32m[DEBUG] [1620758923.919643196]: 
H_COST: (12,(74.8131[0m
[32m[DEBUG] [1620758923.919680326]: 
----------
Node: 
	ID: (12,12)
	Cost: 
		G: 12.000000
		H:74.813103
		F:86.813103
----------[0m
[32m[DEBUG] [1620758923.919704887]: 
H_COST: (11,(75.6042[0m
[32m[DEBUG] [1620758923.919734822]: 
----------
Node: 
	ID: (12,12)
	Cost: 
		G: 12.000000
		H:74.813103
		F:86.813103
----------[0m
[32m[DEBUG] [1620758923.919758879]: 
H_COST: (11,75[0m
[32m[DEBUG] [1620758923.919800388]: 
----------
Node: 
	ID: (12,12)
	Cost: 
		G: 12.000000
		H:74.813103
		F:86.813103
----------[0m
[32m[DEBUG] [1620758923.919843842]: 
H_COST: (12, (75.4321[0m
[32m[DEBUG] [1620758923.919878275]: 
----------
Node: 
	ID: (12,12)
	Cost: 
		G: 12.000000
		H:74.813103
		F:86.813103
----------[0m
[32m[DEBUG] [1620758923.919902605]: 
H_COST: (12,74.2024[0m
[32m[DEBUG] [1620758923.919932982]: 
----------
Node: 
	ID: (12,12)
	Cost: 
		G: 12.000000
		H:74.813103
		F:86.813103
----------[0m
[32m[DEBUG] [1620758923.919957277]: 
H_COST: (13, (74.6525[0m
[32m[DEBUG] [1620758923.919987860]: 
----------
Node: 
	ID: (12,12)
	Cost: 
		G: 12.000000
		H:74.813103
		F:86.813103
----------[0m
[32m[DEBUG] [1620758923.920012041]: 
H_COST: (13,(74.027[0m
[32m[DEBUG] [1620758923.920042122]: 
----------
Node: 
	ID: (12,12)
	Cost: 
		G: 12.000000
		H:74.813103
		F:86.813103
----------[0m
[32m[DEBUG] [1620758923.920065980]: 
H_COST: (13,73.4098[0m
[32m[DEBUG] [1620758923.920103382]: 
----------
Node: 
	ID: (13,13)
	Cost: 
		G: 13.000000
		H:73.409805
		F:86.409805
----------[0m
[32m[DEBUG] [1620758923.920128031]: 
H_COST: (12,74.2024[0m
[32m[DEBUG] [1620758923.920158035]: 
----------
Node: 
	ID: (13,13)
	Cost: 
		G: 13.000000
		H:73.409805
		F:86.409805
----------[0m
[32m[DEBUG] [1620758923.920182092]: 
H_COST: (12,,73.6003[0m
[32m[DEBUG] [1620758923.920212217]: 
----------
Node: 
	ID: (13,13)
	Cost: 
		G: 13.000000
		H:73.409805
		F:86.409805
----------[0m
[32m[DEBUG] [1620758923.920236264]: 
H_COST: (13,(74.027[0m
[32m[DEBUG] [1620758923.920269443]: 
----------
Node: 
	ID: (13,13)
	Cost: 
		G: 13.000000
		H:73.409805
		F:86.409805
----------[0m
[32m[DEBUG] [1620758923.920293567]: 
H_COST: (13,,72.8011[0m
[32m[DEBUG] [1620758923.920324007]: 
----------
Node: 
	ID: (13,13)
	Cost: 
		G: 13.000000
		H:73.409805
		F:86.409805
----------[0m
[32m[DEBUG] [1620758923.920347929]: 
H_COST: (14,(73.2462[0m
[32m[DEBUG] [1620758923.920378094]: 
----------
Node: 
	ID: (13,13)
	Cost: 
		G: 13.000000
		H:73.409805
		F:86.409805
----------[0m
[32m[DEBUG] [1620758923.920402051]: 
H_COST: (14,72.6223[0m
[32m[DEBUG] [1620758923.920431936]: 
----------
Node: 
	ID: (13,13)
	Cost: 
		G: 13.000000
		H:73.409805
		F:86.409805
----------[0m
[32m[DEBUG] [1620758923.920455974]: 
H_COST: (14,,72.0069[0m
[32m[DEBUG] [1620758923.920492876]: 
----------
Node: 
	ID: (14,14)
	Cost: 
		G: 14.000000
		H:72.006943
		F:86.006943
----------[0m
[32m[DEBUG] [1620758923.920517645]: 
H_COST: (13,,72.8011[0m
[32m[DEBUG] [1620758923.920547808]: 
----------
Node: 
	ID: (14,14)
	Cost: 
		G: 14.000000
		H:72.006943
		F:86.006943
----------[0m
[32m[DEBUG] [1620758923.920571949]: 
H_COST: (13,72.2011[0m
[32m[DEBUG] [1620758923.920601860]: 
----------
Node: 
	ID: (14,14)
	Cost: 
		G: 14.000000
		H:72.006943
		F:86.006943
----------[0m
[32m[DEBUG] [1620758923.920625885]: 
H_COST: (14,72.6223[0m
[32m[DEBUG] [1620758923.920658754]: 
----------
Node: 
	ID: (14,14)
	Cost: 
		G: 14.000000
		H:72.006943
		F:86.006943
----------[0m
[32m[DEBUG] [1620758923.920682791]: 
H_COST: (14,71.4003[0m
[32m[DEBUG] [1620758923.920712953]: 
----------
Node: 
	ID: (14,14)
	Cost: 
		G: 14.000000
		H:72.006943
		F:86.006943
----------[0m
[32m[DEBUG] [1620758923.920737146]: 
H_COST: (15,71.8401[0m
[32m[DEBUG] [1620758923.920767580]: 
----------
Node: 
	ID: (14,14)
	Cost: 
		G: 14.000000
		H:72.006943
		F:86.006943
----------[0m
[32m[DEBUG] [1620758923.920791700]: 
H_COST: (15,,71.218[0m
[32m[DEBUG] [1620758923.920821921]: 
----------
Node: 
	ID: (14,14)
	Cost: 
		G: 14.000000
		H:72.006943
		F:86.006943
----------[0m
[32m[DEBUG] [1620758923.920846027]: 
H_COST: (15,70.6045[0m
[32m[DEBUG] [1620758923.920883190]: 
----------
Node: 
	ID: (15,15)
	Cost: 
		G: 15.000000
		H:70.604530
		F:85.604530
----------[0m
[32m[DEBUG] [1620758923.920907726]: 
H_COST: (14,71.4003[0m
[32m[DEBUG] [1620758923.920948831]: 
----------
Node: 
	ID: (15,15)
	Cost: 
		G: 15.000000
		H:70.604530
		F:85.604530
----------[0m
[32m[DEBUG] [1620758923.920982670]: 
H_COST: (14,70.8025[0m
[32m[DEBUG] [1620758923.921012682]: 
----------
Node: 
	ID: (15,15)
	Cost: 
		G: 15.000000
		H:70.604530
		F:85.604530
----------[0m
[32m[DEBUG] [1620758923.921045463]: 
H_COST: (15,,71.218[0m
[32m[DEBUG] [1620758923.921079577]: 
----------
Node: 
	ID: (15,15)
	Cost: 
		G: 15.000000
		H:70.604530
		F:85.604530
----------[0m
[32m[DEBUG] [1620758923.921103783]: 
H_COST: (15,70[0m
[32m[DEBUG] [1620758923.921133673]: 
----------
Node: 
	ID: (15,15)
	Cost: 
		G: 15.000000
		H:70.604530
		F:85.604530
----------[0m
[32m[DEBUG] [1620758923.921157851]: 
H_COST: (16,,70.4344[0m
[32m[DEBUG] [1620758923.921188145]: 
----------
Node: 
	ID: (15,15)
	Cost: 
		G: 15.000000
		H:70.604530
		F:85.604530
----------[0m
[32m[DEBUG] [1620758923.921212199]: 
H_COST: (16,69.814[0m
[32m[DEBUG] [1620758923.921242224]: 
----------
Node: 
	ID: (15,15)
	Cost: 
		G: 15.000000
		H:70.604530
		F:85.604530
----------[0m
[32m[DEBUG] [1620758923.921266244]: 
H_COST: (16,69.2026[0m
[32m[DEBUG] [1620758923.921303648]: 
----------
Node: 
	ID: (16,16)
	Cost: 
		G: 16.000000
		H:69.202599
		F:85.202599
----------[0m
[32m[DEBUG] [1620758923.921327836]: 
H_COST: (15,70[0m
[32m[DEBUG] [1620758923.921357820]: 
----------
Node: 
	ID: (16,16)
	Cost: 
		G: 16.000000
		H:69.202599
		F:85.202599
----------[0m
[32m[DEBUG] [1620758923.921381944]: 
H_COST: (15,69.4046[0m
[32m[DEBUG] [1620758923.921411988]: 
----------
Node: 
	ID: (16,16)
	Cost: 
		G: 16.000000
		H:69.202599
		F:85.202599
----------[0m
[32m[DEBUG] [1620758923.921435824]: 
H_COST: (16,69.814[0m
[32m[DEBUG] [1620758923.928331427]: 
----------
Node: 
	ID: (16,16)
	Cost: 
		G: 16.000000
		H:69.202599
		F:85.202599
----------[0m
[32m[DEBUG] [1620758923.928368426]: 
H_COST: (16,68.6003[0m
[32m[DEBUG] [1620758923.928403454]: 
----------
Node: 
	ID: (16,16)
	Cost: 
		G: 16.000000
		H:69.202599
		F:85.202599
----------[0m
[32m[DEBUG] [1620758923.928429938]: 
H_COST: (17,69.029[0m
[32m[DEBUG] [1620758923.928466035]: 
----------
Node: 
	ID: (16,16)
	Cost: 
		G: 16.000000
		H:69.202599
		F:85.202599
----------[0m
[32m[DEBUG] [1620758923.928499023]: 
H_COST: (17,68.4105[0m
[32m[DEBUG] [1620758923.928531690]: 
----------
Node: 
	ID: (16,16)
	Cost: 
		G: 16.000000
		H:69.202599
		F:85.202599
----------[0m
[32m[DEBUG] [1620758923.928557108]: 
H_COST: (17,67.8012[0m
[32m[DEBUG] [1620758923.928597296]: 
----------
Node: 
	ID: (17,17)
	Cost: 
		G: 17.000000
		H:67.801178
		F:84.801178
----------[0m
[32m[DEBUG] [1620758923.928622785]: 
H_COST: (16,68.6003[0m
[32m[DEBUG] [1620758923.928653661]: 
----------
Node: 
	ID: (17,17)
	Cost: 
		G: 17.000000
		H:67.801178
		F:84.801178
----------[0m
[32m[DEBUG] [1620758923.928678334]: 
H_COST: (16,68.0074[0m
[32m[DEBUG] [1620758923.928709250]: 
----------
Node: 
	ID: (17,17)
	Cost: 
		G: 17.000000
		H:67.801178
		F:84.801178
----------[0m
[32m[DEBUG] [1620758923.928733702]: 
H_COST: (17,68.4105[0m
[32m[DEBUG] [1620758923.928767153]: 
----------
Node: 
	ID: (17,17)
	Cost: 
		G: 17.000000
		H:67.801178
		F:84.801178
----------[0m
[32m[DEBUG] [1620758923.928791614]: 
H_COST: (17,67.2012[0m
[32m[DEBUG] [1620758923.928822286]: 
----------
Node: 
	ID: (17,17)
	Cost: 
		G: 17.000000
		H:67.801178
		F:84.801178
----------[0m
[32m[DEBUG] [1620758923.928846919]: 
H_COST: (18,67.624[0m
[32m[DEBUG] [1620758923.928877693]: 
----------
Node: 
	ID: (17,17)
	Cost: 
		G: 17.000000
		H:67.801178
		F:84.801178
----------[0m
[32m[DEBUG] [1620758923.928902795]: 
H_COST: (18,67.0075[0m
[32m[DEBUG] [1620758923.928933312]: 
----------
Node: 
	ID: (17,17)
	Cost: 
		G: 17.000000
		H:67.801178
		F:84.801178
----------[0m
[32m[DEBUG] [1620758923.928957667]: 
H_COST: (18,66.4003[0m
[32m[DEBUG] [1620758923.928995503]: 
----------
Node: 
	ID: (18,18)
	Cost: 
		G: 18.000000
		H:66.400299
		F:84.400299
----------[0m
[32m[DEBUG] [1620758923.929020374]: 
H_COST: (17,67.2012[0m
[32m[DEBUG] [1620758923.929061553]: 
----------
Node: 
	ID: (18,18)
	Cost: 
		G: 18.000000
		H:66.400299
		F:84.400299
----------[0m
[32m[DEBUG] [1620758923.929087255]: 
H_COST: (17,---- Neighbour node is valid (66.6108[0m
[32m[DEBUG] [1620758923.929127648]: 
----------
Node: 
	ID: (18,18)
	Cost: 
		G: 18.000000
		H:66.400299
		F:84.400299
----------[0m
[32m[DEBUG] [1620758923.929172357]: 
H_COST: (18,67.0075[0m
[32m[DEBUG] [1620758923.929207218]: 
----------
Node: 
	ID: (18,18)
	Cost: 
		G: 18.000000
		H:66.400299
		F:84.400299
----------[0m
[32m[DEBUG] [1620758923.929232278]: 
H_COST: (18,---- Neighbour node is valid (65.8027[0m
[32m[DEBUG] [1620758923.929262851]: 
----------
Node: 
	ID: (18,18)
	Cost: 
		G: 18.000000
		H:66.400299
		F:84.400299
----------[0m
[32m[DEBUG] [1620758923.929287307]: 
H_COST: (19,66.2193[0m
[32m[DEBUG] [1620758923.929317779]: 
----------
Node: 
	ID: (18,18)
	Cost: 
		G: 18.000000
		H:66.400299
		F:84.400299
----------[0m
[32m[DEBUG] [1620758923.929342063]: 
H_COST: (19,65.6049[0m
[32m[DEBUG] [1620758923.929372137]: 
----------
Node: 
	ID: (18,18)
	Cost: 
		G: 18.000000
		H:66.400299
		F:84.400299
----------[0m
[32m[DEBUG] [1620758923.929396408]: 
H_COST: (19,---- Neighbour node is valid (65[0m
[32m[DEBUG] [1620758923.929434177]: 
----------
Node: 
	ID: (19,19)
	Cost: 
		G: 19.000000
		H:65.000000
		F:84.000000
----------[0m
[32m[DEBUG] [1620758923.929459123]: 
H_COST: (18,---- Neighbour node is valid (65.8027[0m
[32m[DEBUG] [1620758923.929489203]: 
----------
Node: 
	ID: (19,19)
	Cost: 
		G: 19.000000
		H:65.000000
		F:84.000000
----------[0m
[32m[DEBUG] [1620758923.929513777]: 
H_COST: (18,--- Neighbour node is valid (65.215[0m
[32m[DEBUG] [1620758923.929543648]: 
----------
Node: 
	ID: (19,19)
	Cost: 
		G: 19.000000
		H:65.000000
		F:84.000000
----------[0m
[32m[DEBUG] [1620758923.929567863]: 
H_COST: (19,65.6049[0m
[32m[DEBUG] [1620758923.929600556]: 
----------
Node: 
	ID: (19,19)
	Cost: 
		G: 19.000000
		H:65.000000
		F:84.000000
----------[0m
[32m[DEBUG] [1620758923.929624850]: 
H_COST: (19,--- Neighbour node is valid (64.405[0m
[32m[DEBUG] [1620758923.929654759]: 
----------
Node: 
	ID: (19,19)
	Cost: 
		G: 19.000000
		H:65.000000
		F:84.000000
----------[0m
[32m[DEBUG] [1620758923.929678942]: 
H_COST: (20,64.8151[0m
[32m[DEBUG] [1620758923.929708904]: 
----------
Node: 
	ID: (19,19)
	Cost: 
		G: 19.000000
		H:65.000000
		F:84.000000
----------[0m
[32m[DEBUG] [1620758923.929733067]: 
H_COST: (20,---- Neighbour node is valid (64.2028[0m
[32m[DEBUG] [1620758923.929762671]: 
----------
Node: 
	ID: (19,19)
	Cost: 
		G: 19.000000
		H:65.000000
		F:84.000000
----------[0m
[32m[DEBUG] [1620758923.929786864]: 
H_COST: (20,--- Neighbour node is valid (63.6003[0m
[32m[DEBUG] [1620758923.929824710]: 
----------
Node: 
	ID: (20,20)
	Cost: 
		G: 20.000000
		H:63.600315
		F:83.600311
----------[0m
[32m[DEBUG] [1620758923.929849629]: 
H_COST: (19,--- Neighbour node is valid (64.405[0m
[32m[DEBUG] [1620758923.929879790]: 
----------
Node: 
	ID: (20,20)
	Cost: 
		G: 20.000000
		H:63.600315
		F:83.600311
----------[0m
[32m[DEBUG] [1620758923.929904186]: 
H_COST: (19,-- Neighbour node is valid (63.8201[0m
[32m[DEBUG] [1620758923.929934768]: 
----------
Node: 
	ID: (20,20)
	Cost: 
		G: 20.000000
		H:63.600315
		F:83.600311
----------[0m
[32m[DEBUG] [1620758923.929959305]: 
H_COST: (20,---- Neighbour node is valid (64.2028[0m
[32m[DEBUG] [1620758923.929992227]: 
----------
Node: 
	ID: (20,20)
	Cost: 
		G: 20.000000
		H:63.600315
		F:83.600311
----------[0m
[32m[DEBUG] [1620758923.930016743]: 
H_COST: (20,-- Neighbour node is valid (63.0079[0m
[32m[DEBUG] [1620758923.930046881]: 
----------
Node: 
	ID: (20,20)
	Cost: 
		G: 20.000000
		H:63.600315
		F:83.600311
----------[0m
[32m[DEBUG] [1620758923.930071236]: 
H_COST: (21,---- Neighbour node is valid (63.4114[0m
[32m[DEBUG] [1620758923.930101397]: 
----------
Node: 
	ID: (20,20)
	Cost: 
		G: 20.000000
		H:63.600315
		F:83.600311
----------[0m
[32m[DEBUG] [1620758923.930125653]: 
H_COST: (21,--- Neighbour node is valid (62.8013[0m
[32m[DEBUG] [1620758923.930155719]: 
----------
Node: 
	ID: (20,20)
	Cost: 
		G: 20.000000
		H:63.600315
		F:83.600311
----------[0m
[32m[DEBUG] [1620758923.930180120]: 
H_COST: (21,-- Neighbour node is valid (62.2013[0m
[32m[DEBUG] [1620758923.933880938]: 
----------
Node: 
	ID: (21,21)
	Cost: 
		G: 21.000000
		H:62.201286
		F:83.201286
----------[0m
[32m[DEBUG] [1620758923.933951700]: 
H_COST: (20,-- Neighbour node is valid (63.0079[0m
[32m[DEBUG] [1620758923.933985820]: 
----------
Node: 
	ID: (21,21)
	Cost: 
		G: 21.000000
		H:62.201286
		F:83.201286
----------[0m
[32m[DEBUG] [1620758923.934011974]: 
H_COST: (20,- Neighbour node is valid (62.426[0m
[32m[DEBUG] [1620758923.934044070]: 
----------
Node: 
	ID: (21,21)
	Cost: 
		G: 21.000000
		H:62.201286
		F:83.201286
----------[0m
[32m[DEBUG] [1620758923.934069775]: 
H_COST: (21,--- Neighbour node is valid (62.8013[0m
[32m[DEBUG] [1620758923.934104754]: 
----------
Node: 
	ID: (21,21)
	Cost: 
		G: 21.000000
		H:62.201286
		F:83.201286
----------[0m
[32m[DEBUG] [1620758923.934130947]: 
H_COST: (21,- Neighbour node is valid (61.6117[0m
[32m[DEBUG] [1620758923.934162565]: 
----------
Node: 
	ID: (21,21)
	Cost: 
		G: 21.000000
		H:62.201286
		F:83.201286
----------[0m
[32m[DEBUG] [1620758923.934187964]: 
H_COST: (22,--- Neighbour node is valid (62.0081[0m
[32m[DEBUG] [1620758923.934219568]: 
----------
Node: 
	ID: (21,21)
	Cost: 
		G: 21.000000
		H:62.201286
		F:83.201286
----------[0m
[32m[DEBUG] [1620758923.934244768]: 
H_COST: (22,-- Neighbour node is valid (61.4003[0m
[32m[DEBUG] [1620758923.934275961]: 
----------
Node: 
	ID: (21,21)
	Cost: 
		G: 21.000000
		H:62.201286
		F:83.201286
----------[0m
[32m[DEBUG] [1620758923.934301191]: 
H_COST: (22,- Neighbour node is valid (60.803[0m
[32m[DEBUG] [1620758923.934340649]: 
----------
Node: 
	ID: (22,22)
	Cost: 
		G: 22.000000
		H:60.802959
		F:82.802963
----------[0m
[32m[DEBUG] [1620758923.934366423]: 
H_COST: (21,- Neighbour node is valid (61.6117[0m
[32m[DEBUG] [1620758923.934397784]: 
----------
Node: 
	ID: (22,22)
	Cost: 
		G: 22.000000
		H:60.802959
		F:82.802963
----------[0m
[32m[DEBUG] [1620758923.934423195]: 
H_COST: (21, Neighbour node is valid (61.0328[0m
[32m[DEBUG] [1620758923.934454405]: 
----------
Node: 
	ID: (22,22)
	Cost: 
		G: 22.000000
		H:60.802959
		F:82.802963
----------[0m
[32m[DEBUG] [1620758923.934479672]: 
H_COST: (22,-- Neighbour node is valid (61.4003[0m
[32m[DEBUG] [1620758923.934513989]: 
----------
Node: 
	ID: (22,22)
	Cost: 
		G: 22.000000
		H:60.802959
		F:82.802963
----------[0m
[32m[DEBUG] [1620758923.934539298]: 
H_COST: (22, Neighbour node is valid (60.2163[0m
[32m[DEBUG] [1620758923.934571456]: 
----------
Node: 
	ID: (22,22)
	Cost: 
		G: 22.000000
		H:60.802959
		F:82.802963
----------[0m
[32m[DEBUG] [1620758923.934596709]: 
H_COST: (23,-- Neighbour node is valid (60.6053[0m
[32m[DEBUG] [1620758923.934628160]: 
----------
Node: 
	ID: (22,22)
	Cost: 
		G: 22.000000
		H:60.802959
		F:82.802963
----------[0m
[32m[DEBUG] [1620758923.934653243]: 
H_COST: (23,- Neighbour node is valid (60[0m
[32m[DEBUG] [1620758923.934684736]: 
----------
Node: 
	ID: (22,22)
	Cost: 
		G: 22.000000
		H:60.802959
		F:82.802963
----------[0m
[32m[DEBUG] [1620758923.934709953]: 
H_COST: (23, Neighbour node is valid (59.4054[0m
[32m[DEBUG] [1620758923.934749025]: 
----------
Node: 
	ID: (23,23)
	Cost: 
		G: 23.000000
		H:59.405388
		F:82.405388
----------[0m
[32m[DEBUG] [1620758923.934774682]: 
H_COST: (22, Neighbour node is valid (60.2163[0m
[32m[DEBUG] [1620758923.938967797]: 
----------
Node: 
	ID: (23,23)
	Cost: 
		G: 23.000000
		H:59.405388
		F:82.405388
----------[0m
[32m[DEBUG] [1620758923.939024514]: 
H_COST: (22,Neighbour node is valid (59.6406[0m
[32m[DEBUG] [1620758923.939061912]: 
----------
Node: 
	ID: (23,23)
	Cost: 
		G: 23.000000
		H:59.405388
		F:82.405388
----------[0m
[32m[DEBUG] [1620758923.939089274]: 
H_COST: (23,- Neighbour node is valid (60[0m
[32m[DEBUG] [1620758923.939125467]: 
----------
Node: 
	ID: (23,23)
	Cost: 
		G: 23.000000
		H:59.405388
		F:82.405388
----------[0m
[32m[DEBUG] [1620758923.939151811]: 
H_COST: (23,Neighbour node is valid (58.8218[0m
[32m[DEBUG] [1620758923.939184207]: 
----------
Node: 
	ID: (23,23)
	Cost: 
		G: 23.000000
		H:59.405388
		F:82.405388
----------[0m
[32m[DEBUG] [1620758923.939237677]: 
H_COST: (24,- Neighbour node is valid (59.203[0m
[32m[DEBUG] [1620758923.939271278]: 
----------
Node: 
	ID: (23,23)
	Cost: 
		G: 23.000000
		H:59.405388
		F:82.405388
----------[0m
[32m[DEBUG] [1620758923.939296970]: 
H_COST: (24, Neighbour node is valid (58.6003[0m
[32m[DEBUG] [1620758923.939328646]: 
----------
Node: 
	ID: (23,23)
	Cost: 
		G: 23.000000
		H:59.405388
		F:82.405388
----------[0m
[32m[DEBUG] [1620758923.939353734]: 
H_COST: (24,Neighbour node is valid (58.0086[0m
[32m[DEBUG] [1620758923.939395963]: 
----------
Node: 
	ID: (24,24)
	Cost: 
		G: 24.000000
		H:58.008621
		F:82.008621
----------[0m
[32m[DEBUG] [1620758923.939422294]: 
H_COST: (23,Neighbour node is valid (58.8218[0m
[32m[DEBUG] [1620758923.939453787]: 
----------
Node: 
	ID: (24,24)
	Cost: 
		G: 24.000000
		H:58.008621
		F:82.008621
----------[0m
[32m[DEBUG] [1620758923.939490184]: 
H_COST: (23,eighbour node is valid (58.2495[0m
[32m[DEBUG] [1620758923.939531945]: 
----------
Node: 
	ID: (24,24)
	Cost: 
		G: 24.000000
		H:58.008621
		F:82.008621
----------[0m
[32m[DEBUG] [1620758923.939557348]: 
H_COST: (24, Neighbour node is valid (58.6003[0m
[32m[DEBUG] [1620758923.939591564]: 
----------
Node: 
	ID: (24,24)
	Cost: 
		G: 24.000000
		H:58.008621
		F:82.008621
----------[0m
[32m[DEBUG] [1620758923.939616879]: 
H_COST: (24,eighbour node is valid (57.4282[0m
[32m[DEBUG] [1620758923.939648384]: 
----------
Node: 
	ID: (24,24)
	Cost: 
		G: 24.000000
		H:58.008621
		F:82.008621
----------[0m
[32m[DEBUG] [1620758923.939673533]: 
H_COST: (25, Neighbour node is valid (57.8014[0m
[32m[DEBUG] [1620758923.939745403]: 
----------
Node: 
	ID: (24,24)
	Cost: 
		G: 24.000000
		H:58.008621
		F:82.008621
----------[0m
[32m[DEBUG] [1620758923.939780412]: 
H_COST: (25,Neighbour node is valid (57.2014[0m
[32m[DEBUG] [1620758923.939815283]: 
----------
Node: 
	ID: (24,24)
	Cost: 
		G: 24.000000
		H:58.008621
		F:82.008621
----------[0m
[32m[DEBUG] [1620758923.939841661]: 
H_COST: (25,eighbour node is valid (56.6127[0m
[32m[DEBUG] [1620758923.939882116]: 
----------
Node: 
	ID: (25,25)
	Cost: 
		G: 25.000000
		H:56.612720
		F:81.612717
----------[0m
[32m[DEBUG] [1620758923.939908293]: 
H_COST: (24,eighbour node is valid (57.4282[0m
[32m[DEBUG] [1620758923.939939878]: 
----------
Node: 
	ID: (25,25)
	Cost: 
		G: 25.000000
		H:56.612720
		F:81.612717
----------[0m
[32m[DEBUG] [1620758923.939965303]: 
H_COST: (24,ighbour node is valid (56.8595[0m
[32m[DEBUG] [1620758923.939996587]: 
----------
Node: 
	ID: (25,25)
	Cost: 
		G: 25.000000
		H:56.612720
		F:81.612717
----------[0m
[32m[DEBUG] [1620758923.940021960]: 
H_COST: (25,Neighbour node is valid (57.2014[0m
[32m[DEBUG] [1620758923.940056417]: 
----------
Node: 
	ID: (25,25)
	Cost: 
		G: 25.000000
		H:56.612720
		F:81.612717
----------[0m
[32m[DEBUG] [1620758923.940081736]: 
H_COST: (25,ighbour node is valid (56.0357[0m
[32m[DEBUG] [1620758923.940119089]: 
----------
Node: 
	ID: (25,25)
	Cost: 
		G: 25.000000
		H:56.612720
		F:81.612717
----------[0m
[32m[DEBUG] [1620758923.940144547]: 
H_COST: (26,Neighbour node is valid (56.4004[0m
[32m[DEBUG] [1620758923.940176104]: 
----------
Node: 
	ID: (25,25)
	Cost: 
		G: 25.000000
		H:56.612720
		F:81.612717
----------[0m
[32m[DEBUG] [1620758923.940201293]: 
H_COST: (26,eighbour node is valid (55.8032[0m
[32m[DEBUG] [1620758923.940232500]: 
----------
Node: 
	ID: (25,25)
	Cost: 
		G: 25.000000
		H:56.612720
		F:81.612717
----------[0m
[32m[DEBUG] [1620758923.940257701]: 
H_COST: (26,ighbour node is valid (55.2178[0m
[32m[DEBUG] [1620758923.940297327]: 
----------
Node: 
	ID: (26,26)
	Cost: 
		G: 26.000000
		H:55.217751
		F:81.217751
----------[0m
[32m[DEBUG] [1620758923.940323309]: 
H_COST: (25,ighbour node is valid (56.0357[0m
[32m[DEBUG] [1620758923.940354794]: 
----------
Node: 
	ID: (26,26)
	Cost: 
		G: 26.000000
		H:55.217751
		F:81.217751
----------[0m
[32m[DEBUG] [1620758923.940380374]: 
H_COST: (25,ghbour node is valid (55.4707[0m
[32m[DEBUG] [1620758923.940424950]: 
----------
Node: 
	ID: (26,26)
	Cost: 
		G: 26.000000
		H:55.217751
		F:81.217751
----------[0m
[32m[DEBUG] [1620758923.940451345]: 
H_COST: (26,eighbour node is valid (55.8032[0m
[32m[DEBUG] [1620758923.940486138]: 
----------
Node: 
	ID: (26,26)
	Cost: 
		G: 26.000000
		H:55.217751
		F:81.217751
----------[0m
[32m[DEBUG] [1620758923.940511415]: 
H_COST: (26,ghbour node is valid (54.6443[0m
[32m[DEBUG] [1620758923.940542831]: 
----------
Node: 
	ID: (26,26)
	Cost: 
		G: 26.000000
		H:55.217751
		F:81.217751
----------[0m
[32m[DEBUG] [1620758923.940568319]: 
H_COST: (27,eighbour node is valid (55[0m
[32m[DEBUG] [1620758923.940600190]: 
----------
Node: 
	ID: (26,26)
	Cost: 
		G: 26.000000
		H:55.217751
		F:81.217751
----------[0m
[32m[DEBUG] [1620758923.940625451]: 
H_COST: (27,ighbour node is valid (54.4059[0m
[32m[DEBUG] [1620758923.940668498]: 
----------
Node: 
	ID: (26,26)
	Cost: 
		G: 26.000000
		H:55.217751
		F:81.217751
----------[0m
[32m[DEBUG] [1620758923.940703300]: 
H_COST: (27,ghbour node is valid (53.8238[0m
[32m[DEBUG] [1620758923.940742748]: 
----------
Node: 
	ID: (27,27)
	Cost: 
		G: 27.000000
		H:53.823788
		F:80.823792
----------[0m
[32m[DEBUG] [1620758923.940768492]: 
H_COST: (26,ghbour node is valid (54.6443[0m
[32m[DEBUG] [1620758923.940799692]: 
----------
Node: 
	ID: (27,27)
	Cost: 
		G: 27.000000
		H:53.823788
		F:80.823792
----------[0m
[32m[DEBUG] [1620758923.940824836]: 
H_COST: (26,hbour node is valid (54.0833[0m
[32m[DEBUG] [1620758923.940856249]: 
----------
Node: 
	ID: (27,27)
	Cost: 
		G: 27.000000
		H:53.823788
		F:80.823792
----------[0m
[32m[DEBUG] [1620758923.940881475]: 
H_COST: (27,ighbour node is valid (54.4059[0m
[32m[DEBUG] [1620758923.940915838]: 
----------
Node: 
	ID: (27,27)
	Cost: 
		G: 27.000000
		H:53.823788
		F:80.823792
----------[0m
[32m[DEBUG] [1620758923.955809968]: 
H_COST: (27,hbour node is valid (53.2541[0m
[32m[DEBUG] [1620758923.955882798]: 
----------
Node: 
	ID: (27,27)
	Cost: 
		G: 27.000000
		H:53.823788
		F:80.823792
----------[0m
[32m[DEBUG] [1620758923.955914461]: 
H_COST: (28,ighbour node is valid (53.6004[0m
[32m[DEBUG] [1620758923.955949482]: 
----------
Node: 
	ID: (27,27)
	Cost: 
		G: 27.000000
		H:53.823788
		F:80.823792
----------[0m
[32m[DEBUG] [1620758923.955976767]: 
H_COST: (28,ghbour node is valid (53.0094[0m
[32m[DEBUG] [1620758923.956009096]: 
----------
Node: 
	ID: (27,27)
	Cost: 
		G: 27.000000
		H:53.823788
		F:80.823792
----------[0m
[32m[DEBUG] [1620758923.956034963]: 
H_COST: (28,hbour node is valid (52.4309[0m
[32m[DEBUG] [1620758923.956078015]: 
----------
Node: 
	ID: (28,28)
	Cost: 
		G: 28.000000
		H:52.430908
		F:80.430908
----------[0m
[32m[DEBUG] [1620758923.956104537]: 
H_COST: (27,hbour node is valid (53.2541[0m
[32m[DEBUG] [1620758923.956136028]: 
----------
Node: 
	ID: (28,28)
	Cost: 
		G: 28.000000
		H:52.430908
		F:80.430908
----------[0m
[32m[DEBUG] [1620758923.956162205]: 
H_COST: (27,bour node is valid (52.6973[0m
[32m[DEBUG] [1620758923.956193661]: 
----------
Node: 
	ID: (28,28)
	Cost: 
		G: 28.000000
		H:52.430908
		F:80.430908
----------[0m
[32m[DEBUG] [1620758923.956218963]: 
H_COST: (28,ghbour node is valid (53.0094[0m
[32m[DEBUG] [1620758923.956253381]: 
----------
Node: 
	ID: (28,28)
	Cost: 
		G: 28.000000
		H:52.430908
		F:80.430908
----------[0m
[32m[DEBUG] [1620758923.956278785]: 
H_COST: (28,bour node is valid (51.8652[0m
[32m[DEBUG] [1620758923.956309951]: 
----------
Node: 
	ID: (28,28)
	Cost: 
		G: 28.000000
		H:52.430908
		F:80.430908
----------[0m
[32m[DEBUG] [1620758923.956335321]: 
H_COST: (29,ghbour node is valid (52.2015[0m
[32m[DEBUG] [1620758923.956366681]: 
----------
Node: 
	ID: (28,28)
	Cost: 
		G: 28.000000
		H:52.430908
		F:80.430908
----------[0m
[32m[DEBUG] [1620758923.956392120]: 
H_COST: (29,hbour node is valid (51.614[0m
[32m[DEBUG] [1620758923.956422987]: 
----------
Node: 
	ID: (28,28)
	Cost: 
		G: 28.000000
		H:52.430908
		F:80.430908
----------[0m
[32m[DEBUG] [1620758923.956469018]: 
H_COST: (29,bour node is valid (51.0392[0m
[32m[DEBUG] [1620758923.956512372]: 
----------
Node: 
	ID: (29,29)
	Cost: 
		G: 29.000000
		H:51.039200
		F:80.039200
----------[0m
[32m[DEBUG] [1620758923.956538626]: 
H_COST: (28,bour node is valid (51.8652[0m
[32m[DEBUG] [1620758923.956569928]: 
----------
Node: 
	ID: (29,29)
	Cost: 
		G: 29.000000
		H:51.039200
		F:80.039200
----------[0m
[32m[DEBUG] [1620758923.956595418]: 
H_COST: (28,our node is valid (51.3128[0m
[32m[DEBUG] [1620758923.956627171]: 
----------
Node: 
	ID: (29,29)
	Cost: 
		G: 29.000000
		H:51.039200
		F:80.039200
----------[0m
[32m[DEBUG] [1620758923.956652631]: 
H_COST: (29,hbour node is valid (51.614[0m
[32m[DEBUG] [1620758923.956686763]: 
----------
Node: 
	ID: (29,29)
	Cost: 
		G: 29.000000
		H:51.039200
		F:80.039200
----------[0m
[32m[DEBUG] [1620758923.956711774]: 
H_COST: (29,our node is valid (50.4777[0m
[32m[DEBUG] [1620758923.956743136]: 
----------
Node: 
	ID: (29,29)
	Cost: 
		G: 29.000000
		H:51.039200
		F:80.039200
----------[0m
[32m[DEBUG] [1620758923.956768075]: 
H_COST: (30,hbour node is valid (50.8035[0m
[32m[DEBUG] [1620758923.956859596]: 
----------
Node: 
	ID: (29,29)
	Cost: 
		G: 29.000000
		H:51.039200
		F:80.039200
----------[0m
[32m[DEBUG] [1620758923.956893901]: 
H_COST: (30,bour node is valid (50.2195[0m
[32m[DEBUG] [1620758923.956926744]: 
----------
Node: 
	ID: (29,29)
	Cost: 
		G: 29.000000
		H:51.039200
		F:80.039200
----------[0m
[32m[DEBUG] [1620758923.956952087]: 
H_COST: (30,our node is valid (49.6488[0m
[32m[DEBUG] [1620758923.956993751]: 
----------
Node: 
	ID: (30,30)
	Cost: 
		G: 30.000000
		H:49.648766
		F:79.648766
----------[0m
[32m[DEBUG] [1620758923.957020157]: 
H_COST: (29,our node is valid (50.4777[0m
[32m[DEBUG] [1620758923.957051878]: 
----------
Node: 
	ID: (30,30)
	Cost: 
		G: 30.000000
		H:49.648766
		F:79.648766
----------[0m
[32m[DEBUG] [1620758923.957076978]: 
H_COST: (29,ur node is valid (49.93[0m
[32m[DEBUG] [1620758923.957108670]: 
----------
Node: 
	ID: (30,30)
	Cost: 
		G: 30.000000
		H:49.648766
		F:79.648766
----------[0m
[32m[DEBUG] [1620758923.957133817]: 
H_COST: (30,bour node is valid (50.2195[0m
[32m[DEBUG] [1620758923.957168188]: 
----------
Node: 
	ID: (30,30)
	Cost: 
		G: 30.000000
		H:49.648766
		F:79.648766
----------[0m
[32m[DEBUG] [1620758923.957194028]: 
H_COST: (30,ur node is valid (49.0918[0m
[32m[DEBUG] [1620758923.957225817]: 
----------
Node: 
	ID: (30,30)
	Cost: 
		G: 30.000000
		H:49.648766
		F:79.648766
----------[0m
[32m[DEBUG] [1620758923.957251150]: 
H_COST: (31,bour node is valid (49.4065[0m
[32m[DEBUG] [1620758923.957282662]: 
----------
Node: 
	ID: (30,30)
	Cost: 
		G: 30.000000
		H:49.648766
		F:79.648766
----------[0m
[32m[DEBUG] [1620758923.957307784]: 
H_COST: (31,our node is valid (48.8262[0m
[32m[DEBUG] [1620758923.962865238]: 
----------
Node: 
	ID: (30,30)
	Cost: 
		G: 30.000000
		H:49.648766
		F:79.648766
----------[0m
[32m[DEBUG] [1620758923.962982863]: 
H_COST: (31,ur node is valid (48.2597[0m
[32m[DEBUG] [1620758923.963043147]: 
----------
Node: 
	ID: (31,31)
	Cost: 
		G: 31.000000
		H:48.259712
		F:79.259712
----------[0m
[32m[DEBUG] [1620758923.963075867]: 
H_COST: (30,ur node is valid (49.0918[0m
[32m[DEBUG] [1620758923.963112641]: 
----------
Node: 
	ID: (31,31)
	Cost: 
		G: 31.000000
		H:48.259712
		F:79.259712
----------[0m
[32m[DEBUG] [1620758923.963141273]: 
H_COST: (30,r node is valid (48.5489[0m
[32m[DEBUG] [1620758923.963176805]: 
----------
Node: 
	ID: (31,31)
	Cost: 
		G: 31.000000
		H:48.259712
		F:79.259712
----------[0m
[32m[DEBUG] [1620758923.963205009]: 
H_COST: (31,our node is valid (48.8262[0m
[32m[DEBUG] [1620758923.963242819]: 
----------
Node: 
	ID: (31,31)
	Cost: 
		G: 31.000000
		H:48.259712
		F:79.259712
----------[0m
[32m[DEBUG] [1620758923.963270664]: 
H_COST: (31,r node is valid (47.7074[0m
[32m[DEBUG] [1620758923.963304870]: 
----------
Node: 
	ID: (31,31)
	Cost: 
		G: 31.000000
		H:48.259712
		F:79.259712
----------[0m
[32m[DEBUG] [1620758923.963358312]: 
H_COST: (32,our node is valid (48.0104[0m
[32m[DEBUG] [1620758923.963394926]: 
----------
Node: 
	ID: (31,31)
	Cost: 
		G: 31.000000
		H:48.259712
		F:79.259712
----------[0m
[32m[DEBUG] [1620758923.963430407]: 
H_COST: (32,ur node is valid (47.4342[0m
[32m[DEBUG] [1620758923.963461499]: 
----------
Node: 
	ID: (31,31)
	Cost: 
		G: 31.000000
		H:48.259712
		F:79.259712
----------[0m
[32m[DEBUG] [1620758923.963487575]: 
H_COST: (32,r node is valid (46.8722[0m
[32m[DEBUG] [1620758923.963527938]: 
----------
Node: 
	ID: (32,32)
	Cost: 
		G: 32.000000
		H:46.872166
		F:78.872162
----------[0m
[32m[DEBUG] [1620758923.963553769]: 
H_COST: (31,r node is valid (47.7074[0m
[32m[DEBUG] [1620758923.963584905]: 
----------
Node: 
	ID: (32,32)
	Cost: 
		G: 32.000000
		H:46.872166
		F:78.872162
----------[0m
[32m[DEBUG] [1620758923.963609824]: 
H_COST: (31, node is valid (47.1699[0m
[32m[DEBUG] [1620758923.963640921]: 
----------
Node: 
	ID: (32,32)
	Cost: 
		G: 32.000000
		H:46.872166
		F:78.872162
----------[0m
[32m[DEBUG] [1620758923.963665728]: 
H_COST: (32,ur node is valid (47.4342[0m
[32m[DEBUG] [1620758923.963699909]: 
----------
Node: 
	ID: (32,32)
	Cost: 
		G: 32.000000
		H:46.872166
		F:78.872162
----------[0m
[32m[DEBUG] [1620758923.963724740]: 
H_COST: (32, node is valid (46.3249[0m
[32m[DEBUG] [1620758923.963755734]: 
----------
Node: 
	ID: (32,32)
	Cost: 
		G: 32.000000
		H:46.872166
		F:78.872162
----------[0m
[32m[DEBUG] [1620758923.973443193]: 
H_COST: (33,ur node is valid (46.6154[0m
[32m[DEBUG] [1620758923.973527426]: 
----------
Node: 
	ID: (32,32)
	Cost: 
		G: 32.000000
		H:46.872166
		F:78.872162
----------[0m
[32m[DEBUG] [1620758923.973563229]: 
H_COST: (33,r node is valid (46.0435[0m
[32m[DEBUG] [1620758923.973600252]: 
----------
Node: 
	ID: (32,32)
	Cost: 
		G: 32.000000
		H:46.872166
		F:78.872162
----------[0m
[32m[DEBUG] [1620758923.973628734]: 
H_COST: (33, node is valid (45.4863[0m
[32m[DEBUG] [1620758923.973674606]: 
----------
Node: 
	ID: (33,33)
	Cost: 
		G: 33.000000
		H:45.486263
		F:78.486267
----------[0m
[32m[DEBUG] [1620758923.973702462]: 
H_COST: (32, node is valid (46.3249[0m
[32m[DEBUG] [1620758923.973735654]: 
----------
Node: 
	ID: (33,33)
	Cost: 
		G: 33.000000
		H:45.486263
		F:78.486267
----------[0m
[32m[DEBUG] [1620758923.973761915]: 
H_COST: (32,node is valid (45.793[0m
[32m[DEBUG] [1620758923.973794734]: 
----------
Node: 
	ID: (33,33)
	Cost: 
		G: 33.000000
		H:45.486263
		F:78.486267
----------[0m
[32m[DEBUG] [1620758923.973820778]: 
H_COST: (33,r node is valid (46.0435[0m
[32m[DEBUG] [1620758923.973855664]: 
----------
Node: 
	ID: (33,33)
	Cost: 
		G: 33.000000
		H:45.486263
		F:78.486267
----------[0m
[32m[DEBUG] [1620758923.973881493]: 
H_COST: (33,node is valid (44.9444[0m
[32m[DEBUG] [1620758923.973913463]: 
----------
Node: 
	ID: (33,33)
	Cost: 
		G: 33.000000
		H:45.486263
		F:78.486267
----------[0m
[32m[DEBUG] [1620758923.973939368]: 
H_COST: (34,r node is valid (45.2217[0m
[32m[DEBUG] [1620758923.973972135]: 
----------
Node: 
	ID: (33,33)
	Cost: 
		G: 33.000000
		H:45.486263
		F:78.486267
----------[0m
[32m[DEBUG] [1620758923.973997796]: 
H_COST: (34, node is valid (44.6542[0m
[32m[DEBUG] [1620758923.974029545]: 
----------
Node: 
	ID: (33,33)
	Cost: 
		G: 33.000000
		H:45.486263
		F:78.486267
----------[0m
[32m[DEBUG] [1620758923.974055042]: 
H_COST: (34,node is valid (44.1022[0m
[32m[DEBUG] [1620758923.974095898]: 
----------
Node: 
	ID: (34,34)
	Cost: 
		G: 34.000000
		H:44.102154
		F:78.102158
----------[0m
[32m[DEBUG] [1620758923.974137221]: 
H_COST: (33,node is valid (44.9444[0m
[32m[DEBUG] [1620758923.974331395]: 
----------
Node: 
	ID: (34,34)
	Cost: 
		G: 34.000000
		H:44.102154
		F:78.102158
----------[0m
[32m[DEBUG] [1620758923.974373824]: 
H_COST: (33,ode is valid (44.4185[0m
[32m[DEBUG] [1620758923.974413135]: 
----------
Node: 
	ID: (34,34)
	Cost: 
		G: 34.000000
		H:44.102154
		F:78.102158
----------[0m
[32m[DEBUG] [1620758923.974464642]: 
H_COST: (34, node is valid (44.6542[0m
[32m[DEBUG] [1620758923.974505609]: 
----------
Node: 
	ID: (34,34)
	Cost: 
		G: 34.000000
		H:44.102154
		F:78.102158
----------[0m
[32m[DEBUG] [1620758923.974534370]: 
H_COST: (34,ode is valid (43.566[0m
[32m[DEBUG] [1620758923.974569530]: 
----------
Node: 
	ID: (34,34)
	Cost: 
		G: 34.000000
		H:44.102154
		F:78.102158
----------[0m
[32m[DEBUG] [1620758923.974597703]: 
H_COST: (35, node is valid (43.8292[0m
[32m[DEBUG] [1620758923.974632839]: 
----------
Node: 
	ID: (34,34)
	Cost: 
		G: 34.000000
		H:44.102154
		F:78.102158
----------[0m
[32m[DEBUG] [1620758923.974660638]: 
H_COST: (35,node is valid (43.2666[0m
[32m[DEBUG] [1620758923.974695367]: 
----------
Node: 
	ID: (34,34)
	Cost: 
		G: 34.000000
		H:44.102154
		F:78.102158
----------[0m
[32m[DEBUG] [1620758923.974722782]: 
H_COST: (35,ode is valid (42.72[0m
[32m[DEBUG] [1620758923.974769809]: 
----------
Node: 
	ID: (35,35)
	Cost: 
		G: 35.000000
		H:42.720020
		F:77.720016
----------[0m
[32m[DEBUG] [1620758923.974870303]: 
H_COST: (34,ode is valid (43.566[0m
[32m[DEBUG] [1620758923.974924087]: 
----------
Node: 
	ID: (35,35)
	Cost: 
		G: 35.000000
		H:42.720020
		F:77.720016
----------[0m
[32m[DEBUG] [1620758923.975013053]: 
H_COST: (34,de is valid (43.0465[0m
[32m[DEBUG] [1620758923.975066131]: 
----------
Node: 
	ID: (35,35)
	Cost: 
		G: 35.000000
		H:42.720020
		F:77.720016
----------[0m
[32m[DEBUG] [1620758923.975109752]: 
H_COST: (35,node is valid (43.2666[0m
[32m[DEBUG] [1620758923.975161751]: 
----------
Node: 
	ID: (35,35)
	Cost: 
		G: 35.000000
		H:42.720020
		F:77.720016
----------[0m
[32m[DEBUG] [1620758923.975196888]: 
H_COST: (35,de is valid (42.19[0m
[32m[DEBUG] [1620758923.975244833]: 
----------
Node: 
	ID: (35,35)
	Cost: 
		G: 35.000000
		H:42.720020
		F:77.720016
----------[0m
[32m[DEBUG] [1620758923.975280378]: 
H_COST: (36,node is valid (42.4382[0m
[32m[DEBUG] [1620758923.975324796]: 
----------
Node: 
	ID: (35,35)
	Cost: 
		G: 35.000000
		H:42.720020
		F:77.720016
----------[0m
[32m[DEBUG] [1620758923.975359052]: 
H_COST: (36,ode is valid (41.8808[0m
[32m[DEBUG] [1620758923.978642965]: 
----------
Node: 
	ID: (35,35)
	Cost: 
		G: 35.000000
		H:42.720020
		F:77.720016
----------[0m
[32m[DEBUG] [1620758923.978768031]: 
H_COST: (36,de is valid (41.3401[0m
[32m[DEBUG] [1620758923.978858858]: 
----------
Node: 
	ID: (36,36)
	Cost: 
		G: 36.000000
		H:41.340054
		F:77.340057
----------[0m
[32m[DEBUG] [1620758923.978902318]: 
H_COST: (35,de is valid (42.19[0m
[32m[DEBUG] [1620758923.978948572]: 
----------
Node: 
	ID: (36,36)
	Cost: 
		G: 36.000000
		H:41.340054
		F:77.340057
----------[0m
[32m[DEBUG] [1620758923.978986630]: 
H_COST: (35,e is valid (41.6773[0m
[32m[DEBUG] [1620758923.979034375]: 
----------
Node: 
	ID: (36,36)
	Cost: 
		G: 36.000000
		H:41.340054
		F:77.340057
----------[0m
[32m[DEBUG] [1620758923.979070392]: 
H_COST: (36,ode is valid (41.8808[0m
[32m[DEBUG] [1620758923.979115453]: 
----------
Node: 
	ID: (36,36)
	Cost: 
		G: 36.000000
		H:41.340054
		F:77.340057
----------[0m
[32m[DEBUG] [1620758923.979154454]: 
H_COST: (36,e is valid (40.8167[0m
[32m[DEBUG] [1620758923.979200949]: 
----------
Node: 
	ID: (36,36)
	Cost: 
		G: 36.000000
		H:41.340054
		F:77.340057
----------[0m
[32m[DEBUG] [1620758923.979236410]: 
H_COST: (37,ode is valid (41.0488[0m
[32m[DEBUG] [1620758923.979278046]: 
----------
Node: 
	ID: (36,36)
	Cost: 
		G: 36.000000
		H:41.340054
		F:77.340057
----------[0m
[32m[DEBUG] [1620758923.979314267]: 
H_COST: (37,de is valid (40.4969[0m
[32m[DEBUG] [1620758923.979351821]: 
----------
Node: 
	ID: (36,36)
	Cost: 
		G: 36.000000
		H:41.340054
		F:77.340057
----------[0m
[32m[DEBUG] [1620758923.979386634]: 
H_COST: (37,e is valid (39.9625[0m
[32m[DEBUG] [1620758923.979441659]: 
----------
Node: 
	ID: (37,37)
	Cost: 
		G: 37.000000
		H:39.962482
		F:76.962479
----------[0m
[32m[DEBUG] [1620758923.979477834]: 
H_COST: (36,e is valid (40.8167[0m
[32m[DEBUG] [1620758923.979519889]: 
----------
Node: 
	ID: (37,37)
	Cost: 
		G: 37.000000
		H:39.962482
		F:76.962479
----------[0m
[32m[DEBUG] [1620758923.979627339]: 
H_COST: (36, is valid (40.3113[0m
[32m[DEBUG] [1620758923.979671870]: 
----------
Node: 
	ID: (37,37)
	Cost: 
		G: 37.000000
		H:39.962482
		F:76.962479
----------[0m
[32m[DEBUG] [1620758923.979707200]: 
H_COST: (37,de is valid (40.4969[0m
[32m[DEBUG] [1620758923.979749808]: 
----------
Node: 
	ID: (37,37)
	Cost: 
		G: 37.000000
		H:39.962482
		F:76.962479
----------[0m
[32m[DEBUG] [1620758923.979786617]: 
H_COST: (37, is valid (39.4462[0m
[32m[DEBUG] [1620758923.979825929]: 
----------
Node: 
	ID: (37,37)
	Cost: 
		G: 37.000000
		H:39.962482
		F:76.962479
----------[0m
[32m[DEBUG] [1620758923.979862595]: 
H_COST: (38,de is valid (39.6611[0m
[32m[DEBUG] [1620758923.981454626]: 
----------
Node: 
	ID: (37,37)
	Cost: 
		G: 37.000000
		H:39.962482
		F:76.962479
----------[0m
[32m[DEBUG] [1620758923.981490403]: 
H_COST: (38,e is valid (39.1152[0m
[32m[DEBUG] [1620758923.984228211]: 
----------
Node: 
	ID: (37,37)
	Cost: 
		G: 37.000000
		H:39.962482
		F:76.962479
----------[0m
[32m[DEBUG] [1620758923.987719585]: 
H_COST: (38, is valid (38.5876[0m
[32m[DEBUG] [1620758923.987783320]: 
----------
Node: 
	ID: (38,38)
	Cost: 
		G: 38.000000
		H:38.587563
		F:76.587563
----------[0m
[32m[DEBUG] [1620758923.987820720]: 
H_COST: (37, is valid (39.4462[0m
[32m[DEBUG] [1620758923.987861504]: 
----------
Node: 
	ID: (38,38)
	Cost: 
		G: 38.000000
		H:38.587563
		F:76.587563
----------[0m
[32m[DEBUG] [1620758923.987893670]: 
H_COST: (37,is valid (38.9487[0m
[32m[DEBUG] [1620758923.987933582]: 
----------
Node: 
	ID: (38,38)
	Cost: 
		G: 38.000000
		H:38.587563
		F:76.587563
----------[0m
[32m[DEBUG] [1620758923.987964667]: 
H_COST: (38,e is valid (39.1152[0m
[32m[DEBUG] [1620758923.988015956]: 
----------
Node: 
	ID: (38,38)
	Cost: 
		G: 38.000000
		H:38.587563
		F:76.587563
----------[0m
[32m[DEBUG] [1620758923.988044761]: 
H_COST: (38,is valid (38.0789[0m
[32m[DEBUG] [1620758923.988091628]: 
----------
Node: 
	ID: (38,38)
	Cost: 
		G: 38.000000
		H:38.587563
		F:76.587563
----------[0m
[32m[DEBUG] [1620758923.988122403]: 
H_COST: (39,e is valid (38.2753[0m
[32m[DEBUG] [1620758923.988163308]: 
----------
Node: 
	ID: (38,38)
	Cost: 
		G: 38.000000
		H:38.587563
		F:76.587563
----------[0m
[32m[DEBUG] [1620758923.988194369]: 
H_COST: (39, is valid (37.7359[0m
[32m[DEBUG] [1620758923.988233323]: 
----------
Node: 
	ID: (38,38)
	Cost: 
		G: 38.000000
		H:38.587563
		F:76.587563
----------[0m
[32m[DEBUG] [1620758923.988263584]: 
H_COST: (39,is valid (37.2156[0m
[32m[DEBUG] [1620758923.988311097]: 
----------
Node: 
	ID: (39,39)
	Cost: 
		G: 39.000000
		H:37.215588
		F:76.215591
----------[0m
[32m[DEBUG] [1620758923.988342404]: 
H_COST: (38,is valid (38.0789[0m
[32m[DEBUG] [1620758923.988379889]: 
----------
Node: 
	ID: (39,39)
	Cost: 
		G: 39.000000
		H:37.215588
		F:76.215591
----------[0m
[32m[DEBUG] [1620758923.988410322]: 
H_COST: (38,s valid (37.5899[0m
[32m[DEBUG] [1620758923.988447434]: 
----------
Node: 
	ID: (39,39)
	Cost: 
		G: 39.000000
		H:37.215588
		F:76.215591
----------[0m
[32m[DEBUG] [1620758923.988477781]: 
H_COST: (39, is valid (37.7359[0m
[32m[DEBUG] [1620758923.988517372]: 
----------
Node: 
	ID: (39,39)
	Cost: 
		G: 39.000000
		H:37.215588
		F:76.215591
----------[0m
[32m[DEBUG] [1620758923.988547224]: 
H_COST: (39,s valid (36.7151[0m
[32m[DEBUG] [1620758923.988584381]: 
----------
Node: 
	ID: (39,39)
	Cost: 
		G: 39.000000
		H:37.215588
		F:76.215591
----------[0m
[32m[DEBUG] [1620758923.988614649]: 
H_COST: (40, is valid (36.8917[0m
[32m[DEBUG] [1620758923.988654270]: 
----------
Node: 
	ID: (39,39)
	Cost: 
		G: 39.000000
		H:37.215588
		F:76.215591
----------[0m
[32m[DEBUG] [1620758923.988684029]: 
H_COST: (40,is valid (36.3593[0m
[32m[DEBUG] [1620758923.995143793]: 
----------
Node: 
	ID: (39,39)
	Cost: 
		G: 39.000000
		H:37.215588
		F:76.215591
----------[0m
[32m[DEBUG] [1620758923.995182693]: 
H_COST: (40,s valid (35.8469[0m
[32m[DEBUG] [1620758923.995251692]: 
----------
Node: 
	ID: (40,40)
	Cost: 
		G: 40.000000
		H:35.846897
		F:75.846893
----------[0m
[32m[DEBUG] [1620758923.995330937]: 
H_COST: (39,s valid (36.7151[0m
[32m[DEBUG] [1620758923.995371182]: 
----------
Node: 
	ID: (40,40)
	Cost: 
		G: 40.000000
		H:35.846897
		F:75.846893
----------[0m
[32m[DEBUG] [1620758923.995398900]: 
H_COST: (39, valid (36.2353[0m
[32m[DEBUG] [1620758923.995432517]: 
----------
Node: 
	ID: (40,40)
	Cost: 
		G: 40.000000
		H:35.846897
		F:75.846893
----------[0m
[32m[DEBUG] [1620758923.995458842]: 
H_COST: (40,is valid (36.3593[0m
[32m[DEBUG] [1620758923.995494811]: 
----------
Node: 
	ID: (40,40)
	Cost: 
		G: 40.000000
		H:35.846897
		F:75.846893
----------[0m
[32m[DEBUG] [1620758923.995520875]: 
H_COST: (40, valid (35.3553[0m
[32m[DEBUG] [1620758923.995562724]: 
----------
Node: 
	ID: (40,40)
	Cost: 
		G: 40.000000
		H:35.846897
		F:75.846893
----------[0m
[32m[DEBUG] [1620758923.995588083]: 
H_COST: (41,is valid (35.5106[0m
[32m[DEBUG] [1620758923.995619720]: 
----------
Node: 
	ID: (40,40)
	Cost: 
		G: 40.000000
		H:35.846897
		F:75.846893
----------[0m
[32m[DEBUG] [1620758923.995651235]: 
H_COST: (41,s valid (34.9857[0m
[32m[DEBUG] [1620758923.995683494]: 
----------
Node: 
	ID: (40,40)
	Cost: 
		G: 40.000000
		H:35.846897
		F:75.846893
----------[0m
[32m[DEBUG] [1620758923.995708491]: 
H_COST: (41, valid (34.4819[0m
[32m[DEBUG] [1620758923.995749463]: 
----------
Node: 
	ID: (41,41)
	Cost: 
		G: 41.000000
		H:34.481880
		F:75.481880
----------[0m
[32m[DEBUG] [1620758923.995775602]: 
H_COST: (40, valid (35.3553[0m
[32m[DEBUG] [1620758923.995806781]: 
----------
Node: 
	ID: (41,41)
	Cost: 
		G: 41.000000
		H:34.481880
		F:75.481880
----------[0m
[32m[DEBUG] [1620758923.995831809]: 
H_COST: (40,valid (34.8855[0m
[32m[DEBUG] [1620758923.995862836]: 
----------
Node: 
	ID: (41,41)
	Cost: 
		G: 41.000000
		H:34.481880
		F:75.481880
----------[0m
[32m[DEBUG] [1620758923.995887721]: 
H_COST: (41,s valid (34.9857[0m
[32m[DEBUG] [1620758923.995921442]: 
----------
Node: 
	ID: (41,41)
	Cost: 
		G: 41.000000
		H:34.481880
		F:75.481880
----------[0m
[32m[DEBUG] [1620758923.996002235]: 
H_COST: (41,valid (34[0m
[32m[DEBUG] [1620758923.996038159]: 
----------
Node: 
	ID: (41,41)
	Cost: 
		G: 41.000000
		H:34.481880
		F:75.481880
----------[0m
[32m[DEBUG] [1620758923.996064548]: 
H_COST: (42,s valid (34.1321[0m
[32m[DEBUG] [1620758923.996096700]: 
----------
Node: 
	ID: (41,41)
	Cost: 
		G: 41.000000
		H:34.481880
		F:75.481880
----------[0m
[32m[DEBUG] [1620758923.996121905]: 
H_COST: (42, valid (33.6155[0m
[32m[DEBUG] [1620758923.996153168]: 
----------
Node: 
	ID: (41,41)
	Cost: 
		G: 41.000000
		H:34.481880
		F:75.481880
----------[0m
[32m[DEBUG] [1620758923.996178246]: 
H_COST: (42,valid (33.121[0m
[32m[DEBUG] [1620758923.996219259]: 
----------
Node: 
	ID: (42,42)
	Cost: 
		G: 42.000000
		H:33.120991
		F:75.120987
----------[0m
[32m[DEBUG] [1620758923.996245016]: 
H_COST: (41,valid (34[0m
[32m[DEBUG] [1620758923.996276292]: 
----------
Node: 
	ID: (42,42)
	Cost: 
		G: 42.000000
		H:33.120991
		F:75.120987
----------[0m
[32m[DEBUG] [1620758923.996301393]: 
H_COST: (41,alid (33.541[0m
[32m[DEBUG] [1620758923.996333063]: 
----------
Node: 
	ID: (42,42)
	Cost: 
		G: 42.000000
		H:33.120991
		F:75.120987
----------[0m
[32m[DEBUG] [1620758923.996358296]: 
H_COST: (42, valid (33.6155[0m
[32m[DEBUG] [1620758923.996392329]: 
----------
Node: 
	ID: (42,42)
	Cost: 
		G: 42.000000
		H:33.120991
		F:75.120987
----------[0m
[32m[DEBUG] [1620758923.996417373]: 
H_COST: (42,alid (32.6497[0m
[32m[DEBUG] [1620758923.996448375]: 
----------
Node: 
	ID: (42,42)
	Cost: 
		G: 42.000000
		H:33.120991
		F:75.120987
----------[0m
[32m[DEBUG] [1620758923.996516454]: 
H_COST: (43, valid (32.7567[0m
[32m[DEBUG] [1620758923.996553411]: 
----------
Node: 
	ID: (42,42)
	Cost: 
		G: 42.000000
		H:33.120991
		F:75.120987
----------[0m
[32m[DEBUG] [1620758923.998036508]: 
H_COST: (43,valid (32.249[0m
[32m[DEBUG] [1620758923.998110381]: 
----------
Node: 
	ID: (42,42)
	Cost: 
		G: 42.000000
		H:33.120991
		F:75.120987
----------[0m
[32m[DEBUG] [1620758923.998140974]: 
H_COST: (43,alid (31.7648[0m
[32m[DEBUG] [1620758923.998188689]: 
----------
Node: 
	ID: (43,43)
	Cost: 
		G: 43.000000
		H:31.764761
		F:74.764763
----------[0m
[32m[DEBUG] [1620758923.998263797]: 
H_COST: (42,alid (32.6497[0m
[32m[DEBUG] [1620758924.002538271]: 
----------
Node: 
	ID: (43,43)
	Cost: 
		G: 43.000000
		H:31.764761
		F:74.764763
----------[0m
[32m[DEBUG] [1620758924.002597449]: 
H_COST: (42,lid (32.2025[0m
[32m[DEBUG] [1620758924.002634720]: 
----------
Node: 
	ID: (43,43)
	Cost: 
		G: 43.000000
		H:31.764761
		F:74.764763
----------[0m
[32m[DEBUG] [1620758924.002662665]: 
H_COST: (43,valid (32.249[0m
[32m[DEBUG] [1620758924.002699031]: 
----------
Node: 
	ID: (43,43)
	Cost: 
		G: 43.000000
		H:31.764761
		F:74.764763
----------[0m
[32m[DEBUG] [1620758924.002725537]: 
H_COST: (43,lid (31.305[0m
[32m[DEBUG] [1620758924.002757965]: 
----------
Node: 
	ID: (43,43)
	Cost: 
		G: 43.000000
		H:31.764761
		F:74.764763
----------[0m
[32m[DEBUG] [1620758924.002783952]: 
H_COST: (44,valid (31.3847[0m
[32m[DEBUG] [1620758924.002816103]: 
----------
Node: 
	ID: (43,43)
	Cost: 
		G: 43.000000
		H:31.764761
		F:74.764763
----------[0m
[32m[DEBUG] [1620758924.002852875]: 
H_COST: (44,alid (30.8869[0m
[32m[DEBUG] [1620758924.002895208]: 
----------
Node: 
	ID: (43,43)
	Cost: 
		G: 43.000000
		H:31.764761
		F:74.764763
----------[0m
[32m[DEBUG] [1620758924.002921028]: 
H_COST: (44,lid (30.4138[0m
[32m[DEBUG] [1620758924.002965550]: 
----------
Node: 
	ID: (44,44)
	Cost: 
		G: 44.000000
		H:30.413813
		F:74.413811
----------[0m
[32m[DEBUG] [1620758924.002991965]: 
H_COST: (43,lid (31.305[0m
[32m[DEBUG] [1620758924.003023533]: 
----------
Node: 
	ID: (44,44)
	Cost: 
		G: 44.000000
		H:30.413813
		F:74.413811
----------[0m
[32m[DEBUG] [1620758924.003049361]: 
H_COST: (43,id (30.8707[0m
[32m[DEBUG] [1620758924.003080890]: 
----------
Node: 
	ID: (44,44)
	Cost: 
		G: 44.000000
		H:30.413813
		F:74.413811
----------[0m
[32m[DEBUG] [1620758924.003106454]: 
H_COST: (44,alid (30.8869[0m
[32m[DEBUG] [1620758924.003140703]: 
----------
Node: 
	ID: (44,44)
	Cost: 
		G: 44.000000
		H:30.413813
		F:74.413811
----------[0m
[32m[DEBUG] [1620758924.003166257]: 
H_COST: (44,id (29.9666[0m
[32m[DEBUG] [1620758924.003197655]: 
----------
Node: 
	ID: (44,44)
	Cost: 
		G: 44.000000
		H:30.413813
		F:74.413811
----------[0m
[32m[DEBUG] [1620758924.003223184]: 
H_COST: (45,alid (30.0167[0m
[32m[DEBUG] [1620758924.003254813]: 
----------
Node: 
	ID: (44,44)
	Cost: 
		G: 44.000000
		H:30.413813
		F:74.413811
----------[0m
[32m[DEBUG] [1620758924.003280201]: 
H_COST: (45,lid (29.5296[0m
[32m[DEBUG] [1620758924.003311428]: 
----------
Node: 
	ID: (44,44)
	Cost: 
		G: 44.000000
		H:30.413813
		F:74.413811
----------[0m
[32m[DEBUG] [1620758924.003337248]: 
H_COST: (45,id (29.0689[0m
[32m[DEBUG] [1620758924.003377730]: 
----------
Node: 
	ID: (45,45)
	Cost: 
		G: 45.000000
		H:29.068884
		F:74.068886
----------[0m
[32m[DEBUG] [1620758924.003403832]: 
H_COST: (44,id (29.9666[0m
[32m[DEBUG] [1620758924.003435030]: 
----------
Node: 
	ID: (45,45)
	Cost: 
		G: 45.000000
		H:29.068884
		F:74.068886
----------[0m
[32m[DEBUG] [1620758924.003460579]: 
H_COST: (44,d (29.5466[0m
[32m[DEBUG] [1620758924.003492160]: 
----------
Node: 
	ID: (45,45)
	Cost: 
		G: 45.000000
		H:29.068884
		F:74.068886
----------[0m
[32m[DEBUG] [1620758924.003517287]: 
H_COST: (45,lid (29.5296[0m
[32m[DEBUG] [1620758924.003551570]: 
----------
Node: 
	ID: (45,45)
	Cost: 
		G: 45.000000
		H:29.068884
		F:74.068886
----------[0m
[32m[DEBUG] [1620758924.003576779]: 
H_COST: (45,d (28.6356[0m
[32m[DEBUG] [1620758924.003607980]: 
----------
Node: 
	ID: (45,45)
	Cost: 
		G: 45.000000
		H:29.068884
		F:74.068886
----------[0m
[32m[DEBUG] [1620758924.005824853]: 
H_COST: (46,lid (28.6531[0m
[32m[DEBUG] [1620758924.005876588]: 
----------
Node: 
	ID: (45,45)
	Cost: 
		G: 45.000000
		H:29.068884
		F:74.068886
----------[0m
[32m[DEBUG] [1620758924.005936696]: 
H_COST: (46,id (28.178[0m
[32m[DEBUG] [1620758924.005976006]: 
----------
Node: 
	ID: (45,45)
	Cost: 
		G: 45.000000
		H:29.068884
		F:74.068886
----------[0m
[32m[DEBUG] [1620758924.006005390]: 
H_COST: (46,d (27.7308[0m
[32m[DEBUG] [1620758924.006054478]: 
----------
Node: 
	ID: (46,46)
	Cost: 
		G: 46.000000
		H:27.730848
		F:73.730850
----------[0m
[32m[DEBUG] [1620758924.006084350]: 
H_COST: (45,d (28.6356[0m
[32m[DEBUG] [1620758924.006119550]: 
----------
Node: 
	ID: (46,46)
	Cost: 
		G: 46.000000
		H:27.730848
		F:73.730850
----------[0m
[32m[DEBUG] [1620758924.006147492]: 
H_COST: (45, (28.2312[0m
[32m[DEBUG] [1620758924.006217544]: 
----------
Node: 
	ID: (46,46)
	Cost: 
		G: 46.000000
		H:27.730848
		F:73.730850
----------[0m
[32m[DEBUG] [1620758924.006254056]: 
H_COST: (46,id (28.178[0m
[32m[DEBUG] [1620758924.006294472]: 
----------
Node: 
	ID: (46,46)
	Cost: 
		G: 46.000000
		H:27.730848
		F:73.730850
----------[0m
[32m[DEBUG] [1620758924.009650716]: 
H_COST: (46, (27.313[0m
[32m[DEBUG] [1620758924.009786454]: 
----------
Node: 
	ID: (46,46)
	Cost: 
		G: 46.000000
		H:27.730848
		F:73.730850
----------[0m
[32m[DEBUG] [1620758924.009873945]: 
H_COST: (47,id (27.2947[0m
[32m[DEBUG] [1620758924.009969480]: 
----------
Node: 
	ID: (46,46)
	Cost: 
		G: 46.000000
		H:27.730848
		F:73.730850
----------[0m
[32m[DEBUG] [1620758924.010050249]: 
H_COST: (47,d (26.8328[0m
[32m[DEBUG] [1620758924.010094245]: 
----------
Node: 
	ID: (46,46)
	Cost: 
		G: 46.000000
		H:27.730848
		F:73.730850
----------[0m
[32m[DEBUG] [1620758924.010124300]: 
H_COST: (47, (26.4008[0m
[32m[DEBUG] [1620758924.010173612]: 
----------
Node: 
	ID: (47,47)
	Cost: 
		G: 47.000000
		H:26.400757
		F:73.400757
----------[0m
[32m[DEBUG] [1620758924.010203321]: 
H_COST: (46, (27.313[0m
[32m[DEBUG] [1620758924.010238761]: 
----------
Node: 
	ID: (47,47)
	Cost: 
		G: 47.000000
		H:26.400757
		F:73.400757
----------[0m
[32m[DEBUG] [1620758924.010267205]: 
H_COST: (46,(26.9258[0m
[32m[DEBUG] [1620758924.010302038]: 
----------
Node: 
	ID: (47,47)
	Cost: 
		G: 47.000000
		H:26.400757
		F:73.400757
----------[0m
[32m[DEBUG] [1620758924.010330186]: 
H_COST: (47,d (26.8328[0m
[32m[DEBUG] [1620758924.010368028]: 
----------
Node: 
	ID: (47,47)
	Cost: 
		G: 47.000000
		H:26.400757
		F:73.400757
----------[0m
[32m[DEBUG] [1620758924.013431757]: 
H_COST: (47,(26[0m
[32m[DEBUG] [1620758924.013485536]: 
----------
Node: 
	ID: (47,47)
	Cost: 
		G: 47.000000
		H:26.400757
		F:73.400757
----------[0m
[32m[DEBUG] [1620758924.013517700]: 
H_COST: (48,d (25.9422[0m
[32m[DEBUG] [1620758924.013555063]: 
----------
Node: 
	ID: (47,47)
	Cost: 
		G: 47.000000
		H:26.400757
		F:73.400757
----------[0m
[32m[DEBUG] [1620758924.013583661]: 
H_COST: (48, (25.4951[0m
[32m[DEBUG] [1620758924.013618892]: 
----------
Node: 
	ID: (47,47)
	Cost: 
		G: 47.000000
		H:26.400757
		F:73.400757
----------[0m
[32m[DEBUG] [1620758924.013647010]: 
H_COST: (48,(25.0799[0m
[32m[DEBUG] [1620758924.017449855]: 
----------
Node: 
	ID: (48,48)
	Cost: 
		G: 48.000000
		H:25.079872
		F:73.079872
----------[0m
[32m[DEBUG] [1620758924.017499349]: 
H_COST: (47,(26[0m
[32m[DEBUG] [1620758924.017539459]: 
----------
Node: 
	ID: (48,48)
	Cost: 
		G: 48.000000
		H:25.079872
		F:73.079872
----------[0m
[32m[DEBUG] [1620758924.017569928]: 
H_COST: (47,25.632[0m
[32m[DEBUG] [1620758924.017606142]: 
----------
Node: 
	ID: (48,48)
	Cost: 
		G: 48.000000
		H:25.079872
		F:73.079872
----------[0m
[32m[DEBUG] [1620758924.017634728]: 
H_COST: (48, (25.4951[0m
[32m[DEBUG] [1620758924.017673030]: 
----------
Node: 
	ID: (48,48)
	Cost: 
		G: 48.000000
		H:25.079872
		F:73.079872
----------[0m
[32m[DEBUG] [1620758924.019610910]: 
H_COST: (48,24.6982[0m
[32m[DEBUG] [1620758924.019678899]: 
----------
Node: 
	ID: (48,48)
	Cost: 
		G: 48.000000
		H:25.079872
		F:73.079872
----------[0m
[32m[DEBUG] [1620758924.019712061]: 
H_COST: (49, (24.5967[0m
[32m[DEBUG] [1620758924.019772031]: 
----------
Node: 
	ID: (48,48)
	Cost: 
		G: 48.000000
		H:25.079872
		F:73.079872
----------[0m
[32m[DEBUG] [1620758924.019802342]: 
H_COST: (49,(24.1661[0m
[32m[DEBUG] [1620758924.019839043]: 
----------
Node: 
	ID: (48,48)
	Cost: 
		G: 48.000000
		H:25.079872
		F:73.079872
----------[0m
[32m[DEBUG] [1620758924.019868168]: 
H_COST: (49,23.7697[0m
[32m[DEBUG] [1620758924.019920314]: 
----------
Node: 
	ID: (49,49)
	Cost: 
		G: 49.000000
		H:23.769728
		F:72.769730
----------[0m
[32m[DEBUG] [1620758924.019950856]: 
H_COST: (48,24.6982[0m
[32m[DEBUG] [1620758924.019988473]: 
----------
Node: 
	ID: (49,49)
	Cost: 
		G: 49.000000
		H:23.769728
		F:72.769730
----------[0m
[32m[DEBUG] [1620758924.020019364]: 
H_COST: (48,):24.3516[0m
[32m[DEBUG] [1620758924.020056886]: 
----------
Node: 
	ID: (49,49)
	Cost: 
		G: 49.000000
		H:23.769728
		F:72.769730
----------[0m
[32m[DEBUG] [1620758924.020086469]: 
H_COST: (49,(24.1661[0m
[32m[DEBUG] [1620758924.020128983]: 
----------
Node: 
	ID: (49,49)
	Cost: 
		G: 49.000000
		H:23.769728
		F:72.769730
----------[0m
[32m[DEBUG] [1620758924.020161959]: 
H_COST: (49,):23.4094[0m
[32m[DEBUG] [1620758924.020200626]: 
----------
Node: 
	ID: (49,49)
	Cost: 
		G: 49.000000
		H:23.769728
		F:72.769730
----------[0m
[32m[DEBUG] [1620758924.020231256]: 
H_COST: (50,(23.2594[0m
[32m[DEBUG] [1620758924.020268783]: 
----------
Node: 
	ID: (49,49)
	Cost: 
		G: 49.000000
		H:23.769728
		F:72.769730
----------[0m
[32m[DEBUG] [1620758924.020299676]: 
H_COST: (50,22.8473[0m
[32m[DEBUG] [1620758924.020337367]: 
----------
Node: 
	ID: (49,49)
	Cost: 
		G: 49.000000
		H:23.769728
		F:72.769730
----------[0m
[32m[DEBUG] [1620758924.020369155]: 
H_COST: (50,):22.4722[0m
[32m[DEBUG] [1620758924.020418606]: 
----------
Node: 
	ID: (50,50)
	Cost: 
		G: 50.000000
		H:22.472204
		F:72.472206
----------[0m
[32m[DEBUG] [1620758924.020451122]: 
H_COST: (49,):23.4094[0m
[32m[DEBUG] [1620758924.020490327]: 
----------
Node: 
	ID: (50,50)
	Cost: 
		G: 50.000000
		H:22.472204
		F:72.472206
----------[0m
[32m[DEBUG] [1620758924.020527313]: 
H_COST: (49,:23.0868[0m
[32m[DEBUG] [1620758924.020564996]: 
----------
Node: 
	ID: (50,50)
	Cost: 
		G: 50.000000
		H:22.472204
		F:72.472206
----------[0m
[32m[DEBUG] [1620758924.020596689]: 
H_COST: (50,22.8473[0m
[32m[DEBUG] [1620758924.020638395]: 
----------
Node: 
	ID: (50,50)
	Cost: 
		G: 50.000000
		H:22.472204
		F:72.472206
----------[0m
[32m[DEBUG] [1620758924.020669985]: 
H_COST: (50,:22.1359[0m
[32m[DEBUG] [1620758924.020708828]: 
----------
Node: 
	ID: (50,50)
	Cost: 
		G: 50.000000
		H:22.472204
		F:72.472206
----------[0m
[32m[DEBUG] [1620758924.020739015]: 
H_COST: (51,21.9317[0m
[32m[DEBUG] [1620758924.020778106]: 
----------
Node: 
	ID: (50,50)
	Cost: 
		G: 50.000000
		H:22.472204
		F:72.472206
----------[0m
[32m[DEBUG] [1620758924.020809303]: 
H_COST: (51,):21.5407[0m
[32m[DEBUG] [1620758924.020847770]: 
----------
Node: 
	ID: (50,50)
	Cost: 
		G: 50.000000
		H:22.472204
		F:72.472206
----------[0m
[32m[DEBUG] [1620758924.020878617]: 
H_COST: (51,:21.1896[0m
[32m[DEBUG] [1620758924.020927695]: 
----------
Node: 
	ID: (51,51)
	Cost: 
		G: 51.000000
		H:21.189621
		F:72.189621
----------[0m
[32m[DEBUG] [1620758924.020960744]: 
H_COST: (50,:22.1359[0m
[32m[DEBUG] [1620758924.020999068]: 
----------
Node: 
	ID: (51,51)
	Cost: 
		G: 51.000000
		H:21.189621
		F:72.189621
----------[0m
[32m[DEBUG] [1620758924.021029378]: 
H_COST: (50,21.8403[0m
[32m[DEBUG] [1620758924.021068733]: 
----------
Node: 
	ID: (51,51)
	Cost: 
		G: 51.000000
		H:21.189621
		F:72.189621
----------[0m
[32m[DEBUG] [1620758924.021098792]: 
H_COST: (51,):21.5407[0m
[32m[DEBUG] [1620758924.021137491]: 
----------
Node: 
	ID: (51,51)
	Cost: 
		G: 51.000000
		H:21.189621
		F:72.189621
----------[0m
[32m[DEBUG] [1620758924.031369592]: 
H_COST: (51,20.8806[0m
[32m[DEBUG] [1620758924.031437694]: 
----------
Node: 
	ID: (51,51)
	Cost: 
		G: 51.000000
		H:21.189621
		F:72.189621
----------[0m
[32m[DEBUG] [1620758924.031501297]: 
H_COST: (52,):20.6155[0m
[32m[DEBUG] [1620758924.031541012]: 
----------
Node: 
	ID: (51,51)
	Cost: 
		G: 51.000000
		H:21.189621
		F:72.189621
----------[0m
[32m[DEBUG] [1620758924.031570639]: 
H_COST: (52,:20.2485[0m
[32m[DEBUG] [1620758924.031606592]: 
----------
Node: 
	ID: (51,51)
	Cost: 
		G: 51.000000
		H:21.189621
		F:72.189621
----------[0m
[32m[DEBUG] [1620758924.031636165]: 
H_COST: (52,19.9249[0m
[32m[DEBUG] [1620758924.031688924]: 
----------
Node: 
	ID: (52,52)
	Cost: 
		G: 52.000000
		H:19.924858
		F:71.924858
----------[0m
[32m[DEBUG] [1620758924.031718273]: 
H_COST: (51,20.8806[0m
[32m[DEBUG] [1620758924.031753384]: 
----------
Node: 
	ID: (52,52)
	Cost: 
		G: 52.000000
		H:19.924858
		F:71.924858
----------[0m
[32m[DEBUG] [1620758924.031781475]: 
H_COST: (51, vs 20.6155[0m
[32m[DEBUG] [1620758924.031816896]: 
----------
Node: 
	ID: (52,52)
	Cost: 
		G: 52.000000
		H:19.924858
		F:71.924858
----------[0m
[32m[DEBUG] [1620758924.031845555]: 
H_COST: (52,:20.2485[0m
[32m[DEBUG] [1620758924.031883947]: 
----------
Node: 
	ID: (52,52)
	Cost: 
		G: 52.000000
		H:19.924858
		F:71.924858
----------[0m
[32m[DEBUG] [1620758924.031912111]: 
H_COST: (52, vs 19.6469[0m
[32m[DEBUG] [1620758924.031947294]: 
----------
Node: 
	ID: (52,52)
	Cost: 
		G: 52.000000
		H:19.924858
		F:71.924858
----------[0m
[32m[DEBUG] [1620758924.031975838]: 
H_COST: (53,:19.3132[0m
[32m[DEBUG] [1620758924.032011795]: 
----------
Node: 
	ID: (52,52)
	Cost: 
		G: 52.000000
		H:19.924858
		F:71.924858
----------[0m
[32m[DEBUG] [1620758924.032040260]: 
H_COST: (53,18.9737[0m
[32m[DEBUG] [1620758924.032074689]: 
----------
Node: 
	ID: (52,52)
	Cost: 
		G: 52.000000
		H:19.924858
		F:71.924858
----------[0m
[32m[DEBUG] [1620758924.032102908]: 
H_COST: (53, vs 18.6815[0m
[32m[DEBUG] [1620758924.032149372]: 
----------
Node: 
	ID: (53,53)
	Cost: 
		G: 53.000000
		H:18.681541
		F:71.681541
----------[0m
[32m[DEBUG] [1620758924.032178938]: 
H_COST: (52, vs 19.6469[0m
[32m[DEBUG] [1620758924.032214216]: 
----------
Node: 
	ID: (53,53)
	Cost: 
		G: 53.000000
		H:18.681541
		F:71.681541
----------[0m
[32m[DEBUG] [1620758924.032242706]: 
H_COST: (52,vs 19.4165[0m
[32m[DEBUG] [1620758924.032277610]: 
----------
Node: 
	ID: (53,53)
	Cost: 
		G: 53.000000
		H:18.681541
		F:71.681541
----------[0m
[32m[DEBUG] [1620758924.032305869]: 
H_COST: (53,18.9737[0m
[32m[DEBUG] [1620758924.032343757]: 
----------
Node: 
	ID: (53,53)
	Cost: 
		G: 53.000000
		H:18.681541
		F:71.681541
----------[0m
[32m[DEBUG] [1620758924.032371978]: 
H_COST: (53,vs 18.4391[0m
[32m[DEBUG] [1620758924.032406817]: 
----------
Node: 
	ID: (53,53)
	Cost: 
		G: 53.000000
		H:18.681541
		F:71.681541
----------[0m
[32m[DEBUG] [1620758924.032435223]: 
H_COST: (54,18.0278[0m
[32m[DEBUG] [1620758924.032469988]: 
----------
Node: 
	ID: (53,53)
	Cost: 
		G: 53.000000
		H:18.681541
		F:71.681541
----------[0m
[32m[DEBUG] [1620758924.039236015]: 
H_COST: (54, vs 17.72[0m
[32m[DEBUG] [1620758924.039291320]: 
----------
Node: 
	ID: (53,53)
	Cost: 
		G: 53.000000
		H:18.681541
		F:71.681541
----------[0m
[32m[DEBUG] [1620758924.039324085]: 
H_COST: (54,vs 17.4642[0m
[32m[DEBUG] [1620758924.039375758]: 
----------
Node: 
	ID: (54,54)
	Cost: 
		G: 54.000000
		H:17.464249
		F:71.464249
----------[0m
[32m[DEBUG] [1620758924.039405873]: 
H_COST: (53,vs 18.4391[0m
[32m[DEBUG] [1620758924.039441794]: 
----------
Node: 
	ID: (54,54)
	Cost: 
		G: 54.000000
		H:17.464249
		F:71.464249
----------[0m
[32m[DEBUG] [1620758924.039470010]: 
H_COST: (53,s 18.2483[0m
[32m[DEBUG] [1620758924.039505691]: 
----------
Node: 
	ID: (54,54)
	Cost: 
		G: 54.000000
		H:17.464249
		F:71.464249
----------[0m
[32m[DEBUG] [1620758924.039533894]: 
H_COST: (54, vs 17.72[0m
[32m[DEBUG] [1620758924.039572166]: 
----------
Node: 
	ID: (54,54)
	Cost: 
		G: 54.000000
		H:17.464249
		F:71.464249
----------[0m
[32m[DEBUG] [1620758924.039600085]: 
H_COST: (54,s 17.2627[0m
[32m[DEBUG] [1620758924.039635044]: 
----------
Node: 
	ID: (54,54)
	Cost: 
		G: 54.000000
		H:17.464249
		F:71.464249
----------[0m
[32m[DEBUG] [1620758924.039687634]: 
H_COST: (55, vs 16.7631[0m
[32m[DEBUG] [1620758924.039725396]: 
----------
Node: 
	ID: (54,54)
	Cost: 
		G: 54.000000
		H:17.464249
		F:71.464249
----------[0m
[32m[DEBUG] [1620758924.039754236]: 
H_COST: (55,vs 16.4924[0m
[32m[DEBUG] [1620758924.039789296]: 
----------
Node: 
	ID: (54,54)
	Cost: 
		G: 54.000000
		H:17.464249
		F:71.464249
----------[0m
[32m[DEBUG] [1620758924.039817228]: 
H_COST: (55,s 16.2788[0m
[32m[DEBUG] [1620758924.039862450]: 
----------
Node: 
	ID: (55,55)
	Cost: 
		G: 55.000000
		H:16.278820
		F:71.278824
----------[0m
[32m[DEBUG] [1620758924.039891091]: 
H_COST: (54,s 17.2627[0m
[32m[DEBUG] [1620758924.039925889]: 
----------
Node: 
	ID: (55,55)
	Cost: 
		G: 55.000000
		H:16.278820
		F:71.278824
----------[0m
[32m[DEBUG] [1620758924.039953833]: 
H_COST: (54, 17.1172[0m
[32m[DEBUG] [1620758924.039988579]: 
----------
Node: 
	ID: (55,55)
	Cost: 
		G: 55.000000
		H:16.278820
		F:71.278824
----------[0m
[32m[DEBUG] [1620758924.040016276]: 
H_COST: (55,vs 16.4924[0m
[32m[DEBUG] [1620758924.040054704]: 
----------
Node: 
	ID: (55,55)
	Cost: 
		G: 55.000000
		H:16.278820
		F:71.278824
----------[0m
[32m[DEBUG] [1620758924.040082350]: 
H_COST: (55, 16.1245[0m
[32m[DEBUG] [1620758924.040116923]: 
----------
Node: 
	ID: (55,55)
	Cost: 
		G: 55.000000
		H:16.278820
		F:71.278824
----------[0m
[32m[DEBUG] [1620758924.040144290]: 
H_COST: (56,vs 15.5242[0m
[32m[DEBUG] [1620758924.040179189]: 
----------
Node: 
	ID: (55,55)
	Cost: 
		G: 55.000000
		H:16.278820
		F:71.278824
----------[0m
[32m[DEBUG] [1620758924.040206752]: 
H_COST: (56,s 15.2971[0m
[32m[DEBUG] [1620758924.040241095]: 
----------
Node: 
	ID: (55,55)
	Cost: 
		G: 55.000000
		H:16.278820
		F:71.278824
----------[0m
[32m[DEBUG] [1620758924.040268310]: 
H_COST: (56, 15.1327[0m
[32m[DEBUG] [1620758924.040312855]: 
----------
Node: 
	ID: (56,56)
	Cost: 
		G: 56.000000
		H:15.132746
		F:71.132744
----------[0m
[32m[DEBUG] [1620758924.040341314]: 
H_COST: (55, 16.1245[0m
[32m[DEBUG] [1620758924.040375805]: 
----------
Node: 
	ID: (56,56)
	Cost: 
		G: 56.000000
		H:15.132746
		F:71.132744
----------[0m
[32m[DEBUG] [1620758924.040403348]: 
H_COST: (55,16.0312[0m
[32m[DEBUG] [1620758924.040437803]: 
----------
Node: 
	ID: (56,56)
	Cost: 
		G: 56.000000
		H:15.132746
		F:71.132744
----------[0m
[32m[DEBUG] [1620758924.040464998]: 
H_COST: (56,s 15.2971[0m
[32m[DEBUG] [1620758924.040502589]: 
----------
Node: 
	ID: (56,56)
	Cost: 
		G: 56.000000
		H:15.132746
		F:71.132744
----------[0m
[32m[DEBUG] [1620758924.040530053]: 
H_COST: (56,15.0333[0m
[32m[DEBUG] [1620758924.040564413]: 
----------
Node: 
	ID: (56,56)
	Cost: 
		G: 56.000000
		H:15.132746
		F:71.132744
----------[0m
[32m[DEBUG] [1620758924.040591917]: 
H_COST: (57,s 14.3178[0m
[32m[DEBUG] [1620758924.040626433]: 
----------
Node: 
	ID: (56,56)
	Cost: 
		G: 56.000000
		H:15.132746
		F:71.132744
----------[0m
[32m[DEBUG] [1620758924.040653812]: 
H_COST: (57, 14.1421[0m
[32m[DEBUG] [1620758924.040688272]: 
----------
Node: 
	ID: (56,56)
	Cost: 
		G: 56.000000
		H:15.132746
		F:71.132744
----------[0m
[32m[DEBUG] [1620758924.040715672]: 
H_COST: (57,14.0357[0m
[32m[DEBUG] [1620758924.040759631]: 
----------
Node: 
	ID: (57,57)
	Cost: 
		G: 57.000000
		H:14.035668
		F:71.035667
----------[0m
[32m[DEBUG] [1620758924.040788043]: 
H_COST: (56,15.0333[0m
[32m[DEBUG] [1620758924.040822418]: 
----------
Node: 
	ID: (57,57)
	Cost: 
		G: 57.000000
		H:14.035668
		F:71.035667
----------[0m
[32m[DEBUG] [1620758924.040850325]: 
H_COST: (56,---- Adding node 15[0m
[32m[DEBUG] [1620758924.040885607]: 
----------
Node: 
	ID: (57,57)
	Cost: 
		G: 57.000000
		H:14.035668
		F:71.035667
----------[0m
[32m[DEBUG] [1620758924.040913207]: 
H_COST: (57, 14.1421[0m
[32m[DEBUG] [1620758924.040950612]: 
----------
Node: 
	ID: (57,57)
	Cost: 
		G: 57.000000
		H:14.035668
		F:71.035667
----------[0m
[32m[DEBUG] [1620758924.040989402]: 
H_COST: (57,---- Adding node 14[0m
[32m[DEBUG] [1620758924.041026140]: 
----------
Node: 
	ID: (57,57)
	Cost: 
		G: 57.000000
		H:14.035668
		F:71.035667
----------[0m
[32m[DEBUG] [1620758924.041054427]: 
H_COST: (58, 13.1529[0m
[32m[DEBUG] [1620758924.041090090]: 
----------
Node: 
	ID: (57,57)
	Cost: 
		G: 57.000000
		H:14.035668
		F:71.035667
----------[0m
[32m[DEBUG] [1620758924.041117805]: 
H_COST: (58,13.0384[0m
[32m[DEBUG] [1620758924.041152023]: 
----------
Node: 
	ID: (57,57)
	Cost: 
		G: 57.000000
		H:14.035668
		F:71.035667
----------[0m
[32m[DEBUG] [1620758924.041179267]: 
H_COST: (58,---- Adding node 13[0m
[32m[DEBUG] [1620758924.041223731]: 
----------
Node: 
	ID: (58,58)
	Cost: 
		G: 58.000000
		H:13.000000
		F:71.000000
----------[0m
[32m[DEBUG] [1620758924.041252295]: 
H_COST: (57,---- Adding node 14[0m
[32m[DEBUG] [1620758924.041286396]: 
----------
Node: 
	ID: (58,58)
	Cost: 
		G: 58.000000
		H:13.000000
		F:71.000000
----------[0m
[32m[DEBUG] [1620758924.041313833]: 
H_COST: (57,--- Adding node 14.0357[0m
[32m[DEBUG] [1620758924.041347808]: 
----------
Node: 
	ID: (58,58)
	Cost: 
		G: 58.000000
		H:13.000000
		F:71.000000
----------[0m
[32m[DEBUG] [1620758924.041375362]: 
H_COST: (58,13.0384[0m
[32m[DEBUG] [1620758924.041412418]: 
----------
Node: 
	ID: (58,58)
	Cost: 
		G: 58.000000
		H:13.000000
		F:71.000000
----------[0m
[32m[DEBUG] [1620758924.041439989]: 
H_COST: (58,--- Adding node 13.0384[0m
[32m[DEBUG] [1620758924.041474238]: 
----------
Node: 
	ID: (58,58)
	Cost: 
		G: 58.000000
		H:13.000000
		F:71.000000
----------[0m
[32m[DEBUG] [1620758924.041501866]: 
H_COST: (59,12.0416[0m
[32m[DEBUG] [1620758924.041535949]: 
----------
Node: 
	ID: (58,58)
	Cost: 
		G: 58.000000
		H:13.000000
		F:71.000000
----------[0m
[32m[DEBUG] [1620758924.041563425]: 
H_COST: (59,---- Adding node 12[0m
[32m[DEBUG] [1620758924.041597571]: 
----------
Node: 
	ID: (58,58)
	Cost: 
		G: 58.000000
		H:13.000000
		F:71.000000
----------[0m
[32m[DEBUG] [1620758924.041625133]: 
H_COST: (59,--- Adding node 12.0416[0m
[32m[DEBUG] [1620758924.041677049]: 
----------
Node: 
	ID: (59,58)
	Cost: 
		G: 59.000000
		H:12.000000
		F:71.000000
----------[0m
[32m[DEBUG] [1620758924.041713832]: 
H_COST: (58,13.0384[0m
[32m[DEBUG] [1620758924.041752299]: 
----------
Node: 
	ID: (59,58)
	Cost: 
		G: 59.000000
		H:12.000000
		F:71.000000
----------[0m
[32m[DEBUG] [1620758924.041780260]: 
H_COST: (58,--- Adding node 13.0384[0m
[32m[DEBUG] [1620758924.041814754]: 
----------
Node: 
	ID: (59,58)
	Cost: 
		G: 59.000000
		H:12.000000
		F:71.000000
----------[0m
[32m[DEBUG] [1620758924.041842608]: 
H_COST: (59,12.0416[0m
[32m[DEBUG] [1620758924.045458240]: 
----------
Node: 
	ID: (59,58)
	Cost: 
		G: 59.000000
		H:12.000000
		F:71.000000
----------[0m
[32m[DEBUG] [1620758924.045499226]: 
H_COST: (59,--- Adding node 12.0416[0m
[32m[DEBUG] [1620758924.045538066]: 
----------
Node: 
	ID: (59,58)
	Cost: 
		G: 59.000000
		H:12.000000
		F:71.000000
----------[0m
[32m[DEBUG] [1620758924.045567694]: 
H_COST: (60,11.0454[0m
[32m[DEBUG] [1620758924.045604094]: 
----------
Node: 
	ID: (59,58)
	Cost: 
		G: 59.000000
		H:12.000000
		F:71.000000
----------[0m
[32m[DEBUG] [1620758924.045632609]: 
H_COST: (60,---- Adding node 11[0m
[32m[DEBUG] [1620758924.045668299]: 
----------
Node: 
	ID: (59,58)
	Cost: 
		G: 59.000000
		H:12.000000
		F:71.000000
----------[0m
[32m[DEBUG] [1620758924.045696984]: 
H_COST: (60,--- Adding node 11.0454[0m
[32m[DEBUG] [1620758924.045743451]: 
----------
Node: 
	ID: (60,58)
	Cost: 
		G: 60.000000
		H:11.000000
		F:71.000000
----------[0m
[32m[DEBUG] [1620758924.045773078]: 
H_COST: (59,12.0416[0m
[32m[DEBUG] [1620758924.045811047]: 
----------
Node: 
	ID: (60,58)
	Cost: 
		G: 60.000000
		H:11.000000
		F:71.000000
----------[0m
[32m[DEBUG] [1620758924.045838915]: 
H_COST: (59,--- Adding node 12.0416[0m
[32m[DEBUG] [1620758924.045873455]: 
----------
Node: 
	ID: (60,58)
	Cost: 
		G: 60.000000
		H:11.000000
		F:71.000000
----------[0m
[32m[DEBUG] [1620758924.045935298]: 
H_COST: (60,11.0454[0m
[32m[DEBUG] [1620758924.045980620]: 
----------
Node: 
	ID: (60,58)
	Cost: 
		G: 60.000000
		H:11.000000
		F:71.000000
----------[0m
[32m[DEBUG] [1620758924.046012353]: 
H_COST: (60,--- Adding node 11.0454[0m
[32m[DEBUG] [1620758924.046051124]: 
----------
Node: 
	ID: (60,58)
	Cost: 
		G: 60.000000
		H:11.000000
		F:71.000000
----------[0m
[32m[DEBUG] [1620758924.046083357]: 
H_COST: (61,10.0499[0m
[32m[DEBUG] [1620758924.055643414]: 
----------
Node: 
	ID: (60,58)
	Cost: 
		G: 60.000000
		H:11.000000
		F:71.000000
----------[0m
[32m[DEBUG] [1620758924.055690093]: 
H_COST: (61,---- Adding node 10[0m
[32m[DEBUG] [1620758924.055729190]: 
----------
Node: 
	ID: (60,58)
	Cost: 
		G: 60.000000
		H:11.000000
		F:71.000000
----------[0m
[32m[DEBUG] [1620758924.055759959]: 
H_COST: (61,--- Adding node 10.0499[0m
[32m[DEBUG] [1620758924.055812861]: 
----------
Node: 
	ID: (61,58)
	Cost: 
		G: 61.000000
		H:10.000000
		F:71.000000
----------[0m
[32m[DEBUG] [1620758924.055843127]: 
H_COST: (60,11.0454[0m
[32m[DEBUG] [1620758924.055882351]: 
----------
Node: 
	ID: (61,58)
	Cost: 
		G: 61.000000
		H:10.000000
		F:71.000000
----------[0m
[32m[DEBUG] [1620758924.055910913]: 
H_COST: (60,--- Adding node 11.0454[0m
[32m[DEBUG] [1620758924.055945642]: 
----------
Node: 
	ID: (61,58)
	Cost: 
		G: 61.000000
		H:10.000000
		F:71.000000
----------[0m
[32m[DEBUG] [1620758924.055974000]: 
H_COST: (61,10.0499[0m
[32m[DEBUG] [1620758924.056011505]: 
----------
Node: 
	ID: (61,58)
	Cost: 
		G: 61.000000
		H:10.000000
		F:71.000000
----------[0m
[32m[DEBUG] [1620758924.056039714]: 
H_COST: (61,--- Adding node 10.0499[0m
[32m[DEBUG] [1620758924.056074015]: 
----------
Node: 
	ID: (61,58)
	Cost: 
		G: 61.000000
		H:10.000000
		F:71.000000
----------[0m
[32m[DEBUG] [1620758924.065443367]: 
H_COST: (62,9.05539[0m
[32m[DEBUG] [1620758924.065520031]: 
----------
Node: 
	ID: (61,58)
	Cost: 
		G: 61.000000
		H:10.000000
		F:71.000000
----------[0m
[32m[DEBUG] [1620758924.065554056]: 
H_COST: (62,---- Adding node 9[0m
[32m[DEBUG] [1620758924.065592121]: 
----------
Node: 
	ID: (61,58)
	Cost: 
		G: 61.000000
		H:10.000000
		F:71.000000
----------[0m
[32m[DEBUG] [1620758924.065621282]: 
H_COST: (62,--- Adding node 9.05539[0m
[32m[DEBUG] [1620758924.065671936]: 
----------
Node: 
	ID: (62,58)
	Cost: 
		G: 62.000000
		H:9.000000
		F:71.000000
----------[0m
[32m[DEBUG] [1620758924.065702016]: 
H_COST: (61,10.0499[0m
[32m[DEBUG] [1620758924.065740800]: 
----------
Node: 
	ID: (62,58)
	Cost: 
		G: 62.000000
		H:9.000000
		F:71.000000
----------[0m
[32m[DEBUG] [1620758924.065769107]: 
H_COST: (61,--- Adding node 10.0499[0m
[32m[DEBUG] [1620758924.065803404]: 
----------
Node: 
	ID: (62,58)
	Cost: 
		G: 62.000000
		H:9.000000
		F:71.000000
----------[0m
[32m[DEBUG] [1620758924.065831390]: 
H_COST: (62,9.05539[0m
[32m[DEBUG] [1620758924.065868912]: 
----------
Node: 
	ID: (62,58)
	Cost: 
		G: 62.000000
		H:9.000000
		F:71.000000
----------[0m
[32m[DEBUG] [1620758924.065896573]: 
H_COST: (62,--- Adding node 9.05539[0m
[32m[DEBUG] [1620758924.065931091]: 
----------
Node: 
	ID: (62,58)
	Cost: 
		G: 62.000000
		H:9.000000
		F:71.000000
----------[0m
[32m[DEBUG] [1620758924.065958709]: 
H_COST: (63,8.06226[0m
[32m[DEBUG] [1620758924.065993294]: 
----------
Node: 
	ID: (62,58)
	Cost: 
		G: 62.000000
		H:9.000000
		F:71.000000
----------[0m
[32m[DEBUG] [1620758924.066020931]: 
H_COST: (63,---- Adding node 8[0m
[32m[DEBUG] [1620758924.066055098]: 
----------
Node: 
	ID: (62,58)
	Cost: 
		G: 62.000000
		H:9.000000
		F:71.000000
----------[0m
[32m[DEBUG] [1620758924.066082515]: 
H_COST: (63,--- Adding node 8.06226[0m
[32m[DEBUG] [1620758924.066124419]: 
----------
Node: 
	ID: (63,58)
	Cost: 
		G: 63.000000
		H:8.000000
		F:71.000000
----------[0m
[32m[DEBUG] [1620758924.066153460]: 
H_COST: (62,9.05539[0m
[32m[DEBUG] [1620758924.066191203]: 
----------
Node: 
	ID: (63,58)
	Cost: 
		G: 63.000000
		H:8.000000
		F:71.000000
----------[0m
[32m[DEBUG] [1620758924.066259067]: 
H_COST: (62,--- Adding node 9.05539[0m
[32m[DEBUG] [1620758924.066292272]: 
----------
Node: 
	ID: (63,58)
	Cost: 
		G: 63.000000
		H:8.000000
		F:71.000000
----------[0m
[32m[DEBUG] [1620758924.066328759]: 
H_COST: (63,8.06226[0m
[32m[DEBUG] [1620758924.066373102]: 
----------
Node: 
	ID: (63,58)
	Cost: 
		G: 63.000000
		H:8.000000
		F:71.000000
----------[0m
[32m[DEBUG] [1620758924.066398212]: 
H_COST: (63,--- Adding node 8.06226[0m
[32m[DEBUG] [1620758924.066428904]: 
----------
Node: 
	ID: (63,58)
	Cost: 
		G: 63.000000
		H:8.000000
		F:71.000000
----------[0m
[32m[DEBUG] [1620758924.066453618]: 
H_COST: (64,7.07107[0m
[32m[DEBUG] [1620758924.066484427]: 
----------
Node: 
	ID: (63,58)
	Cost: 
		G: 63.000000
		H:8.000000
		F:71.000000
----------[0m
[32m[DEBUG] [1620758924.066509186]: 
H_COST: (64,---- Adding node 7[0m
[32m[DEBUG] [1620758924.067616053]: 
----------
Node: 
	ID: (63,58)
	Cost: 
		G: 63.000000
		H:8.000000
		F:71.000000
----------[0m
[32m[DEBUG] [1620758924.067653783]: 
H_COST: (64,--- Adding node 7.07107[0m
[32m[DEBUG] [1620758924.067703159]: 
----------
Node: 
	ID: (64,58)
	Cost: 
		G: 64.000000
		H:7.000000
		F:71.000000
----------[0m
[32m[DEBUG] [1620758924.067733644]: 
H_COST: (63,8.06226[0m
[32m[DEBUG] [1620758924.067772427]: 
----------
Node: 
	ID: (64,58)
	Cost: 
		G: 64.000000
		H:7.000000
		F:71.000000
----------[0m
[32m[DEBUG] [1620758924.067800790]: 
H_COST: (63,--- Adding node 8.06226[0m
[32m[DEBUG] [1620758924.067835199]: 
----------
Node: 
	ID: (64,58)
	Cost: 
		G: 64.000000
		H:7.000000
		F:71.000000
----------[0m
[32m[DEBUG] [1620758924.067862958]: 
H_COST: (64,7.07107[0m
[32m[DEBUG] [1620758924.067899915]: 
----------
Node: 
	ID: (64,58)
	Cost: 
		G: 64.000000
		H:7.000000
		F:71.000000
----------[0m
[32m[DEBUG] [1620758924.067927228]: 
H_COST: (64,--- Adding node 7.07107[0m
[32m[DEBUG] [1620758924.067961239]: 
----------
Node: 
	ID: (64,58)
	Cost: 
		G: 64.000000
		H:7.000000
		F:71.000000
----------[0m
[32m[DEBUG] [1620758924.068039097]: 
H_COST: (65,6.08276[0m
[32m[DEBUG] [1620758924.068078213]: 
----------
Node: 
	ID: (64,58)
	Cost: 
		G: 64.000000
		H:7.000000
		F:71.000000
----------[0m
[32m[DEBUG] [1620758924.068114278]: 
H_COST: (65,---- Adding node 6[0m
[32m[DEBUG] [1620758924.068145476]: 
----------
Node: 
	ID: (64,58)
	Cost: 
		G: 64.000000
		H:7.000000
		F:71.000000
----------[0m
[32m[DEBUG] [1620758924.068170533]: 
H_COST: (65,--- Adding node 6.08276[0m
[32m[DEBUG] [1620758924.068209234]: 
----------
Node: 
	ID: (65,58)
	Cost: 
		G: 65.000000
		H:6.000000
		F:71.000000
----------[0m
[32m[DEBUG] [1620758924.068235196]: 
H_COST: (64,7.07107[0m
[32m[DEBUG] [1620758924.068269079]: 
----------
Node: 
	ID: (65,58)
	Cost: 
		G: 65.000000
		H:6.000000
		F:71.000000
----------[0m
[32m[DEBUG] [1620758924.068293881]: 
H_COST: (64,--- Adding node 7.07107[0m
[32m[DEBUG] [1620758924.068324658]: 
----------
Node: 
	ID: (65,58)
	Cost: 
		G: 65.000000
		H:6.000000
		F:71.000000
----------[0m
[32m[DEBUG] [1620758924.068360485]: 
H_COST: (65,6.08276[0m
[32m[DEBUG] [1620758924.068397370]: 
----------
Node: 
	ID: (65,58)
	Cost: 
		G: 65.000000
		H:6.000000
		F:71.000000
----------[0m
[32m[DEBUG] [1620758924.068424534]: 
H_COST: (65,--- Adding node 6.08276[0m
[32m[DEBUG] [1620758924.068457927]: 
----------
Node: 
	ID: (65,58)
	Cost: 
		G: 65.000000
		H:6.000000
		F:71.000000
----------[0m
[32m[DEBUG] [1620758924.068484905]: 
H_COST: (66,5.09902[0m
[32m[DEBUG] [1620758924.068518496]: 
----------
Node: 
	ID: (65,58)
	Cost: 
		G: 65.000000
		H:6.000000
		F:71.000000
----------[0m
[32m[DEBUG] [1620758924.068545660]: 
H_COST: (66,---- Adding node 5[0m
[32m[DEBUG] [1620758924.068579261]: 
----------
Node: 
	ID: (65,58)
	Cost: 
		G: 65.000000
		H:6.000000
		F:71.000000
----------[0m
[32m[DEBUG] [1620758924.075531024]: 
H_COST: (66,--- Adding node 5.09902[0m
[32m[DEBUG] [1620758924.075597810]: 
----------
Node: 
	ID: (66,58)
	Cost: 
		G: 66.000000
		H:5.000000
		F:71.000000
----------[0m
[32m[DEBUG] [1620758924.075651373]: 
H_COST: (65,6.08276[0m
[32m[DEBUG] [1620758924.075693992]: 
----------
Node: 
	ID: (66,58)
	Cost: 
		G: 66.000000
		H:5.000000
		F:71.000000
----------[0m
[32m[DEBUG] [1620758924.075723241]: 
H_COST: (65,--- Adding node 6.08276[0m
[32m[DEBUG] [1620758924.075757811]: 
----------
Node: 
	ID: (66,58)
	Cost: 
		G: 66.000000
		H:5.000000
		F:71.000000
----------[0m
[32m[DEBUG] [1620758924.075790767]: 
H_COST: (66,5.09902[0m
[32m[DEBUG] [1620758924.075828503]: 
----------
Node: 
	ID: (66,58)
	Cost: 
		G: 66.000000
		H:5.000000
		F:71.000000
----------[0m
[32m[DEBUG] [1620758924.075856427]: 
H_COST: (66,--- Adding node 5.09902[0m
[32m[DEBUG] [1620758924.075890540]: 
----------
Node: 
	ID: (66,58)
	Cost: 
		G: 66.000000
		H:5.000000
		F:71.000000
----------[0m
[32m[DEBUG] [1620758924.075918162]: 
H_COST: (67,4.12311[0m
[32m[DEBUG] [1620758924.075951753]: 
----------
Node: 
	ID: (66,58)
	Cost: 
		G: 66.000000
		H:5.000000
		F:71.000000
----------[0m
[32m[DEBUG] [1620758924.075979337]: 
H_COST: (67,---- Adding node 4[0m
[32m[DEBUG] [1620758924.076013053]: 
----------
Node: 
	ID: (66,58)
	Cost: 
		G: 66.000000
		H:5.000000
		F:71.000000
----------[0m
[32m[DEBUG] [1620758924.076040198]: 
H_COST: (67,--- Adding node 4.12311[0m
[32m[DEBUG] [1620758924.076081658]: 
----------
Node: 
	ID: (67,58)
	Cost: 
		G: 67.000000
		H:4.000000
		F:71.000000
----------[0m
[32m[DEBUG] [1620758924.076110020]: 
H_COST: (66,5.09902[0m
[32m[DEBUG] [1620758924.076146941]: 
----------
Node: 
	ID: (67,58)
	Cost: 
		G: 67.000000
		H:4.000000
		F:71.000000
----------[0m
[32m[DEBUG] [1620758924.076174329]: 
H_COST: (66,--- Adding node 5.09902[0m
[32m[DEBUG] [1620758924.076207968]: 
----------
Node: 
	ID: (67,58)
	Cost: 
		G: 67.000000
		H:4.000000
		F:71.000000
----------[0m
[32m[DEBUG] [1620758924.076235328]: 
H_COST: (67,4.12311[0m
[32m[DEBUG] [1620758924.076271968]: 
----------
Node: 
	ID: (67,58)
	Cost: 
		G: 67.000000
		H:4.000000
		F:71.000000
----------[0m
[32m[DEBUG] [1620758924.076299031]: 
H_COST: (67,--- Adding node 4.12311[0m
[32m[DEBUG] [1620758924.076332370]: 
----------
Node: 
	ID: (67,58)
	Cost: 
		G: 67.000000
		H:4.000000
		F:71.000000
----------[0m
[32m[DEBUG] [1620758924.076359271]: 
H_COST: (68,3.16228[0m
[32m[DEBUG] [1620758924.076392608]: 
----------
Node: 
	ID: (67,58)
	Cost: 
		G: 67.000000
		H:4.000000
		F:71.000000
----------[0m
[32m[DEBUG] [1620758924.076419667]: 
H_COST: (68,---- Adding node 3[0m
[32m[DEBUG] [1620758924.076453122]: 
----------
Node: 
	ID: (67,58)
	Cost: 
		G: 67.000000
		H:4.000000
		F:71.000000
----------[0m
[32m[DEBUG] [1620758924.076480138]: 
H_COST: (68,--- Adding node 3.16228[0m
[32m[DEBUG] [1620758924.076520389]: 
----------
Node: 
	ID: (68,58)
	Cost: 
		G: 68.000000
		H:3.000000
		F:71.000000
----------[0m
[32m[DEBUG] [1620758924.076548323]: 
H_COST: (67,4.12311[0m
[32m[DEBUG] [1620758924.076585187]: 
----------
Node: 
	ID: (68,58)
	Cost: 
		G: 68.000000
		H:3.000000
		F:71.000000
----------[0m
[32m[DEBUG] [1620758924.076612301]: 
H_COST: (67,--- Adding node 4.12311[0m
[32m[DEBUG] [1620758924.076645641]: 
----------
Node: 
	ID: (68,58)
	Cost: 
		G: 68.000000
		H:3.000000
		F:71.000000
----------[0m
[32m[DEBUG] [1620758924.076672598]: 
H_COST: (68,3.16228[0m
[32m[DEBUG] [1620758924.076709011]: 
----------
Node: 
	ID: (68,58)
	Cost: 
		G: 68.000000
		H:3.000000
		F:71.000000
----------[0m
[32m[DEBUG] [1620758924.076736534]: 
H_COST: (68,--- Adding node 3.16228[0m
[32m[DEBUG] [1620758924.076769970]: 
----------
Node: 
	ID: (68,58)
	Cost: 
		G: 68.000000
		H:3.000000
		F:71.000000
----------[0m
[32m[DEBUG] [1620758924.076796972]: 
H_COST: (69,2.23607[0m
[32m[DEBUG] [1620758924.076830588]: 
----------
Node: 
	ID: (68,58)
	Cost: 
		G: 68.000000
		H:3.000000
		F:71.000000
----------[0m
[32m[DEBUG] [1620758924.076857570]: 
H_COST: (69,---- Adding node 2[0m
[32m[DEBUG] [1620758924.076891158]: 
----------
Node: 
	ID: (68,58)
	Cost: 
		G: 68.000000
		H:3.000000
		F:71.000000
---